11904: 23:52:07.856 - ---
11904: 23:52:07.856 - Service: "Photon Socket Server" starting
11904: 23:52:07.856 - Config File: C:\Users\94910\Desktop\Car\Server\Photon-OnPremise-Server-SDK_v4-0-29-11263\deploy\bin_Win64\PhotonServer.config
11904: 23:52:07.858 - Will produce at most: 10 crash dumps
11904: 23:52:07.859 - Service shutting down
11904: 23:52:07.860 - Service shut down complete
8276: 23:53:05.959 - ---
8276: 23:53:05.959 - Service: "Photon Socket Server" starting
8276: 23:53:05.959 - Config File: C:\Users\94910\Desktop\Car\Server\Photon-OnPremise-Server-SDK_v4-0-29-11263\deploy\bin_Win64\PhotonServer.config
8276: 23:53:05.961 - Will produce at most: 10 crash dumps
8276: 23:53:05.961 - Service shutting down
8276: 23:53:05.963 - Service shut down complete
21000: 23:53:50.464 - ---
21000: 23:53:50.464 - Service: "Photon Socket Server" starting
21000: 23:53:50.464 - Config File: C:\Users\94910\Desktop\Car\Server\Photon-OnPremise-Server-SDK_v4-0-29-11263\deploy\bin_Win64\PhotonServer.config
21000: 23:53:50.466 - Will produce at most: 10 crash dumps
21000: 23:53:50.466 - Service shutting down
21000: 23:53:50.469 - Service shut down complete
13076: 23:54:30.869 - ---
13076: 23:54:30.869 - Service: "Photon Socket Server" starting
13076: 23:54:30.870 - Config File: C:\Users\94910\Desktop\Car\Server\Photon-OnPremise-Server-SDK_v4-0-29-11263\deploy\bin_Win64\PhotonServer.config
13076: 23:54:30.872 - Will produce at most: 10 crash dumps
13076: 23:54:30.872 - Service shutting down
13076: 23:54:30.875 - Service shut down complete
23152: 23:55:33.770 - ---
23152: 23:55:33.771 - Service: "Photon Socket Server" starting
23152: 23:55:33.771 - Config File: C:\Users\94910\Desktop\Car\Server\Photon-OnPremise-Server-SDK_v4-0-29-11263\deploy\bin_Win64\PhotonServer.config
23152: 23:55:33.773 - Will produce at most: 10 crash dumps
23152: 23:55:33.773 - Service shutting down
23152: 23:55:33.774 - Service shut down complete
