21160: 15:01:43.683 - ---
21160: 15:01:43.683 - Service: "Photon Socket Server" starting
21160: 15:01:43.684 - Config File: C:\Users\94910\Desktop\Car\Server\Photon-OnPremise-Server-SDK_v4-0-29-11263\deploy\bin_Win64\PhotonServer.config
21160: 15:01:43.688 - Will produce at most: 10 crash dumps
21160: 15:01:43.688 - Service shutting down
21160: 15:01:43.689 - Service shut down complete
16864: 15:06:09.837 - ---
16864: 15:06:09.837 - Service: "Photon Socket Server" starting
16864: 15:06:09.837 - Config File: C:\Users\94910\Desktop\Car\Server\Photon-OnPremise-Server-SDK_v4-0-29-11263\deploy\bin_Win64\PhotonServer.config
16864: 15:06:09.840 - Will produce at most: 10 crash dumps
16864: 15:06:09.840 - Service shutting down
16864: 15:06:09.842 - Service shut down complete
22264: 19:09:58.353 - ---
22264: 19:09:58.353 - Service: "Photon Socket Server" starting
22264: 19:09:58.353 - Config File: C:\Users\94910\Desktop\Car\Server\Photon-OnPremise-Server-SDK_v4-0-29-11263\deploy\bin_Win64\PhotonServer.config
22264: 19:09:58.358 - Will produce at most: 10 crash dumps
22264: 19:09:58.358 - Service shutting down
22264: 19:09:58.360 - Service shut down complete
10392: 19:57:51.899 - ---
10392: 19:57:51.899 - Service: "Photon Socket Server" starting
10392: 19:57:51.899 - Config File: C:\Users\94910\Desktop\Car\Server\Photon-OnPremise-Server-SDK_v4-0-29-11263\deploy\bin_Win64\PhotonServer.config
10392: 19:57:51.901 - Will produce at most: 10 crash dumps
10392: 19:57:51.902 - Service shutting down
10392: 19:57:51.904 - Service shut down complete
