15184: 11:46:23.344 - ---
15184: 11:46:23.344 - Service: "Photon Socket Server" starting
15184: 11:46:23.344 - Config File: C:\Users\94910\Desktop\Car\Server\Photon-OnPremise-Server-SDK_v4-0-29-11263\deploy\bin_Win64\PhotonServer.config
15184: 11:46:23.348 - Will produce at most: 10 crash dumps
15184: 11:46:23.348 - Action: run as exe
15184: 11:46:23.350 - Server Starting...
15184: 11:46:23.351 -    Tick count: 6351328 (wraps in: 49.6368 days)
15184: 11:46:23.351 - Tick count 64: 6351328
15184: 11:46:23.351 - Photon Version: 4.0.28.2962
15184: 11:46:23.351 - PID: 12936
15184: 11:46:23.352 - Config File: C:\Users\94910\Desktop\Car\Server\Photon-OnPremise-Server-SDK_v4-0-29-11263\deploy\bin_Win64\PhotonServer.config
15184: 11:46:23.353 - Will NOT log unimportant exceptions
15184: 11:46:23.365 - Not using performance counters as they are not currently installed. Run the service with /InstallCounters to install them.
15184: 11:46:23.366 - Shutdown timeout enabled: 30000ms
15184: 11:46:23.368 - Starting I/O thread pool with 2 threads
15184: 11:46:23.369 - Using Standard allocator
15184: 11:46:23.369 - Max message size: 512000
15184: 11:46:23.370 - Starting business logic thread pool with the following settings
15184: 11:46:23.371 - InitialThreads: 4 threads
15184: 11:46:23.371 - MinThreads: 4 threads
15184: 11:46:23.371 - Thread pool is fixed size
15184: 11:46:23.371 - Starting ENet thread pool with the following settings
15184: 11:46:23.371 - InitialThreads: 2 threads
15184: 11:46:23.371 - MinThreads: 2 threads
15184: 11:46:23.371 - Thread pool is fixed size
15184: 11:46:23.371 - OnlyDispatchTimers: False
15184: 11:46:23.372 - S2S: flow control: Max pending writes: 50
15184: 11:46:23.372 - S2S: flow control: Max queued buffers: 200
15184: 11:46:23.372 - S2S: flow control: Max pending writes MUX: 500
15184: 11:46:23.372 - S2S: flow control: Max queued buffers MUX: 2000
15184: 11:46:23.372 - S2S: MaxInboundMessageSize: 512000
15184: 11:46:23.372 - S2S: MaxOutboundMessageSize: 512000
15184: 11:46:23.372 - S2S: No inactivity timeout
15184: 11:46:23.376 - Cannot enable FILE_SKIP_COMPLETION_PORT_ON_SUCCESS as "Netease UU" does not support XP1_IFS_HANDLES. ServiceFlags1 = 0x66
15184: 11:46:23.377 - Cannot enable FILE_SKIP_COMPLETION_PORT_ON_SUCCESS as "Netease UU" does not support XP1_IFS_HANDLES. ServiceFlags1 = 0x66
15184: 11:46:23.378 - WebSocket S2S: MaxInboundMessageSize: 512000
15184: 11:46:23.378 - WebSocket S2S: MaxOutboundMessageSize: 512000
15184: 11:46:23.378 - WebSocket S2S: No inactivity timeout
15184: 11:46:23.378 - Cannot enable FILE_SKIP_COMPLETION_PORT_ON_SUCCESS as "Netease UU" does not support XP1_IFS_HANDLES. ServiceFlags1 = 0x66
15184: 11:46:23.379 - Max Reliable Data In Transit (awaiting ACKs) per peer : 51200 bytes
15184: 11:46:23.379 - Per peer bandwidth limit
15184: 11:46:23.379 - Transmit Rate Limit: 256 KB/Sec
15184: 11:46:23.379 - Limit period: 200ms
15184: 11:46:23.379 - Limit per period: 52428 bytes
15184: 11:46:23.379 - Max queued data for transmission per peer: 512000 bytes
15184: 11:46:23.379 - Minimum retransmit timeout: 200
15184: 11:46:23.379 - No Maximum retransmit timeout
15184: 11:46:23.379 - Minimum ENet timeout: 5000ms
15184: 11:46:23.379 - Maximum ENet timeout: 30000ms
15184: 11:46:23.379 - Max Inbound Reliable Data Queued (awaiting resends of earlier sequence numbers) per peer : 163840 bytes
15184: 11:46:23.379 - No RTT ACK adjustment timeout
15184: 11:46:23.379 - Outbound ENet: MaxInboundMessageSize: 512000
15184: 11:46:23.379 - Outbound ENet: MaxOutboundMessageSize: 512000
15184: 11:46:23.381 - Cannot enable FILE_SKIP_COMPLETION_PORT_ON_SUCCESS as "Netease UU" does not support XP1_IFS_HANDLES. ServiceFlags1 = 0x66
15184: 11:46:23.389 - GetRuntime - About to load CLR - versions available:
15184: 11:46:23.389 - v2.0.50727
15184: 11:46:23.389 - v4.0.30319
15184: 11:46:23.389 - Configuration requests: "v2.0.50727"
15184: 11:46:23.389 - About to load version: "v2.0.50727"
15184: 11:46:23.400 - About to load runtime: PhotonHostRuntime.PhotonDomainManager from PhotonHostRuntime, Culture=neutral, PublicKeyToken=02C301B61B060C4D
15184: 11:46:23.400 - CLRBaseDirectory set to "C:\Users\94910\Desktop\Car\Server\Photon-OnPremise-Server-SDK_v4-0-29-11263\deploy"
15184: 11:46:23.400 - Optimising event broadcast for 20 or more peers
15184: 11:46:23.403 - Start: About to load CLR - versions available:
15184: 11:46:23.403 - v2.0.50727
15184: 11:46:23.403 - v4.0.30319
15184: 11:46:23.403 - No preference in configuration file, will load latest.
15184: 11:46:23.403 - About to load version: "v4.0.30319"
15184: 11:46:23.404 - Loaded version: "v4.0.30319"
15184: 11:46:23.614 - Photon host runtime loaded
15184: 11:46:25.807 - License is valid.
15184: 11:46:25.807 - Licensed for 100 concurrent connections.
15184: 11:46:25.807 - ENet: Max Reliable Data In Transit (awaiting ACKs) per peer : 51200 bytes
15184: 11:46:25.807 - ENet: Per peer bandwidth limit
15184: 11:46:25.807 - ENet: Transmit Rate Limit: 256 KB/Sec
15184: 11:46:25.807 - ENet: Limit period: 200ms
15184: 11:46:25.807 - ENet: Limit per period: 52428 bytes
15184: 11:46:25.807 - ENet: Max queued data for transmission per peer: 512000 bytes
15184: 11:46:25.807 - ENet: Minimum retransmit timeout: 200
15184: 11:46:25.807 - No Maximum retransmit timeout
15184: 11:46:25.807 - ENet: Minimum timeout: 5000ms
15184: 11:46:25.807 - ENet: Maximum timeout: 30000ms
15184: 11:46:25.807 - ENet: Max Inbound Reliable Data Queued (awaiting resends of earlier sequence numbers) per peer : 163840 bytes
15184: 11:46:25.807 - No RTT ACK adjustment timeout
15184: 11:46:25.807 - About to load application: CarServer from CarServer
15184: 11:46:25.807 - Auto restart is enabled for application, existing connections will be terminated during restart
15184: 11:46:25.807 - Application will restart 1000ms after the last change detected
15184: 11:46:25.807 - Application will restart if files matching the following are changed: "dll;config"
15184: 11:46:25.807 - Application will NOT restart if files matching the following are changed: "log4net.config"
15184: 11:46:26.207 - Taking reference on default app domain
15184: 11:46:26.687 - Application: "CarServer" started in app domain: 2
15184: 11:46:26.687 - Adding TCP listener on: 0.0.0.0: 4530 with a listen backlog of: 150
15184: 11:46:26.687 - TCP inactivity timeout: 10000ms
15184: 11:46:26.687 - TCP disconnect timeout: 120000ms
15184: 11:46:26.687 - MaxInboundMessageSize: 512000
15184: 11:46:26.687 - MaxOutboundMessageSize: 512000
15184: 11:46:26.687 - Forcing all applications ids to: "CarServer"
15184: 11:46:26.692 - Serving policy file requests from: "C:\Users\94910\Desktop\Car\Server\Photon-OnPremise-Server-SDK_v4-0-29-11263\deploy\Policy\assets\socket-policy.xml"
15184: 11:46:26.692 - Cannot enable FILE_SKIP_COMPLETION_PORT_ON_SUCCESS as "Netease UU" does not support XP1_IFS_HANDLES. ServiceFlags1 = 0x66
15184: 11:46:26.693 - Forcing all applications ids to: "CarServer"
15184: 11:46:26.693 - MaxInboundMessageSize: 512000
15184: 11:46:26.693 - MaxOutboundMessageSize: 512000
15184: 11:46:26.693 - UDP address specified as: "0.0.0.0" adding listener to each available IPv4 address
15184: 11:46:26.694 - Adding UDP listener on: 192.168.40.1: 5055 with a listen backlog of: 500
15184: 11:46:26.694 - Cannot enable FILE_SKIP_COMPLETION_PORT_ON_SUCCESS as "Netease UU" does not support XP1_IFS_HANDLES. ServiceFlags1 = 0x66
15184: 11:46:26.694 - Adding UDP listener on: 192.168.133.1: 5055 with a listen backlog of: 500
15184: 11:46:26.694 - Cannot enable FILE_SKIP_COMPLETION_PORT_ON_SUCCESS as "Netease UU" does not support XP1_IFS_HANDLES. ServiceFlags1 = 0x66
15184: 11:46:26.694 - Adding UDP listener on: 192.168.137.1: 5055 with a listen backlog of: 500
15184: 11:46:26.694 - Cannot enable FILE_SKIP_COMPLETION_PORT_ON_SUCCESS as "Netease UU" does not support XP1_IFS_HANDLES. ServiceFlags1 = 0x66
15184: 11:46:26.694 - Adding UDP listener on: 192.168.43.107: 5055 with a listen backlog of: 500
15184: 11:46:26.694 - Cannot enable FILE_SKIP_COMPLETION_PORT_ON_SUCCESS as "Netease UU" does not support XP1_IFS_HANDLES. ServiceFlags1 = 0x66
15184: 11:46:26.694 - Adding UDP listener on: 127.0.0.1: 5055 with a listen backlog of: 500
15184: 11:46:26.694 - Cannot enable FILE_SKIP_COMPLETION_PORT_ON_SUCCESS as "Netease UU" does not support XP1_IFS_HANDLES. ServiceFlags1 = 0x66
15184: 11:46:26.750 - Service is running...
16164: 15:46:36.659 - FAILED license server contact - trying next URL.
16164: 15:46:36.662 - Connect to Photon License Server failed. Trying again later. Allowed days without contact: 2
