2020-02-17 13:11:47,001 [ 1] INFO  PhotonHostRuntime.PhotonDomainManager - Initialize: ApplicationName = 'DefaultDomain', DomainID = '1'
2020-02-17 13:11:47,022 [ 1] INFO  PhotonHostRuntime.PhotonDomainManager - AppDomains with unhandled exceptions are usually not unloaded and restarted.
2020-02-17 13:11:47,031 [ 1] INFO  PhotonHostRuntime.PhotonDomainManager - Getting license information:
2020-02-17 13:11:47,553 [ 1] INFO  PhotonHostRuntime.PhotonLicensing - LICENSE: Type:Standard; Plan:Free; Expiration: never; floating license: yes; max connections: 100; valid IPs: any; status:Licensed
2020-02-17 13:11:49,165 [ 1] INFO  PhotonHostRuntime.PhotonDomainManager - CreateAppDomain: name = 'Master' , assemblyName = 'Photon.LoadBalancing'
2020-02-17 13:11:49,175 [ 1] INFO  PhotonHostRuntime.PhotonDomainManager -   ApplicationBase = 'C:\Users\94910\Desktop\Car\Server\Photon-OnPremise-Server-SDK_v4-0-29-11263\deploy'
2020-02-17 13:11:49,179 [ 1] INFO  PhotonHostRuntime.PhotonDomainManager -   PrivateBinPath = 'C:\Users\94910\Desktop\Car\Server\Photon-OnPremise-Server-SDK_v4-0-29-11263\deploy\LoadBalancing\Master\bin;bin_Win64;Shared;'
2020-02-17 13:11:49,184 [ 1] INFO  PhotonHostRuntime.PhotonDomainManager -   ConfigurationFile = 'C:\Users\94910\Desktop\Car\Server\Photon-OnPremise-Server-SDK_v4-0-29-11263\deploy\LoadBalancing\Master\bin\Photon.LoadBalancing.dll.config'
2020-02-17 13:11:49,189 [ 1] INFO  PhotonHostRuntime.PhotonDomainManager -   CachePath = 'C:\Users\94910\Desktop\Car\Server\Photon-OnPremise-Server-SDK_v4-0-29-11263\deploy\LoadBalancing\Master\bin\Cache'
2020-02-17 13:11:49,364 [ 1] INFO  PhotonHostRuntime.PhotonDomainManager -   ApplicationPath = 'C:\Users\94910\Desktop\Car\Server\Photon-OnPremise-Server-SDK_v4-0-29-11263\deploy\LoadBalancing\Master'
2020-02-17 13:11:49,370 [ 1] INFO  PhotonHostRuntime.PhotonDomainManager -   BinaryPath = 'C:\Users\94910\Desktop\Car\Server\Photon-OnPremise-Server-SDK_v4-0-29-11263\deploy\LoadBalancing\Master\bin'
2020-02-17 13:11:49,377 [ 1] INFO  PhotonHostRuntime.PhotonDomainManager -   ApplicationRootPath = 'C:\Users\94910\Desktop\Car\Server\Photon-OnPremise-Server-SDK_v4-0-29-11263\deploy'
2020-02-17 13:11:49,386 [ 1] INFO  PhotonHostRuntime.PhotonDomainManager -   UnmanagedLogPath = 'C:\Users\94910\Desktop\Car\Server\Photon-OnPremise-Server-SDK_v4-0-29-11263\deploy\bin_Win64\log'
2020-02-17 13:11:49,459 [ 1] INFO  PhotonHostRuntime.PhotonDomainManager - AssemblyLoadEvent: Photon.LoadBalancing, Version=4.0.28.11221, Culture=neutral, PublicKeyToken=null from file:///C:/Users/94910/Desktop/Car/Server/Photon-OnPremise-Server-SDK_v4-0-29-11263/deploy/LoadBalancing/Master/bin/Photon.LoadBalancing.DLL
2020-02-17 13:11:49,466 [ 1] INFO  PhotonHostRuntime.PhotonDomainManager - Photon SDK:4.0.28.11245
2020-02-17 13:11:49,544 [ 1] INFO  PhotonHostRuntime.PhotonDomainManager - AssemblyLoadEvent: Photon.SocketServer, Version=4.0.28.11245, Culture=neutral, PublicKeyToken=48c2fa3b6988090e from file:///C:/Users/94910/Desktop/Car/Server/Photon-OnPremise-Server-SDK_v4-0-29-11263/deploy/LoadBalancing/Master/bin/Photon.SocketServer.DLL
2020-02-17 13:11:49,604 [ 1] INFO  PhotonHostRuntime.PhotonDomainManager - AssemblyLoadEvent: ExitGamesLibs, Version=1.0.4.0, Culture=neutral, PublicKeyToken=eac0edd9746a4aa0 from file:///C:/Users/94910/Desktop/Car/Server/Photon-OnPremise-Server-SDK_v4-0-29-11263/deploy/LoadBalancing/Master/bin/ExitGamesLibs.DLL
2020-02-17 13:11:49,632 [ 1] INFO  PhotonHostRuntime.PhotonDomainManager - Starting: name = 'Master', assemblyName = 'Photon.LoadBalancing', typeName = 'Photon.LoadBalancing.MasterServer.MasterApplication'
2020-02-17 13:11:49,640 [ 1] INFO  PhotonHostRuntime.PhotonDomainManager - CreateAppDomain: name = 'Game' , assemblyName = 'Photon.LoadBalancing'
2020-02-17 13:11:49,648 [ 1] INFO  PhotonHostRuntime.PhotonDomainManager -   ApplicationBase = 'C:\Users\94910\Desktop\Car\Server\Photon-OnPremise-Server-SDK_v4-0-29-11263\deploy'
2020-02-17 13:11:49,654 [ 1] INFO  PhotonHostRuntime.PhotonDomainManager -   PrivateBinPath = 'C:\Users\94910\Desktop\Car\Server\Photon-OnPremise-Server-SDK_v4-0-29-11263\deploy\LoadBalancing\GameServer\bin;bin_Win64;Shared;'
2020-02-17 13:11:49,661 [ 1] INFO  PhotonHostRuntime.PhotonDomainManager -   ConfigurationFile = 'C:\Users\94910\Desktop\Car\Server\Photon-OnPremise-Server-SDK_v4-0-29-11263\deploy\LoadBalancing\GameServer\bin\Photon.LoadBalancing.dll.config'
2020-02-17 13:11:49,668 [ 1] INFO  PhotonHostRuntime.PhotonDomainManager -   CachePath = 'C:\Users\94910\Desktop\Car\Server\Photon-OnPremise-Server-SDK_v4-0-29-11263\deploy\LoadBalancing\GameServer\bin\Cache'
2020-02-17 13:11:49,818 [ 1] INFO  PhotonHostRuntime.PhotonDomainManager -   ApplicationPath = 'C:\Users\94910\Desktop\Car\Server\Photon-OnPremise-Server-SDK_v4-0-29-11263\deploy\LoadBalancing\GameServer'
2020-02-17 13:11:49,825 [ 1] INFO  PhotonHostRuntime.PhotonDomainManager -   BinaryPath = 'C:\Users\94910\Desktop\Car\Server\Photon-OnPremise-Server-SDK_v4-0-29-11263\deploy\LoadBalancing\GameServer\bin'
2020-02-17 13:11:49,831 [ 1] INFO  PhotonHostRuntime.PhotonDomainManager -   ApplicationRootPath = 'C:\Users\94910\Desktop\Car\Server\Photon-OnPremise-Server-SDK_v4-0-29-11263\deploy'
2020-02-17 13:11:49,837 [ 1] INFO  PhotonHostRuntime.PhotonDomainManager -   UnmanagedLogPath = 'C:\Users\94910\Desktop\Car\Server\Photon-OnPremise-Server-SDK_v4-0-29-11263\deploy\bin_Win64\log'
2020-02-17 13:11:49,906 [ 1] INFO  PhotonHostRuntime.PhotonDomainManager - AssemblyLoadEvent: Photon.LoadBalancing, Version=4.0.28.11221, Culture=neutral, PublicKeyToken=null from file:///C:/Users/94910/Desktop/Car/Server/Photon-OnPremise-Server-SDK_v4-0-29-11263/deploy/LoadBalancing/GameServer/bin/Photon.LoadBalancing.DLL
2020-02-17 13:11:49,913 [ 1] INFO  PhotonHostRuntime.PhotonDomainManager - Photon SDK:4.0.28.11245
2020-02-17 13:11:49,977 [ 1] INFO  PhotonHostRuntime.PhotonDomainManager - AssemblyLoadEvent: Photon.SocketServer, Version=4.0.28.11245, Culture=neutral, PublicKeyToken=48c2fa3b6988090e from file:///C:/Users/94910/Desktop/Car/Server/Photon-OnPremise-Server-SDK_v4-0-29-11263/deploy/LoadBalancing/GameServer/bin/Photon.SocketServer.DLL
2020-02-17 13:11:50,028 [ 1] INFO  PhotonHostRuntime.PhotonDomainManager - AssemblyLoadEvent: Photon.Common, Version=4.0.28.11221, Culture=neutral, PublicKeyToken=null from file:///C:/Users/94910/Desktop/Car/Server/Photon-OnPremise-Server-SDK_v4-0-29-11263/deploy/LoadBalancing/GameServer/bin/Photon.Common.DLL
2020-02-17 13:11:50,081 [ 1] INFO  PhotonHostRuntime.PhotonDomainManager - AssemblyLoadEvent: ExitGamesLibs, Version=1.0.4.0, Culture=neutral, PublicKeyToken=eac0edd9746a4aa0 from file:///C:/Users/94910/Desktop/Car/Server/Photon-OnPremise-Server-SDK_v4-0-29-11263/deploy/LoadBalancing/GameServer/bin/ExitGamesLibs.DLL
2020-02-17 13:11:50,137 [ 1] INFO  PhotonHostRuntime.PhotonDomainManager - AssemblyLoadEvent: PhotonHive, Version=4.0.28.11221, Culture=neutral, PublicKeyToken=null from file:///C:/Users/94910/Desktop/Car/Server/Photon-OnPremise-Server-SDK_v4-0-29-11263/deploy/LoadBalancing/GameServer/bin/PhotonHive.DLL
2020-02-17 13:11:50,176 [ 1] INFO  PhotonHostRuntime.PhotonDomainManager - Starting: name = 'Game', assemblyName = 'Photon.LoadBalancing', typeName = 'Photon.LoadBalancing.GameServer.GameApplication'
2020-02-17 13:11:50,184 [ 1] INFO  PhotonHostRuntime.PhotonDomainManager - CreateAppDomain: name = 'CounterPublisher' , assemblyName = 'CounterPublisher'
2020-02-17 13:11:50,191 [ 1] INFO  PhotonHostRuntime.PhotonDomainManager -   ApplicationBase = 'C:\Users\94910\Desktop\Car\Server\Photon-OnPremise-Server-SDK_v4-0-29-11263\deploy'
2020-02-17 13:11:50,198 [ 1] INFO  PhotonHostRuntime.PhotonDomainManager -   PrivateBinPath = 'C:\Users\94910\Desktop\Car\Server\Photon-OnPremise-Server-SDK_v4-0-29-11263\deploy\CounterPublisher\bin;bin_Win64;Shared;'
2020-02-17 13:11:50,206 [ 1] INFO  PhotonHostRuntime.PhotonDomainManager -   ConfigurationFile = 'C:\Users\94910\Desktop\Car\Server\Photon-OnPremise-Server-SDK_v4-0-29-11263\deploy\CounterPublisher\bin\CounterPublisher.dll.config'
2020-02-17 13:11:50,213 [ 1] INFO  PhotonHostRuntime.PhotonDomainManager -   CachePath = 'C:\Users\94910\Desktop\Car\Server\Photon-OnPremise-Server-SDK_v4-0-29-11263\deploy\CounterPublisher\bin\Cache'
2020-02-17 13:11:50,390 [ 1] INFO  PhotonHostRuntime.PhotonDomainManager -   ApplicationPath = 'C:\Users\94910\Desktop\Car\Server\Photon-OnPremise-Server-SDK_v4-0-29-11263\deploy\CounterPublisher'
2020-02-17 13:11:50,398 [ 1] INFO  PhotonHostRuntime.PhotonDomainManager -   BinaryPath = 'C:\Users\94910\Desktop\Car\Server\Photon-OnPremise-Server-SDK_v4-0-29-11263\deploy\CounterPublisher\bin'
2020-02-17 13:11:50,406 [ 1] INFO  PhotonHostRuntime.PhotonDomainManager -   ApplicationRootPath = 'C:\Users\94910\Desktop\Car\Server\Photon-OnPremise-Server-SDK_v4-0-29-11263\deploy'
2020-02-17 13:11:50,416 [ 1] INFO  PhotonHostRuntime.PhotonDomainManager -   UnmanagedLogPath = 'C:\Users\94910\Desktop\Car\Server\Photon-OnPremise-Server-SDK_v4-0-29-11263\deploy\bin_Win64\log'
2020-02-17 13:11:50,480 [ 1] INFO  PhotonHostRuntime.PhotonDomainManager - AssemblyLoadEvent: CounterPublisher, Version=4.0.28.11221, Culture=neutral, PublicKeyToken=null from file:///C:/Users/94910/Desktop/Car/Server/Photon-OnPremise-Server-SDK_v4-0-29-11263/deploy/CounterPublisher/bin/CounterPublisher.DLL
2020-02-17 13:11:50,488 [ 1] INFO  PhotonHostRuntime.PhotonDomainManager - Photon SDK:4.0.28.11245
2020-02-17 13:11:50,566 [ 1] INFO  PhotonHostRuntime.PhotonDomainManager - AssemblyLoadEvent: Photon.SocketServer, Version=4.0.28.11245, Culture=neutral, PublicKeyToken=48c2fa3b6988090e from file:///C:/Users/94910/Desktop/Car/Server/Photon-OnPremise-Server-SDK_v4-0-29-11263/deploy/CounterPublisher/bin/Photon.SocketServer.DLL
2020-02-17 13:11:50,622 [ 1] INFO  PhotonHostRuntime.PhotonDomainManager - AssemblyLoadEvent: ExitGamesLibs, Version=1.0.4.0, Culture=neutral, PublicKeyToken=eac0edd9746a4aa0 from file:///C:/Users/94910/Desktop/Car/Server/Photon-OnPremise-Server-SDK_v4-0-29-11263/deploy/CounterPublisher/bin/ExitGamesLibs.DLL
2020-02-17 13:11:50,632 [ 1] INFO  PhotonHostRuntime.PhotonDomainManager - Starting: name = 'CounterPublisher', assemblyName = 'CounterPublisher', typeName = 'Photon.CounterPublisher.Application'
2020-02-17 13:11:50,705 [ 1] INFO  PhotonHostRuntime.PhotonDomainManager - PhotonRunning: ApplicationName = 'CounterPublisher', DomainId='4' -- calling Application.Setup
2020-02-17 13:11:50,727 [ 1] INFO  PhotonHostRuntime.PhotonDomainManager - AssemblyLoadEvent: ExitGames.Logging.Log4Net, Version=1.0.4.0, Culture=neutral, PublicKeyToken=eac0edd9746a4aa0 from file:///C:/Users/94910/Desktop/Car/Server/Photon-OnPremise-Server-SDK_v4-0-29-11263/deploy/CounterPublisher/bin/ExitGames.Logging.Log4Net.DLL
2020-02-17 13:11:56,061 [ 1] INFO  PhotonHostRuntime.PhotonDomainManager - PhotonRunning: ApplicationName = 'Game', DomainId='3' -- calling Application.Setup
2020-02-17 13:11:56,086 [ 1] INFO  PhotonHostRuntime.PhotonDomainManager - AssemblyLoadEvent: ExitGames.Logging.Log4Net, Version=1.0.4.0, Culture=neutral, PublicKeyToken=eac0edd9746a4aa0 from file:///C:/Users/94910/Desktop/Car/Server/Photon-OnPremise-Server-SDK_v4-0-29-11263/deploy/LoadBalancing/GameServer/bin/ExitGames.Logging.Log4Net.DLL
2020-02-17 13:11:58,925 [ 1] INFO  PhotonHostRuntime.PhotonDomainManager - AssemblyLoadEvent: System.resources, Version=4.0.0.0, Culture=zh-Hans, PublicKeyToken=b77a5c561934e089 from file:///C:/WINDOWS/Microsoft.Net/assembly/GAC_MSIL/System.resources/v4.0_4.0.0.0_zh-Hans_b77a5c561934e089/System.resources.dll
2020-02-17 13:11:58,934 [ 1] INFO  PhotonHostRuntime.PhotonDomainManager - ResourceResolveHandler: ApplicationName = 'Game', DomainId='3', args.Name='System.zh-Hans.resources'
2020-02-17 13:12:01,938 [ 1] INFO  PhotonHostRuntime.PhotonDomainManager - AssemblyLoadEvent: PhotonHivePlugin, Version=1.0.15.11060, Culture=neutral, PublicKeyToken=null from file:///C:/Users/94910/Desktop/Car/Server/Photon-OnPremise-Server-SDK_v4-0-29-11263/deploy/LoadBalancing/GameServer/bin/PhotonHivePlugin.DLL
2020-02-17 13:12:02,010 [ 1] INFO  PhotonHostRuntime.PhotonDomainManager - PhotonRunning: ApplicationName = 'Master', DomainId='2' -- calling Application.Setup
2020-02-17 13:12:02,062 [ 1] INFO  PhotonHostRuntime.PhotonDomainManager - AssemblyLoadEvent: Photon.Common, Version=4.0.28.11221, Culture=neutral, PublicKeyToken=null from file:///C:/Users/94910/Desktop/Car/Server/Photon-OnPremise-Server-SDK_v4-0-29-11263/deploy/LoadBalancing/Master/bin/Photon.Common.DLL
2020-02-17 13:12:02,079 [ 1] INFO  PhotonHostRuntime.PhotonDomainManager - AssemblyLoadEvent: ExitGames.Logging.Log4Net, Version=1.0.4.0, Culture=neutral, PublicKeyToken=eac0edd9746a4aa0 from file:///C:/Users/94910/Desktop/Car/Server/Photon-OnPremise-Server-SDK_v4-0-29-11263/deploy/LoadBalancing/Master/bin/ExitGames.Logging.Log4Net.DLL
2020-02-17 13:12:04,745 [ 1] INFO  PhotonHostRuntime.PhotonDomainManager - AssemblyLoadEvent: System.resources, Version=4.0.0.0, Culture=zh-Hans, PublicKeyToken=b77a5c561934e089 from file:///C:/WINDOWS/Microsoft.Net/assembly/GAC_MSIL/System.resources/v4.0_4.0.0.0_zh-Hans_b77a5c561934e089/System.resources.dll
2020-02-17 13:12:04,751 [ 1] INFO  PhotonHostRuntime.PhotonDomainManager - ResourceResolveHandler: ApplicationName = 'Master', DomainId='2', args.Name='System.zh-Hans.resources'
2020-02-17 13:12:05,031 [ 1] INFO  PhotonHostRuntime.PhotonDomainManager - AssemblyLoadEvent: PhotonHive, Version=4.0.28.11221, Culture=neutral, PublicKeyToken=null from file:///C:/Users/94910/Desktop/Car/Server/Photon-OnPremise-Server-SDK_v4-0-29-11263/deploy/LoadBalancing/Master/bin/PhotonHive.DLL
2020-02-17 13:12:05,123 [ 1] INFO  PhotonHostRuntime.PhotonDomainManager - AssemblyLoadEvent: ServiceStack.Redis, Version=3.9.71.0, Culture=neutral, PublicKeyToken=null from file:///C:/Users/94910/Desktop/Car/Server/Photon-OnPremise-Server-SDK_v4-0-29-11263/deploy/LoadBalancing/Master/bin/ServiceStack.Redis.DLL
2020-02-17 13:12:05,166 [ 1] INFO  PhotonHostRuntime.PhotonDomainManager - AssemblyLoadEvent: ServiceStack.Interfaces, Version=1.0.0.0, Culture=neutral, PublicKeyToken=null from file:///C:/Users/94910/Desktop/Car/Server/Photon-OnPremise-Server-SDK_v4-0-29-11263/deploy/LoadBalancing/Master/bin/ServiceStack.Interfaces.DLL
2020-02-17 13:12:05,197 [ 1] INFO  PhotonHostRuntime.PhotonDomainManager - AssemblyLoadEvent: System.Web, Version=4.0.0.0, Culture=neutral, PublicKeyToken=b03f5f7f11d50a3a from file:///C:/WINDOWS/Microsoft.Net/assembly/GAC_64/System.Web/v4.0_4.0.0.0__b03f5f7f11d50a3a/System.Web.dll
2020-02-17 13:12:05,290 [ 1] INFO  PhotonHostRuntime.PhotonDomainManager - PhotonRunning: ApplicationName = 'DefaultDomain', DomainId='1'
2020-02-17 13:12:05,364 [12] INFO  PhotonHostRuntime.PhotonDomainManager - AssemblyLoadEvent: PhotonHivePlugin, Version=1.0.15.11060, Culture=neutral, PublicKeyToken=null from file:///C:/Users/94910/Desktop/Car/Server/Photon-OnPremise-Server-SDK_v4-0-29-11263/deploy/LoadBalancing/Master/bin/PhotonHivePlugin.DLL
2020-02-17 18:56:36,178 [ 1] INFO  PhotonHostRuntime.PhotonDomainManager - RequestStop: ApplicationName = 'DefaultDomain', DomainId='1'
2020-02-17 19:24:06,034 [ 1] INFO  PhotonHostRuntime.PhotonDomainManager - Initialize: ApplicationName = 'DefaultDomain', DomainID = '1'
2020-02-17 19:24:06,055 [ 1] INFO  PhotonHostRuntime.PhotonDomainManager - AppDomains with unhandled exceptions are usually not unloaded and restarted.
2020-02-17 19:24:06,063 [ 1] INFO  PhotonHostRuntime.PhotonDomainManager - Getting license information:
2020-02-17 19:24:06,461 [ 1] INFO  PhotonHostRuntime.PhotonLicensing - LICENSE: Type:Standard; Plan:Free; Expiration: never; floating license: yes; max connections: 100; valid IPs: any; status:Licensed
2020-02-17 19:24:07,926 [ 1] INFO  PhotonHostRuntime.PhotonDomainManager - CreateAppDomain: name = 'Master' , assemblyName = 'Photon.LoadBalancing'
2020-02-17 19:24:07,932 [ 1] INFO  PhotonHostRuntime.PhotonDomainManager -   ApplicationBase = 'C:\Users\94910\Desktop\Car\Server\Photon-OnPremise-Server-SDK_v4-0-29-11263\deploy'
2020-02-17 19:24:07,938 [ 1] INFO  PhotonHostRuntime.PhotonDomainManager -   PrivateBinPath = 'C:\Users\94910\Desktop\Car\Server\Photon-OnPremise-Server-SDK_v4-0-29-11263\deploy\LoadBalancing\Master\bin;bin_Win64;Shared;'
2020-02-17 19:24:07,944 [ 1] INFO  PhotonHostRuntime.PhotonDomainManager -   ConfigurationFile = 'C:\Users\94910\Desktop\Car\Server\Photon-OnPremise-Server-SDK_v4-0-29-11263\deploy\LoadBalancing\Master\bin\Photon.LoadBalancing.dll.config'
2020-02-17 19:24:07,949 [ 1] INFO  PhotonHostRuntime.PhotonDomainManager -   CachePath = 'C:\Users\94910\Desktop\Car\Server\Photon-OnPremise-Server-SDK_v4-0-29-11263\deploy\LoadBalancing\Master\bin\Cache'
2020-02-17 19:24:08,213 [ 1] INFO  PhotonHostRuntime.PhotonDomainManager -   ApplicationPath = 'C:\Users\94910\Desktop\Car\Server\Photon-OnPremise-Server-SDK_v4-0-29-11263\deploy\LoadBalancing\Master'
2020-02-17 19:24:08,220 [ 1] INFO  PhotonHostRuntime.PhotonDomainManager -   BinaryPath = 'C:\Users\94910\Desktop\Car\Server\Photon-OnPremise-Server-SDK_v4-0-29-11263\deploy\LoadBalancing\Master\bin'
2020-02-17 19:24:08,226 [ 1] INFO  PhotonHostRuntime.PhotonDomainManager -   ApplicationRootPath = 'C:\Users\94910\Desktop\Car\Server\Photon-OnPremise-Server-SDK_v4-0-29-11263\deploy'
2020-02-17 19:24:08,233 [ 1] INFO  PhotonHostRuntime.PhotonDomainManager -   UnmanagedLogPath = 'C:\Users\94910\Desktop\Car\Server\Photon-OnPremise-Server-SDK_v4-0-29-11263\deploy\bin_Win64\log'
2020-02-17 19:24:08,378 [ 1] INFO  PhotonHostRuntime.PhotonDomainManager - AssemblyLoadEvent: Photon.LoadBalancing, Version=4.0.28.11221, Culture=neutral, PublicKeyToken=null from file:///C:/Users/94910/Desktop/Car/Server/Photon-OnPremise-Server-SDK_v4-0-29-11263/deploy/LoadBalancing/Master/bin/Photon.LoadBalancing.DLL
2020-02-17 19:24:08,384 [ 1] INFO  PhotonHostRuntime.PhotonDomainManager - Photon SDK:4.0.28.11245
2020-02-17 19:24:08,532 [ 1] INFO  PhotonHostRuntime.PhotonDomainManager - AssemblyLoadEvent: Photon.SocketServer, Version=4.0.28.11245, Culture=neutral, PublicKeyToken=48c2fa3b6988090e from file:///C:/Users/94910/Desktop/Car/Server/Photon-OnPremise-Server-SDK_v4-0-29-11263/deploy/LoadBalancing/Master/bin/Photon.SocketServer.DLL
2020-02-17 19:24:08,631 [ 1] INFO  PhotonHostRuntime.PhotonDomainManager - AssemblyLoadEvent: ExitGamesLibs, Version=1.0.4.0, Culture=neutral, PublicKeyToken=eac0edd9746a4aa0 from file:///C:/Users/94910/Desktop/Car/Server/Photon-OnPremise-Server-SDK_v4-0-29-11263/deploy/LoadBalancing/Master/bin/ExitGamesLibs.DLL
2020-02-17 19:24:08,652 [ 1] INFO  PhotonHostRuntime.PhotonDomainManager - Starting: name = 'Master', assemblyName = 'Photon.LoadBalancing', typeName = 'Photon.LoadBalancing.MasterServer.MasterApplication'
2020-02-17 19:24:08,659 [ 1] INFO  PhotonHostRuntime.PhotonDomainManager - CreateAppDomain: name = 'Game' , assemblyName = 'Photon.LoadBalancing'
2020-02-17 19:24:08,666 [ 1] INFO  PhotonHostRuntime.PhotonDomainManager -   ApplicationBase = 'C:\Users\94910\Desktop\Car\Server\Photon-OnPremise-Server-SDK_v4-0-29-11263\deploy'
2020-02-17 19:24:08,673 [ 1] INFO  PhotonHostRuntime.PhotonDomainManager -   PrivateBinPath = 'C:\Users\94910\Desktop\Car\Server\Photon-OnPremise-Server-SDK_v4-0-29-11263\deploy\LoadBalancing\GameServer\bin;bin_Win64;Shared;'
2020-02-17 19:24:08,681 [ 1] INFO  PhotonHostRuntime.PhotonDomainManager -   ConfigurationFile = 'C:\Users\94910\Desktop\Car\Server\Photon-OnPremise-Server-SDK_v4-0-29-11263\deploy\LoadBalancing\GameServer\bin\Photon.LoadBalancing.dll.config'
2020-02-17 19:24:08,688 [ 1] INFO  PhotonHostRuntime.PhotonDomainManager -   CachePath = 'C:\Users\94910\Desktop\Car\Server\Photon-OnPremise-Server-SDK_v4-0-29-11263\deploy\LoadBalancing\GameServer\bin\Cache'
2020-02-17 19:24:08,951 [ 1] INFO  PhotonHostRuntime.PhotonDomainManager -   ApplicationPath = 'C:\Users\94910\Desktop\Car\Server\Photon-OnPremise-Server-SDK_v4-0-29-11263\deploy\LoadBalancing\GameServer'
2020-02-17 19:24:08,957 [ 1] INFO  PhotonHostRuntime.PhotonDomainManager -   BinaryPath = 'C:\Users\94910\Desktop\Car\Server\Photon-OnPremise-Server-SDK_v4-0-29-11263\deploy\LoadBalancing\GameServer\bin'
2020-02-17 19:24:08,965 [ 1] INFO  PhotonHostRuntime.PhotonDomainManager -   ApplicationRootPath = 'C:\Users\94910\Desktop\Car\Server\Photon-OnPremise-Server-SDK_v4-0-29-11263\deploy'
2020-02-17 19:24:08,980 [ 1] INFO  PhotonHostRuntime.PhotonDomainManager -   UnmanagedLogPath = 'C:\Users\94910\Desktop\Car\Server\Photon-OnPremise-Server-SDK_v4-0-29-11263\deploy\bin_Win64\log'
2020-02-17 19:24:09,137 [ 1] INFO  PhotonHostRuntime.PhotonDomainManager - AssemblyLoadEvent: Photon.LoadBalancing, Version=4.0.28.11221, Culture=neutral, PublicKeyToken=null from file:///C:/Users/94910/Desktop/Car/Server/Photon-OnPremise-Server-SDK_v4-0-29-11263/deploy/LoadBalancing/GameServer/bin/Photon.LoadBalancing.DLL
2020-02-17 19:24:09,144 [ 1] INFO  PhotonHostRuntime.PhotonDomainManager - Photon SDK:4.0.28.11245
2020-02-17 19:24:09,283 [ 1] INFO  PhotonHostRuntime.PhotonDomainManager - AssemblyLoadEvent: Photon.SocketServer, Version=4.0.28.11245, Culture=neutral, PublicKeyToken=48c2fa3b6988090e from file:///C:/Users/94910/Desktop/Car/Server/Photon-OnPremise-Server-SDK_v4-0-29-11263/deploy/LoadBalancing/GameServer/bin/Photon.SocketServer.DLL
2020-02-17 19:24:09,395 [ 1] INFO  PhotonHostRuntime.PhotonDomainManager - AssemblyLoadEvent: Photon.Common, Version=4.0.28.11221, Culture=neutral, PublicKeyToken=null from file:///C:/Users/94910/Desktop/Car/Server/Photon-OnPremise-Server-SDK_v4-0-29-11263/deploy/LoadBalancing/GameServer/bin/Photon.Common.DLL
2020-02-17 19:24:09,562 [ 1] INFO  PhotonHostRuntime.PhotonDomainManager - AssemblyLoadEvent: ExitGamesLibs, Version=1.0.4.0, Culture=neutral, PublicKeyToken=eac0edd9746a4aa0 from file:///C:/Users/94910/Desktop/Car/Server/Photon-OnPremise-Server-SDK_v4-0-29-11263/deploy/LoadBalancing/GameServer/bin/ExitGamesLibs.DLL
2020-02-17 19:24:09,716 [ 1] INFO  PhotonHostRuntime.PhotonDomainManager - AssemblyLoadEvent: PhotonHive, Version=4.0.28.11221, Culture=neutral, PublicKeyToken=null from file:///C:/Users/94910/Desktop/Car/Server/Photon-OnPremise-Server-SDK_v4-0-29-11263/deploy/LoadBalancing/GameServer/bin/PhotonHive.DLL
2020-02-17 19:24:09,751 [ 1] INFO  PhotonHostRuntime.PhotonDomainManager - Starting: name = 'Game', assemblyName = 'Photon.LoadBalancing', typeName = 'Photon.LoadBalancing.GameServer.GameApplication'
2020-02-17 19:24:09,758 [ 1] INFO  PhotonHostRuntime.PhotonDomainManager - CreateAppDomain: name = 'CounterPublisher' , assemblyName = 'CounterPublisher'
2020-02-17 19:24:09,764 [ 1] INFO  PhotonHostRuntime.PhotonDomainManager -   ApplicationBase = 'C:\Users\94910\Desktop\Car\Server\Photon-OnPremise-Server-SDK_v4-0-29-11263\deploy'
2020-02-17 19:24:09,770 [ 1] INFO  PhotonHostRuntime.PhotonDomainManager -   PrivateBinPath = 'C:\Users\94910\Desktop\Car\Server\Photon-OnPremise-Server-SDK_v4-0-29-11263\deploy\CounterPublisher\bin;bin_Win64;Shared;'
2020-02-17 19:24:09,776 [ 1] INFO  PhotonHostRuntime.PhotonDomainManager -   ConfigurationFile = 'C:\Users\94910\Desktop\Car\Server\Photon-OnPremise-Server-SDK_v4-0-29-11263\deploy\CounterPublisher\bin\CounterPublisher.dll.config'
2020-02-17 19:24:09,783 [ 1] INFO  PhotonHostRuntime.PhotonDomainManager -   CachePath = 'C:\Users\94910\Desktop\Car\Server\Photon-OnPremise-Server-SDK_v4-0-29-11263\deploy\CounterPublisher\bin\Cache'
2020-02-17 19:24:10,033 [ 1] INFO  PhotonHostRuntime.PhotonDomainManager -   ApplicationPath = 'C:\Users\94910\Desktop\Car\Server\Photon-OnPremise-Server-SDK_v4-0-29-11263\deploy\CounterPublisher'
2020-02-17 19:24:10,040 [ 1] INFO  PhotonHostRuntime.PhotonDomainManager -   BinaryPath = 'C:\Users\94910\Desktop\Car\Server\Photon-OnPremise-Server-SDK_v4-0-29-11263\deploy\CounterPublisher\bin'
2020-02-17 19:24:10,045 [ 1] INFO  PhotonHostRuntime.PhotonDomainManager -   ApplicationRootPath = 'C:\Users\94910\Desktop\Car\Server\Photon-OnPremise-Server-SDK_v4-0-29-11263\deploy'
2020-02-17 19:24:10,053 [ 1] INFO  PhotonHostRuntime.PhotonDomainManager -   UnmanagedLogPath = 'C:\Users\94910\Desktop\Car\Server\Photon-OnPremise-Server-SDK_v4-0-29-11263\deploy\bin_Win64\log'
2020-02-17 19:24:10,163 [ 1] INFO  PhotonHostRuntime.PhotonDomainManager - AssemblyLoadEvent: CounterPublisher, Version=4.0.28.11221, Culture=neutral, PublicKeyToken=null from file:///C:/Users/94910/Desktop/Car/Server/Photon-OnPremise-Server-SDK_v4-0-29-11263/deploy/CounterPublisher/bin/CounterPublisher.DLL
2020-02-17 19:24:10,169 [ 1] INFO  PhotonHostRuntime.PhotonDomainManager - Photon SDK:4.0.28.11245
2020-02-17 19:24:10,306 [ 1] INFO  PhotonHostRuntime.PhotonDomainManager - AssemblyLoadEvent: Photon.SocketServer, Version=4.0.28.11245, Culture=neutral, PublicKeyToken=48c2fa3b6988090e from file:///C:/Users/94910/Desktop/Car/Server/Photon-OnPremise-Server-SDK_v4-0-29-11263/deploy/CounterPublisher/bin/Photon.SocketServer.DLL
2020-02-17 19:24:10,401 [ 1] INFO  PhotonHostRuntime.PhotonDomainManager - AssemblyLoadEvent: ExitGamesLibs, Version=1.0.4.0, Culture=neutral, PublicKeyToken=eac0edd9746a4aa0 from file:///C:/Users/94910/Desktop/Car/Server/Photon-OnPremise-Server-SDK_v4-0-29-11263/deploy/CounterPublisher/bin/ExitGamesLibs.DLL
2020-02-17 19:24:10,410 [ 1] INFO  PhotonHostRuntime.PhotonDomainManager - Starting: name = 'CounterPublisher', assemblyName = 'CounterPublisher', typeName = 'Photon.CounterPublisher.Application'
2020-02-17 19:24:10,480 [ 1] INFO  PhotonHostRuntime.PhotonDomainManager - PhotonRunning: ApplicationName = 'CounterPublisher', DomainId='4' -- calling Application.Setup
2020-02-17 19:24:10,500 [ 1] INFO  PhotonHostRuntime.PhotonDomainManager - AssemblyLoadEvent: ExitGames.Logging.Log4Net, Version=1.0.4.0, Culture=neutral, PublicKeyToken=eac0edd9746a4aa0 from file:///C:/Users/94910/Desktop/Car/Server/Photon-OnPremise-Server-SDK_v4-0-29-11263/deploy/CounterPublisher/bin/ExitGames.Logging.Log4Net.DLL
2020-02-17 19:24:15,882 [ 1] INFO  PhotonHostRuntime.PhotonDomainManager - PhotonRunning: ApplicationName = 'Game', DomainId='3' -- calling Application.Setup
2020-02-17 19:24:15,909 [ 1] INFO  PhotonHostRuntime.PhotonDomainManager - AssemblyLoadEvent: ExitGames.Logging.Log4Net, Version=1.0.4.0, Culture=neutral, PublicKeyToken=eac0edd9746a4aa0 from file:///C:/Users/94910/Desktop/Car/Server/Photon-OnPremise-Server-SDK_v4-0-29-11263/deploy/LoadBalancing/GameServer/bin/ExitGames.Logging.Log4Net.DLL
2020-02-17 19:24:18,963 [ 1] INFO  PhotonHostRuntime.PhotonDomainManager - AssemblyLoadEvent: PhotonHivePlugin, Version=1.0.15.11060, Culture=neutral, PublicKeyToken=null from file:///C:/Users/94910/Desktop/Car/Server/Photon-OnPremise-Server-SDK_v4-0-29-11263/deploy/LoadBalancing/GameServer/bin/PhotonHivePlugin.DLL
2020-02-17 19:24:19,051 [ 1] INFO  PhotonHostRuntime.PhotonDomainManager - PhotonRunning: ApplicationName = 'Master', DomainId='2' -- calling Application.Setup
2020-02-17 19:24:19,181 [ 1] INFO  PhotonHostRuntime.PhotonDomainManager - AssemblyLoadEvent: Photon.Common, Version=4.0.28.11221, Culture=neutral, PublicKeyToken=null from file:///C:/Users/94910/Desktop/Car/Server/Photon-OnPremise-Server-SDK_v4-0-29-11263/deploy/LoadBalancing/Master/bin/Photon.Common.DLL
2020-02-17 19:24:19,201 [ 1] INFO  PhotonHostRuntime.PhotonDomainManager - AssemblyLoadEvent: ExitGames.Logging.Log4Net, Version=1.0.4.0, Culture=neutral, PublicKeyToken=eac0edd9746a4aa0 from file:///C:/Users/94910/Desktop/Car/Server/Photon-OnPremise-Server-SDK_v4-0-29-11263/deploy/LoadBalancing/Master/bin/ExitGames.Logging.Log4Net.DLL
2020-02-17 19:24:20,352 [ 1] INFO  PhotonHostRuntime.PhotonDomainManager - AssemblyLoadEvent: PhotonHive, Version=4.0.28.11221, Culture=neutral, PublicKeyToken=null from file:///C:/Users/94910/Desktop/Car/Server/Photon-OnPremise-Server-SDK_v4-0-29-11263/deploy/LoadBalancing/Master/bin/PhotonHive.DLL
2020-02-17 19:24:20,517 [ 1] INFO  PhotonHostRuntime.PhotonDomainManager - AssemblyLoadEvent: ServiceStack.Redis, Version=3.9.71.0, Culture=neutral, PublicKeyToken=null from file:///C:/Users/94910/Desktop/Car/Server/Photon-OnPremise-Server-SDK_v4-0-29-11263/deploy/LoadBalancing/Master/bin/ServiceStack.Redis.DLL
2020-02-17 19:24:20,601 [ 1] INFO  PhotonHostRuntime.PhotonDomainManager - AssemblyLoadEvent: ServiceStack.Interfaces, Version=1.0.0.0, Culture=neutral, PublicKeyToken=null from file:///C:/Users/94910/Desktop/Car/Server/Photon-OnPremise-Server-SDK_v4-0-29-11263/deploy/LoadBalancing/Master/bin/ServiceStack.Interfaces.DLL
2020-02-17 19:24:20,635 [ 1] INFO  PhotonHostRuntime.PhotonDomainManager - AssemblyLoadEvent: System.Web, Version=4.0.0.0, Culture=neutral, PublicKeyToken=b03f5f7f11d50a3a from file:///C:/WINDOWS/Microsoft.Net/assembly/GAC_64/System.Web/v4.0_4.0.0.0__b03f5f7f11d50a3a/System.Web.dll
2020-02-17 19:24:20,754 [ 1] INFO  PhotonHostRuntime.PhotonDomainManager - PhotonRunning: ApplicationName = 'DefaultDomain', DomainId='1'
2020-02-17 19:24:20,769 [ 1] INFO  PhotonHostRuntime.PhotonDomainManager - RequestStop: ApplicationName = 'CounterPublisher', DomainId='4' -- calling Application.OnStopRequested()
2020-02-17 19:24:20,784 [ 1] INFO  PhotonHostRuntime.PhotonDomainManager - RequestStop: ApplicationName = 'Game', DomainId='3' -- calling Application.OnStopRequested()
2020-02-17 19:24:20,817 [ 1] INFO  PhotonHostRuntime.PhotonDomainManager - RequestStop: ApplicationName = 'Master', DomainId='2' -- calling Application.OnStopRequested()
2020-02-17 19:24:20,838 [ 1] INFO  PhotonHostRuntime.PhotonDomainManager - RequestStop: ApplicationName = 'DefaultDomain', DomainId='1'
2020-02-17 19:24:20,846 [ 1] INFO  PhotonHostRuntime.PhotonDomainManager - Stop: ApplicationName = 'CounterPublisher', DomainId='4' -- calling Application.TearDown()
2020-02-17 19:24:20,861 [ 1] INFO  PhotonHostRuntime.PhotonDomainManager - Stop: ApplicationName = 'Game', DomainId='3' -- calling Application.TearDown()
2020-02-17 19:24:20,884 [13] INFO  PhotonHostRuntime.PhotonDomainManager - AssemblyLoadEvent: PhotonHivePlugin, Version=1.0.15.11060, Culture=neutral, PublicKeyToken=null from file:///C:/Users/94910/Desktop/Car/Server/Photon-OnPremise-Server-SDK_v4-0-29-11263/deploy/LoadBalancing/Master/bin/PhotonHivePlugin.DLL
2020-02-17 19:24:20,895 [ 1] INFO  PhotonHostRuntime.PhotonDomainManager - Stop: ApplicationName = 'Master', DomainId='2' -- calling Application.TearDown()
2020-02-17 19:28:59,754 [ 1] INFO  PhotonHostRuntime.PhotonDomainManager - Initialize: ApplicationName = 'DefaultDomain', DomainID = '1'
2020-02-17 19:28:59,776 [ 1] INFO  PhotonHostRuntime.PhotonDomainManager - AppDomains with unhandled exceptions are usually not unloaded and restarted.
2020-02-17 19:28:59,784 [ 1] INFO  PhotonHostRuntime.PhotonDomainManager - Getting license information:
2020-02-17 19:29:00,185 [ 1] INFO  PhotonHostRuntime.PhotonLicensing - LICENSE: Type:Standard; Plan:Free; Expiration: never; floating license: yes; max connections: 100; valid IPs: any; status:Licensed
2020-02-17 19:29:01,693 [ 1] INFO  PhotonHostRuntime.PhotonDomainManager - CreateAppDomain: name = 'ChatServer' , assemblyName = 'ChatServer'
2020-02-17 19:29:01,699 [ 1] ERROR PhotonHostRuntime.PhotonDomainManager - CreateDomain
System.Exception: Can't find ChatServer.dll in  or C:\Users\94910\Desktop\Car\Server\Photon-OnPremise-Server-SDK_v4-0-29-11263\deploy\ChatServer\bin
   在 PhotonHostRuntime.PhotonDomainManager.PhotonDefaultAppDomainBehavior.CreateAppDomain(String name, String assemblyName, String baseDirectoryRaw, String applicationRootDirectoryRaw, String applicationDirectoryRaw, String sharedDirectoryRaw, String applicationSharedDirectoryRaw, Boolean enableShadowCopy, Boolean createPerInstanceShadowCopyCaches, String instanceName)
   在 PhotonHostRuntime.PhotonDomainManager.CreateAppDomain(String name, String assemblyName, String baseDirectoryRaw, String applicationRootDirectoryRaw, String applicationDirectoryRaw, String sharedDirectoryRaw, String applicationSharedDirectoryRaw, Boolean enableShadowCopy, Boolean createPerInstanceShadowCopyCaches, String instanceName)
2020-02-17 19:29:01,723 [ 1] INFO  PhotonHostRuntime.PhotonDomainManager - RequestStop: ApplicationName = 'DefaultDomain', DomainId='1'
2020-02-17 19:29:12,690 [ 1] INFO  PhotonHostRuntime.PhotonDomainManager - Initialize: ApplicationName = 'DefaultDomain', DomainID = '1'
2020-02-17 19:29:12,711 [ 1] INFO  PhotonHostRuntime.PhotonDomainManager - AppDomains with unhandled exceptions are usually not unloaded and restarted.
2020-02-17 19:29:12,719 [ 1] INFO  PhotonHostRuntime.PhotonDomainManager - Getting license information:
2020-02-17 19:29:13,112 [ 1] INFO  PhotonHostRuntime.PhotonLicensing - LICENSE: Type:Standard; Plan:Free; Expiration: never; floating license: yes; max connections: 100; valid IPs: any; status:Licensed
2020-02-17 19:29:14,573 [ 1] INFO  PhotonHostRuntime.PhotonDomainManager - CreateAppDomain: name = 'ChatServer' , assemblyName = 'ChatServer'
2020-02-17 19:29:14,580 [ 1] ERROR PhotonHostRuntime.PhotonDomainManager - CreateDomain
System.Exception: Can't find ChatServer.dll in  or C:\Users\94910\Desktop\Car\Server\Photon-OnPremise-Server-SDK_v4-0-29-11263\deploy\ChatServer\bin
   在 PhotonHostRuntime.PhotonDomainManager.PhotonDefaultAppDomainBehavior.CreateAppDomain(String name, String assemblyName, String baseDirectoryRaw, String applicationRootDirectoryRaw, String applicationDirectoryRaw, String sharedDirectoryRaw, String applicationSharedDirectoryRaw, Boolean enableShadowCopy, Boolean createPerInstanceShadowCopyCaches, String instanceName)
   在 PhotonHostRuntime.PhotonDomainManager.CreateAppDomain(String name, String assemblyName, String baseDirectoryRaw, String applicationRootDirectoryRaw, String applicationDirectoryRaw, String sharedDirectoryRaw, String applicationSharedDirectoryRaw, Boolean enableShadowCopy, Boolean createPerInstanceShadowCopyCaches, String instanceName)
2020-02-17 19:29:14,590 [ 1] INFO  PhotonHostRuntime.PhotonDomainManager - RequestStop: ApplicationName = 'DefaultDomain', DomainId='1'
2020-02-18 23:02:09,775 [ 1] INFO  PhotonHostRuntime.PhotonDomainManager - Initialize: ApplicationName = 'DefaultDomain', DomainID = '1'
2020-02-18 23:02:09,802 [ 1] INFO  PhotonHostRuntime.PhotonDomainManager - AppDomains with unhandled exceptions are usually not unloaded and restarted.
2020-02-18 23:02:09,813 [ 1] INFO  PhotonHostRuntime.PhotonDomainManager - Getting license information:
2020-02-18 23:02:10,391 [ 1] INFO  PhotonHostRuntime.PhotonLicensing - LICENSE: Type:Standard; Plan:Free; Expiration: never; floating license: yes; max connections: 100; valid IPs: any; status:Licensed
2020-02-18 23:02:11,946 [ 1] INFO  PhotonHostRuntime.PhotonDomainManager - CreateAppDomain: name = 'ChatServer' , assemblyName = 'ChatServer'
2020-02-18 23:02:11,956 [ 1] INFO  PhotonHostRuntime.PhotonDomainManager -   ApplicationBase = 'C:\Users\94910\Desktop\Car\Server\Photon-OnPremise-Server-SDK_v4-0-29-11263\deploy'
2020-02-18 23:02:11,966 [ 1] INFO  PhotonHostRuntime.PhotonDomainManager -   PrivateBinPath = 'C:\Users\94910\Desktop\Car\Server\Photon-OnPremise-Server-SDK_v4-0-29-11263\deploy\ChatServer\ChatServer\bin;bin_Win64;Shared;'
2020-02-18 23:02:11,973 [ 1] INFO  PhotonHostRuntime.PhotonDomainManager -   ConfigurationFile = ''
2020-02-18 23:02:11,980 [ 1] INFO  PhotonHostRuntime.PhotonDomainManager -   CachePath = 'C:\Users\94910\Desktop\Car\Server\Photon-OnPremise-Server-SDK_v4-0-29-11263\deploy\ChatServer\ChatServer\bin\Cache'
2020-02-18 23:02:12,156 [ 1] INFO  PhotonHostRuntime.PhotonDomainManager -   ApplicationPath = 'C:\Users\94910\Desktop\Car\Server\Photon-OnPremise-Server-SDK_v4-0-29-11263\deploy\ChatServer\ChatServer'
2020-02-18 23:02:12,166 [ 1] INFO  PhotonHostRuntime.PhotonDomainManager -   BinaryPath = 'C:\Users\94910\Desktop\Car\Server\Photon-OnPremise-Server-SDK_v4-0-29-11263\deploy\ChatServer\ChatServer\bin'
2020-02-18 23:02:12,173 [ 1] INFO  PhotonHostRuntime.PhotonDomainManager -   ApplicationRootPath = 'C:\Users\94910\Desktop\Car\Server\Photon-OnPremise-Server-SDK_v4-0-29-11263\deploy'
2020-02-18 23:02:12,181 [ 1] INFO  PhotonHostRuntime.PhotonDomainManager -   UnmanagedLogPath = 'C:\Users\94910\Desktop\Car\Server\Photon-OnPremise-Server-SDK_v4-0-29-11263\deploy\bin_Win64\log'
2020-02-18 23:02:12,225 [ 1] INFO  PhotonHostRuntime.PhotonDomainManager - AssemblyLoadEvent: ChatServer, Version=1.0.0.0, Culture=neutral, PublicKeyToken=null from file:///C:/Users/94910/Desktop/Car/Server/Photon-OnPremise-Server-SDK_v4-0-29-11263/deploy/ChatServer/ChatServer/bin/ChatServer.DLL
2020-02-18 23:02:12,232 [ 1] INFO  PhotonHostRuntime.PhotonDomainManager - Photon SDK:4.0.28.11245
2020-02-18 23:02:12,354 [ 1] INFO  PhotonHostRuntime.PhotonDomainManager - AssemblyLoadEvent: Photon.SocketServer, Version=4.0.28.11245, Culture=neutral, PublicKeyToken=48c2fa3b6988090e from file:///C:/Users/94910/Desktop/Car/Server/Photon-OnPremise-Server-SDK_v4-0-29-11263/deploy/ChatServer/ChatServer/bin/Photon.SocketServer.DLL
2020-02-18 23:02:12,408 [ 1] INFO  PhotonHostRuntime.PhotonDomainManager - AssemblyLoadEvent: ExitGamesLibs, Version=1.0.4.0, Culture=neutral, PublicKeyToken=eac0edd9746a4aa0 from file:///C:/Users/94910/Desktop/Car/Server/Photon-OnPremise-Server-SDK_v4-0-29-11263/deploy/ChatServer/ChatServer/bin/ExitGamesLibs.DLL
2020-02-18 23:02:12,427 [ 1] INFO  PhotonHostRuntime.PhotonDomainManager - Starting: name = 'ChatServer', assemblyName = 'ChatServer', typeName = 'Server.ChatServer'
2020-02-18 23:02:12,463 [ 1] INFO  PhotonHostRuntime.PhotonDomainManager - PhotonRunning: ApplicationName = 'ChatServer', DomainId='2' -- calling Application.Setup
2020-02-18 23:02:12,486 [ 1] INFO  PhotonHostRuntime.PhotonDomainManager - PhotonRunning: ApplicationName = 'DefaultDomain', DomainId='1'
2020-02-20 22:19:34,383 [ 1] INFO  PhotonHostRuntime.PhotonDomainManager - Initialize: ApplicationName = 'DefaultDomain', DomainID = '1'
2020-02-20 22:19:34,415 [ 1] INFO  PhotonHostRuntime.PhotonDomainManager - AppDomains with unhandled exceptions are usually not unloaded and restarted.
2020-02-20 22:19:34,427 [ 1] INFO  PhotonHostRuntime.PhotonDomainManager - Getting license information:
2020-02-20 22:19:35,022 [ 1] INFO  PhotonHostRuntime.PhotonLicensing - LICENSE: Type:Standard; Plan:Free; Expiration: never; floating license: yes; max connections: 100; valid IPs: any; status:Licensed
2020-02-20 22:19:36,586 [ 1] INFO  PhotonHostRuntime.PhotonDomainManager - CreateAppDomain: name = 'CarServer' , assemblyName = 'CarServer'
2020-02-20 22:19:36,597 [ 1] INFO  PhotonHostRuntime.PhotonDomainManager -   ApplicationBase = 'C:\Users\94910\Desktop\Car\Server\Photon-OnPremise-Server-SDK_v4-0-29-11263\deploy'
2020-02-20 22:19:36,602 [ 1] INFO  PhotonHostRuntime.PhotonDomainManager -   PrivateBinPath = 'C:\Users\94910\Desktop\Car\Server\Photon-OnPremise-Server-SDK_v4-0-29-11263\deploy\CarServer\bin;bin_Win64;Shared;'
2020-02-20 22:19:36,610 [ 1] INFO  PhotonHostRuntime.PhotonDomainManager -   ConfigurationFile = ''
2020-02-20 22:19:36,617 [ 1] INFO  PhotonHostRuntime.PhotonDomainManager -   CachePath = 'C:\Users\94910\Desktop\Car\Server\Photon-OnPremise-Server-SDK_v4-0-29-11263\deploy\CarServer\bin\Cache'
2020-02-20 22:19:36,872 [ 1] INFO  PhotonHostRuntime.PhotonDomainManager -   ApplicationPath = 'C:\Users\94910\Desktop\Car\Server\Photon-OnPremise-Server-SDK_v4-0-29-11263\deploy\CarServer'
2020-02-20 22:19:36,882 [ 1] INFO  PhotonHostRuntime.PhotonDomainManager -   BinaryPath = 'C:\Users\94910\Desktop\Car\Server\Photon-OnPremise-Server-SDK_v4-0-29-11263\deploy\CarServer\bin'
2020-02-20 22:19:36,893 [ 1] INFO  PhotonHostRuntime.PhotonDomainManager -   ApplicationRootPath = 'C:\Users\94910\Desktop\Car\Server\Photon-OnPremise-Server-SDK_v4-0-29-11263\deploy'
2020-02-20 22:19:36,900 [ 1] INFO  PhotonHostRuntime.PhotonDomainManager -   UnmanagedLogPath = 'C:\Users\94910\Desktop\Car\Server\Photon-OnPremise-Server-SDK_v4-0-29-11263\deploy\bin_Win64\log'
2020-02-20 22:19:36,960 [ 1] INFO  PhotonHostRuntime.PhotonDomainManager - AssemblyLoadEvent: CarServer, Version=1.0.0.0, Culture=neutral, PublicKeyToken=null from file:///C:/Users/94910/Desktop/Car/Server/Photon-OnPremise-Server-SDK_v4-0-29-11263/deploy/CarServer/bin/CarServer.DLL
2020-02-20 22:19:36,970 [ 1] INFO  PhotonHostRuntime.PhotonDomainManager - Photon SDK:4.0.28.11245
2020-02-20 22:19:37,057 [ 1] INFO  PhotonHostRuntime.PhotonDomainManager - AssemblyLoadEvent: Photon.SocketServer, Version=4.0.28.11245, Culture=neutral, PublicKeyToken=48c2fa3b6988090e from file:///C:/Users/94910/Desktop/Car/Server/Photon-OnPremise-Server-SDK_v4-0-29-11263/deploy/CarServer/bin/Photon.SocketServer.DLL
2020-02-20 22:19:37,164 [ 1] INFO  PhotonHostRuntime.PhotonDomainManager - AssemblyLoadEvent: ExitGamesLibs, Version=1.0.4.0, Culture=neutral, PublicKeyToken=eac0edd9746a4aa0 from file:///C:/Users/94910/Desktop/Car/Server/Photon-OnPremise-Server-SDK_v4-0-29-11263/deploy/CarServer/bin/ExitGamesLibs.DLL
2020-02-20 22:19:37,185 [ 1] INFO  PhotonHostRuntime.PhotonDomainManager - Starting: name = 'CarServer', assemblyName = 'CarServer', typeName = 'CarServer.CarApplication'
2020-02-20 22:19:37,238 [ 1] INFO  PhotonHostRuntime.PhotonDomainManager - PhotonRunning: ApplicationName = 'CarServer', DomainId='2' -- calling Application.Setup
2020-02-20 22:19:37,286 [ 1] INFO  PhotonHostRuntime.PhotonDomainManager - AssemblyLoadEvent: ExitGames.Logging.Log4Net, Version=1.0.4.0, Culture=neutral, PublicKeyToken=eac0edd9746a4aa0 from file:///C:/Users/94910/Desktop/Car/Server/Photon-OnPremise-Server-SDK_v4-0-29-11263/deploy/CarServer/bin/ExitGames.Logging.Log4Net.DLL
2020-02-20 22:19:37,449 [ 1] INFO  PhotonHostRuntime.PhotonDomainManager - PhotonRunning: ApplicationName = 'DefaultDomain', DomainId='1'
2020-02-20 22:19:54,410 [ 1] INFO  PhotonHostRuntime.PhotonDomainManager - RequestStop: ApplicationName = 'CarServer', DomainId='2' -- calling Application.OnStopRequested()
2020-02-20 22:19:54,431 [ 1] INFO  PhotonHostRuntime.PhotonDomainManager - RequestStop: ApplicationName = 'DefaultDomain', DomainId='1'
2020-02-20 22:19:54,447 [ 1] INFO  PhotonHostRuntime.PhotonDomainManager - Stop: ApplicationName = 'CarServer', DomainId='2' -- calling Application.TearDown()
2020-02-28 18:31:16,316 [ 1] INFO  PhotonHostRuntime.PhotonDomainManager - Initialize: ApplicationName = 'DefaultDomain', DomainID = '1'
2020-02-28 18:31:16,342 [ 1] INFO  PhotonHostRuntime.PhotonDomainManager - AppDomains with unhandled exceptions are usually not unloaded and restarted.
2020-02-28 18:31:16,351 [ 1] INFO  PhotonHostRuntime.PhotonDomainManager - Getting license information:
2020-02-28 18:31:16,805 [ 1] INFO  PhotonHostRuntime.PhotonLicensing - LICENSE: Type:Standard; Plan:Free; Expiration: never; floating license: yes; max connections: 100; valid IPs: any; status:Licensed
2020-02-28 18:31:18,281 [ 1] INFO  PhotonHostRuntime.PhotonDomainManager - CreateAppDomain: name = 'CarServer' , assemblyName = 'CarServer'
2020-02-28 18:31:18,289 [ 1] INFO  PhotonHostRuntime.PhotonDomainManager -   ApplicationBase = 'C:\Users\94910\Desktop\Car\Server\Photon-OnPremise-Server-SDK_v4-0-29-11263\deploy'
2020-02-28 18:31:18,296 [ 1] INFO  PhotonHostRuntime.PhotonDomainManager -   PrivateBinPath = 'C:\Users\94910\Desktop\Car\Server\Photon-OnPremise-Server-SDK_v4-0-29-11263\deploy\CarServer\bin;bin_Win64;Shared;'
2020-02-28 18:31:18,303 [ 1] INFO  PhotonHostRuntime.PhotonDomainManager -   ConfigurationFile = ''
2020-02-28 18:31:18,310 [ 1] INFO  PhotonHostRuntime.PhotonDomainManager -   CachePath = 'C:\Users\94910\Desktop\Car\Server\Photon-OnPremise-Server-SDK_v4-0-29-11263\deploy\CarServer\bin\Cache'
2020-02-28 18:31:18,602 [ 1] INFO  PhotonHostRuntime.PhotonDomainManager -   ApplicationPath = 'C:\Users\94910\Desktop\Car\Server\Photon-OnPremise-Server-SDK_v4-0-29-11263\deploy\CarServer'
2020-02-28 18:31:18,610 [ 1] INFO  PhotonHostRuntime.PhotonDomainManager -   BinaryPath = 'C:\Users\94910\Desktop\Car\Server\Photon-OnPremise-Server-SDK_v4-0-29-11263\deploy\CarServer\bin'
2020-02-28 18:31:18,617 [ 1] INFO  PhotonHostRuntime.PhotonDomainManager -   ApplicationRootPath = 'C:\Users\94910\Desktop\Car\Server\Photon-OnPremise-Server-SDK_v4-0-29-11263\deploy'
2020-02-28 18:31:18,626 [ 1] INFO  PhotonHostRuntime.PhotonDomainManager -   UnmanagedLogPath = 'C:\Users\94910\Desktop\Car\Server\Photon-OnPremise-Server-SDK_v4-0-29-11263\deploy\bin_Win64\log'
2020-02-28 18:31:18,690 [ 1] INFO  PhotonHostRuntime.PhotonDomainManager - AssemblyLoadEvent: CarServer, Version=1.0.0.0, Culture=neutral, PublicKeyToken=null from file:///C:/Users/94910/Desktop/Car/Server/Photon-OnPremise-Server-SDK_v4-0-29-11263/deploy/CarServer/bin/CarServer.DLL
2020-02-28 18:31:18,697 [ 1] INFO  PhotonHostRuntime.PhotonDomainManager - Photon SDK:4.0.28.11245
2020-02-28 18:31:18,849 [ 1] INFO  PhotonHostRuntime.PhotonDomainManager - AssemblyLoadEvent: Photon.SocketServer, Version=4.0.28.11245, Culture=neutral, PublicKeyToken=48c2fa3b6988090e from file:///C:/Users/94910/Desktop/Car/Server/Photon-OnPremise-Server-SDK_v4-0-29-11263/deploy/CarServer/bin/Photon.SocketServer.DLL
2020-02-28 18:31:18,969 [ 1] INFO  PhotonHostRuntime.PhotonDomainManager - AssemblyLoadEvent: ExitGamesLibs, Version=1.0.4.0, Culture=neutral, PublicKeyToken=eac0edd9746a4aa0 from file:///C:/Users/94910/Desktop/Car/Server/Photon-OnPremise-Server-SDK_v4-0-29-11263/deploy/CarServer/bin/ExitGamesLibs.DLL
2020-02-28 18:31:18,985 [ 1] INFO  PhotonHostRuntime.PhotonDomainManager - Starting: name = 'CarServer', assemblyName = 'CarServer', typeName = 'CarServer.CarApplication'
2020-02-28 18:31:19,020 [ 1] INFO  PhotonHostRuntime.PhotonDomainManager - PhotonRunning: ApplicationName = 'CarServer', DomainId='2' -- calling Application.Setup
2020-02-28 18:31:19,058 [ 1] INFO  PhotonHostRuntime.PhotonDomainManager - AssemblyLoadEvent: ExitGames.Logging.Log4Net, Version=1.0.4.0, Culture=neutral, PublicKeyToken=eac0edd9746a4aa0 from file:///C:/Users/94910/Desktop/Car/Server/Photon-OnPremise-Server-SDK_v4-0-29-11263/deploy/CarServer/bin/ExitGames.Logging.Log4Net.DLL
2020-02-28 18:31:19,190 [ 1] INFO  PhotonHostRuntime.PhotonDomainManager - PhotonRunning: ApplicationName = 'DefaultDomain', DomainId='1'
2020-02-28 18:32:00,525 [10] ERROR PhotonHostRuntime.PhotonLicensing - Connect to Photon License Server failed, can't verify floating license.
2020-02-28 18:32:00,538 [ 1] INFO  PhotonHostRuntime.PhotonDomainManager - RequestStop: ApplicationName = 'CarServer', DomainId='2' -- calling Application.OnStopRequested()
2020-02-28 18:32:00,558 [ 1] INFO  PhotonHostRuntime.PhotonDomainManager - RequestStop: ApplicationName = 'DefaultDomain', DomainId='1'
2020-02-28 18:32:00,573 [ 1] INFO  PhotonHostRuntime.PhotonDomainManager - Stop: ApplicationName = 'CarServer', DomainId='2' -- calling Application.TearDown()
2020-02-28 18:35:55,174 [ 1] INFO  PhotonHostRuntime.PhotonDomainManager - Initialize: ApplicationName = 'DefaultDomain', DomainID = '1'
2020-02-28 18:35:55,201 [ 1] INFO  PhotonHostRuntime.PhotonDomainManager - AppDomains with unhandled exceptions are usually not unloaded and restarted.
2020-02-28 18:35:55,211 [ 1] INFO  PhotonHostRuntime.PhotonDomainManager - Getting license information:
2020-02-28 18:35:55,624 [ 1] INFO  PhotonHostRuntime.PhotonLicensing - LICENSE: Type:Standard; Plan:Free; Expiration: never; floating license: yes; max connections: 100; valid IPs: any; status:Licensed
2020-02-28 18:35:57,125 [ 1] INFO  PhotonHostRuntime.PhotonDomainManager - CreateAppDomain: name = 'CarServer' , assemblyName = 'CarServer'
2020-02-28 18:35:57,133 [ 1] INFO  PhotonHostRuntime.PhotonDomainManager -   ApplicationBase = 'C:\Users\94910\Desktop\Car\Server\Photon-OnPremise-Server-SDK_v4-0-29-11263\deploy'
2020-02-28 18:35:57,139 [ 1] INFO  PhotonHostRuntime.PhotonDomainManager -   PrivateBinPath = 'C:\Users\94910\Desktop\Car\Server\Photon-OnPremise-Server-SDK_v4-0-29-11263\deploy\CarServer\bin;bin_Win64;Shared;'
2020-02-28 18:35:57,145 [ 1] INFO  PhotonHostRuntime.PhotonDomainManager -   ConfigurationFile = ''
2020-02-28 18:35:57,152 [ 1] INFO  PhotonHostRuntime.PhotonDomainManager -   CachePath = 'C:\Users\94910\Desktop\Car\Server\Photon-OnPremise-Server-SDK_v4-0-29-11263\deploy\CarServer\bin\Cache'
2020-02-28 18:35:57,304 [ 1] INFO  PhotonHostRuntime.PhotonDomainManager -   ApplicationPath = 'C:\Users\94910\Desktop\Car\Server\Photon-OnPremise-Server-SDK_v4-0-29-11263\deploy\CarServer'
2020-02-28 18:35:57,311 [ 1] INFO  PhotonHostRuntime.PhotonDomainManager -   BinaryPath = 'C:\Users\94910\Desktop\Car\Server\Photon-OnPremise-Server-SDK_v4-0-29-11263\deploy\CarServer\bin'
2020-02-28 18:35:57,318 [ 1] INFO  PhotonHostRuntime.PhotonDomainManager -   ApplicationRootPath = 'C:\Users\94910\Desktop\Car\Server\Photon-OnPremise-Server-SDK_v4-0-29-11263\deploy'
2020-02-28 18:35:57,324 [ 1] INFO  PhotonHostRuntime.PhotonDomainManager -   UnmanagedLogPath = 'C:\Users\94910\Desktop\Car\Server\Photon-OnPremise-Server-SDK_v4-0-29-11263\deploy\bin_Win64\log'
2020-02-28 18:35:57,357 [ 1] INFO  PhotonHostRuntime.PhotonDomainManager - AssemblyLoadEvent: CarServer, Version=1.0.0.0, Culture=neutral, PublicKeyToken=null from file:///C:/Users/94910/Desktop/Car/Server/Photon-OnPremise-Server-SDK_v4-0-29-11263/deploy/CarServer/bin/CarServer.DLL
2020-02-28 18:35:57,365 [ 1] INFO  PhotonHostRuntime.PhotonDomainManager - Photon SDK:4.0.28.11245
2020-02-28 18:35:57,418 [ 1] INFO  PhotonHostRuntime.PhotonDomainManager - AssemblyLoadEvent: Photon.SocketServer, Version=4.0.28.11245, Culture=neutral, PublicKeyToken=48c2fa3b6988090e from file:///C:/Users/94910/Desktop/Car/Server/Photon-OnPremise-Server-SDK_v4-0-29-11263/deploy/CarServer/bin/Photon.SocketServer.DLL
2020-02-28 18:35:57,462 [ 1] INFO  PhotonHostRuntime.PhotonDomainManager - AssemblyLoadEvent: ExitGamesLibs, Version=1.0.4.0, Culture=neutral, PublicKeyToken=eac0edd9746a4aa0 from file:///C:/Users/94910/Desktop/Car/Server/Photon-OnPremise-Server-SDK_v4-0-29-11263/deploy/CarServer/bin/ExitGamesLibs.DLL
2020-02-28 18:35:57,475 [ 1] INFO  PhotonHostRuntime.PhotonDomainManager - Starting: name = 'CarServer', assemblyName = 'CarServer', typeName = 'CarServer.CarApplication'
2020-02-28 18:35:57,513 [ 1] INFO  PhotonHostRuntime.PhotonDomainManager - PhotonRunning: ApplicationName = 'CarServer', DomainId='2' -- calling Application.Setup
2020-02-28 18:35:57,535 [ 1] INFO  PhotonHostRuntime.PhotonDomainManager - AssemblyLoadEvent: ExitGames.Logging.Log4Net, Version=1.0.4.0, Culture=neutral, PublicKeyToken=eac0edd9746a4aa0 from file:///C:/Users/94910/Desktop/Car/Server/Photon-OnPremise-Server-SDK_v4-0-29-11263/deploy/CarServer/bin/ExitGames.Logging.Log4Net.DLL
2020-02-28 18:35:57,673 [ 1] INFO  PhotonHostRuntime.PhotonDomainManager - PhotonRunning: ApplicationName = 'DefaultDomain', DomainId='1'
2020-02-28 18:39:45,577 [17] INFO  PhotonHostRuntime.PhotonDomainManager - CreateAppDomain: name = 'CarServer' , assemblyName = 'CarServer'
2020-02-28 18:39:45,583 [17] INFO  PhotonHostRuntime.PhotonDomainManager -   ApplicationBase = 'C:\Users\94910\Desktop\Car\Server\Photon-OnPremise-Server-SDK_v4-0-29-11263\deploy'
2020-02-28 18:39:45,593 [17] INFO  PhotonHostRuntime.PhotonDomainManager -   PrivateBinPath = 'C:\Users\94910\Desktop\Car\Server\Photon-OnPremise-Server-SDK_v4-0-29-11263\deploy\CarServer\bin;bin_Win64;Shared;'
2020-02-28 18:39:45,599 [17] INFO  PhotonHostRuntime.PhotonDomainManager -   ConfigurationFile = ''
2020-02-28 18:39:45,607 [17] INFO  PhotonHostRuntime.PhotonDomainManager -   CachePath = 'C:\Users\94910\Desktop\Car\Server\Photon-OnPremise-Server-SDK_v4-0-29-11263\deploy\CarServer\bin\Cache'
2020-02-28 18:39:45,768 [17] INFO  PhotonHostRuntime.PhotonDomainManager -   ApplicationPath = 'C:\Users\94910\Desktop\Car\Server\Photon-OnPremise-Server-SDK_v4-0-29-11263\deploy\CarServer'
2020-02-28 18:39:45,778 [17] INFO  PhotonHostRuntime.PhotonDomainManager -   BinaryPath = 'C:\Users\94910\Desktop\Car\Server\Photon-OnPremise-Server-SDK_v4-0-29-11263\deploy\CarServer\bin'
2020-02-28 18:39:45,786 [17] INFO  PhotonHostRuntime.PhotonDomainManager -   ApplicationRootPath = 'C:\Users\94910\Desktop\Car\Server\Photon-OnPremise-Server-SDK_v4-0-29-11263\deploy'
2020-02-28 18:39:45,798 [17] INFO  PhotonHostRuntime.PhotonDomainManager -   UnmanagedLogPath = 'C:\Users\94910\Desktop\Car\Server\Photon-OnPremise-Server-SDK_v4-0-29-11263\deploy\bin_Win64\log'
2020-02-28 18:39:45,863 [17] INFO  PhotonHostRuntime.PhotonDomainManager - AssemblyLoadEvent: CarServer, Version=1.0.0.0, Culture=neutral, PublicKeyToken=null from file:///C:/Users/94910/Desktop/Car/Server/Photon-OnPremise-Server-SDK_v4-0-29-11263/deploy/CarServer/bin/CarServer.DLL
2020-02-28 18:39:45,873 [17] INFO  PhotonHostRuntime.PhotonDomainManager - Photon SDK:4.0.28.11245
2020-02-28 18:39:45,938 [17] INFO  PhotonHostRuntime.PhotonDomainManager - AssemblyLoadEvent: Photon.SocketServer, Version=4.0.28.11245, Culture=neutral, PublicKeyToken=48c2fa3b6988090e from file:///C:/Users/94910/Desktop/Car/Server/Photon-OnPremise-Server-SDK_v4-0-29-11263/deploy/CarServer/bin/Photon.SocketServer.DLL
2020-02-28 18:39:45,988 [17] INFO  PhotonHostRuntime.PhotonDomainManager - AssemblyLoadEvent: ExitGamesLibs, Version=1.0.4.0, Culture=neutral, PublicKeyToken=eac0edd9746a4aa0 from file:///C:/Users/94910/Desktop/Car/Server/Photon-OnPremise-Server-SDK_v4-0-29-11263/deploy/CarServer/bin/ExitGamesLibs.DLL
2020-02-28 18:39:46,001 [17] INFO  PhotonHostRuntime.PhotonDomainManager - Starting: name = 'CarServer', assemblyName = 'CarServer', typeName = 'CarServer.CarApplication'
2020-02-28 18:39:46,012 [17] INFO  PhotonHostRuntime.PhotonDomainManager - PhotonRunning: ApplicationName = 'CarServer', DomainId='3' -- calling Application.Setup
2020-02-28 18:39:46,029 [17] INFO  PhotonHostRuntime.PhotonDomainManager - AssemblyLoadEvent: ExitGames.Logging.Log4Net, Version=1.0.4.0, Culture=neutral, PublicKeyToken=eac0edd9746a4aa0 from file:///C:/Users/94910/Desktop/Car/Server/Photon-OnPremise-Server-SDK_v4-0-29-11263/deploy/CarServer/bin/ExitGames.Logging.Log4Net.DLL
2020-02-28 18:39:46,177 [17] INFO  PhotonHostRuntime.PhotonDomainManager - RequestStop: ApplicationName = 'CarServer', DomainId='2' -- calling Application.OnStopRequested()
2020-02-28 18:39:46,198 [14] INFO  PhotonHostRuntime.PhotonDomainManager - Stop: ApplicationName = 'CarServer', DomainId='2' -- calling Application.TearDown()
2020-02-28 18:39:49,879 [ 1] INFO  PhotonHostRuntime.PhotonDomainManager - RequestStop: ApplicationName = 'CarServer', DomainId='3' -- calling Application.OnStopRequested()
2020-02-28 18:39:49,910 [ 1] INFO  PhotonHostRuntime.PhotonDomainManager - RequestStop: ApplicationName = 'DefaultDomain', DomainId='1'
2020-02-28 18:39:49,922 [ 1] INFO  PhotonHostRuntime.PhotonDomainManager - Stop: ApplicationName = 'CarServer', DomainId='3' -- calling Application.TearDown()
2020-02-28 18:39:53,829 [ 1] INFO  PhotonHostRuntime.PhotonDomainManager - Initialize: ApplicationName = 'DefaultDomain', DomainID = '1'
2020-02-28 18:39:53,856 [ 1] INFO  PhotonHostRuntime.PhotonDomainManager - AppDomains with unhandled exceptions are usually not unloaded and restarted.
2020-02-28 18:39:53,866 [ 1] INFO  PhotonHostRuntime.PhotonDomainManager - Getting license information:
2020-02-28 18:39:54,325 [ 1] INFO  PhotonHostRuntime.PhotonLicensing - LICENSE: Type:Standard; Plan:Free; Expiration: never; floating license: yes; max connections: 100; valid IPs: any; status:Licensed
2020-02-28 18:39:56,231 [ 1] INFO  PhotonHostRuntime.PhotonDomainManager - CreateAppDomain: name = 'CarServer' , assemblyName = 'CarServer'
2020-02-28 18:39:56,241 [ 1] INFO  PhotonHostRuntime.PhotonDomainManager -   ApplicationBase = 'C:\Users\94910\Desktop\Car\Server\Photon-OnPremise-Server-SDK_v4-0-29-11263\deploy'
2020-02-28 18:39:56,247 [ 1] INFO  PhotonHostRuntime.PhotonDomainManager -   PrivateBinPath = 'C:\Users\94910\Desktop\Car\Server\Photon-OnPremise-Server-SDK_v4-0-29-11263\deploy\CarServer\bin;bin_Win64;Shared;'
2020-02-28 18:39:56,256 [ 1] INFO  PhotonHostRuntime.PhotonDomainManager -   ConfigurationFile = ''
2020-02-28 18:39:56,264 [ 1] INFO  PhotonHostRuntime.PhotonDomainManager -   CachePath = 'C:\Users\94910\Desktop\Car\Server\Photon-OnPremise-Server-SDK_v4-0-29-11263\deploy\CarServer\bin\Cache'
2020-02-28 18:39:56,445 [ 1] INFO  PhotonHostRuntime.PhotonDomainManager -   ApplicationPath = 'C:\Users\94910\Desktop\Car\Server\Photon-OnPremise-Server-SDK_v4-0-29-11263\deploy\CarServer'
2020-02-28 18:39:56,455 [ 1] INFO  PhotonHostRuntime.PhotonDomainManager -   BinaryPath = 'C:\Users\94910\Desktop\Car\Server\Photon-OnPremise-Server-SDK_v4-0-29-11263\deploy\CarServer\bin'
2020-02-28 18:39:56,462 [ 1] INFO  PhotonHostRuntime.PhotonDomainManager -   ApplicationRootPath = 'C:\Users\94910\Desktop\Car\Server\Photon-OnPremise-Server-SDK_v4-0-29-11263\deploy'
2020-02-28 18:39:56,472 [ 1] INFO  PhotonHostRuntime.PhotonDomainManager -   UnmanagedLogPath = 'C:\Users\94910\Desktop\Car\Server\Photon-OnPremise-Server-SDK_v4-0-29-11263\deploy\bin_Win64\log'
2020-02-28 18:39:56,509 [ 1] INFO  PhotonHostRuntime.PhotonDomainManager - AssemblyLoadEvent: CarServer, Version=1.0.0.0, Culture=neutral, PublicKeyToken=null from file:///C:/Users/94910/Desktop/Car/Server/Photon-OnPremise-Server-SDK_v4-0-29-11263/deploy/CarServer/bin/CarServer.DLL
2020-02-28 18:39:56,518 [ 1] INFO  PhotonHostRuntime.PhotonDomainManager - Photon SDK:4.0.28.11245
2020-02-28 18:39:56,580 [ 1] INFO  PhotonHostRuntime.PhotonDomainManager - AssemblyLoadEvent: Photon.SocketServer, Version=4.0.28.11245, Culture=neutral, PublicKeyToken=48c2fa3b6988090e from file:///C:/Users/94910/Desktop/Car/Server/Photon-OnPremise-Server-SDK_v4-0-29-11263/deploy/CarServer/bin/Photon.SocketServer.DLL
2020-02-28 18:39:56,636 [ 1] INFO  PhotonHostRuntime.PhotonDomainManager - AssemblyLoadEvent: ExitGamesLibs, Version=1.0.4.0, Culture=neutral, PublicKeyToken=eac0edd9746a4aa0 from file:///C:/Users/94910/Desktop/Car/Server/Photon-OnPremise-Server-SDK_v4-0-29-11263/deploy/CarServer/bin/ExitGamesLibs.DLL
2020-02-28 18:39:56,649 [ 1] INFO  PhotonHostRuntime.PhotonDomainManager - Starting: name = 'CarServer', assemblyName = 'CarServer', typeName = 'CarServer.CarApplication'
2020-02-28 18:39:56,690 [ 1] INFO  PhotonHostRuntime.PhotonDomainManager - PhotonRunning: ApplicationName = 'CarServer', DomainId='2' -- calling Application.Setup
2020-02-28 18:39:56,710 [ 1] INFO  PhotonHostRuntime.PhotonDomainManager - AssemblyLoadEvent: ExitGames.Logging.Log4Net, Version=1.0.4.0, Culture=neutral, PublicKeyToken=eac0edd9746a4aa0 from file:///C:/Users/94910/Desktop/Car/Server/Photon-OnPremise-Server-SDK_v4-0-29-11263/deploy/CarServer/bin/ExitGames.Logging.Log4Net.DLL
2020-02-28 18:39:56,870 [ 1] INFO  PhotonHostRuntime.PhotonDomainManager - PhotonRunning: ApplicationName = 'DefaultDomain', DomainId='1'
2020-02-28 18:51:54,109 [15] INFO  PhotonHostRuntime.PhotonDomainManager - CreateAppDomain: name = 'CarServer' , assemblyName = 'CarServer'
2020-02-28 18:51:54,119 [15] INFO  PhotonHostRuntime.PhotonDomainManager -   ApplicationBase = 'C:\Users\94910\Desktop\Car\Server\Photon-OnPremise-Server-SDK_v4-0-29-11263\deploy'
2020-02-28 18:51:54,130 [15] INFO  PhotonHostRuntime.PhotonDomainManager -   PrivateBinPath = 'C:\Users\94910\Desktop\Car\Server\Photon-OnPremise-Server-SDK_v4-0-29-11263\deploy\CarServer\bin;bin_Win64;Shared;'
2020-02-28 18:51:54,139 [15] INFO  PhotonHostRuntime.PhotonDomainManager -   ConfigurationFile = ''
2020-02-28 18:51:54,148 [15] INFO  PhotonHostRuntime.PhotonDomainManager -   CachePath = 'C:\Users\94910\Desktop\Car\Server\Photon-OnPremise-Server-SDK_v4-0-29-11263\deploy\CarServer\bin\Cache'
2020-02-28 18:51:54,325 [15] INFO  PhotonHostRuntime.PhotonDomainManager -   ApplicationPath = 'C:\Users\94910\Desktop\Car\Server\Photon-OnPremise-Server-SDK_v4-0-29-11263\deploy\CarServer'
2020-02-28 18:51:54,332 [15] INFO  PhotonHostRuntime.PhotonDomainManager -   BinaryPath = 'C:\Users\94910\Desktop\Car\Server\Photon-OnPremise-Server-SDK_v4-0-29-11263\deploy\CarServer\bin'
2020-02-28 18:51:54,340 [15] INFO  PhotonHostRuntime.PhotonDomainManager -   ApplicationRootPath = 'C:\Users\94910\Desktop\Car\Server\Photon-OnPremise-Server-SDK_v4-0-29-11263\deploy'
2020-02-28 18:51:54,349 [15] INFO  PhotonHostRuntime.PhotonDomainManager -   UnmanagedLogPath = 'C:\Users\94910\Desktop\Car\Server\Photon-OnPremise-Server-SDK_v4-0-29-11263\deploy\bin_Win64\log'
2020-02-28 18:51:54,415 [15] INFO  PhotonHostRuntime.PhotonDomainManager - AssemblyLoadEvent: CarServer, Version=1.0.0.0, Culture=neutral, PublicKeyToken=null from file:///C:/Users/94910/Desktop/Car/Server/Photon-OnPremise-Server-SDK_v4-0-29-11263/deploy/CarServer/bin/CarServer.DLL
2020-02-28 18:51:54,422 [15] INFO  PhotonHostRuntime.PhotonDomainManager - Photon SDK:4.0.28.11245
2020-02-28 18:51:54,481 [15] INFO  PhotonHostRuntime.PhotonDomainManager - AssemblyLoadEvent: Photon.SocketServer, Version=4.0.28.11245, Culture=neutral, PublicKeyToken=48c2fa3b6988090e from file:///C:/Users/94910/Desktop/Car/Server/Photon-OnPremise-Server-SDK_v4-0-29-11263/deploy/CarServer/bin/Photon.SocketServer.DLL
2020-02-28 18:51:54,526 [15] INFO  PhotonHostRuntime.PhotonDomainManager - AssemblyLoadEvent: ExitGamesLibs, Version=1.0.4.0, Culture=neutral, PublicKeyToken=eac0edd9746a4aa0 from file:///C:/Users/94910/Desktop/Car/Server/Photon-OnPremise-Server-SDK_v4-0-29-11263/deploy/CarServer/bin/ExitGamesLibs.DLL
2020-02-28 18:51:54,539 [15] INFO  PhotonHostRuntime.PhotonDomainManager - Starting: name = 'CarServer', assemblyName = 'CarServer', typeName = 'CarServer.CarApplication'
2020-02-28 18:51:54,548 [15] INFO  PhotonHostRuntime.PhotonDomainManager - PhotonRunning: ApplicationName = 'CarServer', DomainId='3' -- calling Application.Setup
2020-02-28 18:51:54,565 [15] INFO  PhotonHostRuntime.PhotonDomainManager - AssemblyLoadEvent: ExitGames.Logging.Log4Net, Version=1.0.4.0, Culture=neutral, PublicKeyToken=eac0edd9746a4aa0 from file:///C:/Users/94910/Desktop/Car/Server/Photon-OnPremise-Server-SDK_v4-0-29-11263/deploy/CarServer/bin/ExitGames.Logging.Log4Net.DLL
2020-02-28 18:51:54,714 [15] INFO  PhotonHostRuntime.PhotonDomainManager - RequestStop: ApplicationName = 'CarServer', DomainId='2' -- calling Application.OnStopRequested()
2020-02-28 18:51:54,737 [15] INFO  PhotonHostRuntime.PhotonDomainManager - Stop: ApplicationName = 'CarServer', DomainId='2' -- calling Application.TearDown()
2020-02-28 18:51:55,984 [ 1] INFO  PhotonHostRuntime.PhotonDomainManager - RequestStop: ApplicationName = 'CarServer', DomainId='3' -- calling Application.OnStopRequested()
2020-02-28 18:51:56,011 [ 1] INFO  PhotonHostRuntime.PhotonDomainManager - RequestStop: ApplicationName = 'DefaultDomain', DomainId='1'
2020-02-28 18:51:56,019 [ 1] INFO  PhotonHostRuntime.PhotonDomainManager - Stop: ApplicationName = 'CarServer', DomainId='3' -- calling Application.TearDown()
2020-02-28 18:52:02,948 [ 1] INFO  PhotonHostRuntime.PhotonDomainManager - Initialize: ApplicationName = 'DefaultDomain', DomainID = '1'
2020-02-28 18:52:02,975 [ 1] INFO  PhotonHostRuntime.PhotonDomainManager - AppDomains with unhandled exceptions are usually not unloaded and restarted.
2020-02-28 18:52:02,984 [ 1] INFO  PhotonHostRuntime.PhotonDomainManager - Getting license information:
2020-02-28 18:52:03,400 [ 1] INFO  PhotonHostRuntime.PhotonLicensing - LICENSE: Type:Standard; Plan:Free; Expiration: never; floating license: yes; max connections: 100; valid IPs: any; status:Licensed
2020-02-28 18:52:04,973 [ 1] INFO  PhotonHostRuntime.PhotonDomainManager - CreateAppDomain: name = 'CarServer' , assemblyName = 'CarServer'
2020-02-28 18:52:04,981 [ 1] INFO  PhotonHostRuntime.PhotonDomainManager -   ApplicationBase = 'C:\Users\94910\Desktop\Car\Server\Photon-OnPremise-Server-SDK_v4-0-29-11263\deploy'
2020-02-28 18:52:04,989 [ 1] INFO  PhotonHostRuntime.PhotonDomainManager -   PrivateBinPath = 'C:\Users\94910\Desktop\Car\Server\Photon-OnPremise-Server-SDK_v4-0-29-11263\deploy\CarServer\bin;bin_Win64;Shared;'
2020-02-28 18:52:04,998 [ 1] INFO  PhotonHostRuntime.PhotonDomainManager -   ConfigurationFile = ''
2020-02-28 18:52:05,008 [ 1] INFO  PhotonHostRuntime.PhotonDomainManager -   CachePath = 'C:\Users\94910\Desktop\Car\Server\Photon-OnPremise-Server-SDK_v4-0-29-11263\deploy\CarServer\bin\Cache'
2020-02-28 18:52:05,156 [ 1] INFO  PhotonHostRuntime.PhotonDomainManager -   ApplicationPath = 'C:\Users\94910\Desktop\Car\Server\Photon-OnPremise-Server-SDK_v4-0-29-11263\deploy\CarServer'
2020-02-28 18:52:05,163 [ 1] INFO  PhotonHostRuntime.PhotonDomainManager -   BinaryPath = 'C:\Users\94910\Desktop\Car\Server\Photon-OnPremise-Server-SDK_v4-0-29-11263\deploy\CarServer\bin'
2020-02-28 18:52:05,171 [ 1] INFO  PhotonHostRuntime.PhotonDomainManager -   ApplicationRootPath = 'C:\Users\94910\Desktop\Car\Server\Photon-OnPremise-Server-SDK_v4-0-29-11263\deploy'
2020-02-28 18:52:05,177 [ 1] INFO  PhotonHostRuntime.PhotonDomainManager -   UnmanagedLogPath = 'C:\Users\94910\Desktop\Car\Server\Photon-OnPremise-Server-SDK_v4-0-29-11263\deploy\bin_Win64\log'
2020-02-28 18:52:05,216 [ 1] INFO  PhotonHostRuntime.PhotonDomainManager - AssemblyLoadEvent: CarServer, Version=1.0.0.0, Culture=neutral, PublicKeyToken=null from file:///C:/Users/94910/Desktop/Car/Server/Photon-OnPremise-Server-SDK_v4-0-29-11263/deploy/CarServer/bin/CarServer.DLL
2020-02-28 18:52:05,224 [ 1] INFO  PhotonHostRuntime.PhotonDomainManager - Photon SDK:4.0.28.11245
2020-02-28 18:52:05,293 [ 1] INFO  PhotonHostRuntime.PhotonDomainManager - AssemblyLoadEvent: Photon.SocketServer, Version=4.0.28.11245, Culture=neutral, PublicKeyToken=48c2fa3b6988090e from file:///C:/Users/94910/Desktop/Car/Server/Photon-OnPremise-Server-SDK_v4-0-29-11263/deploy/CarServer/bin/Photon.SocketServer.DLL
2020-02-28 18:52:05,345 [ 1] INFO  PhotonHostRuntime.PhotonDomainManager - AssemblyLoadEvent: ExitGamesLibs, Version=1.0.4.0, Culture=neutral, PublicKeyToken=eac0edd9746a4aa0 from file:///C:/Users/94910/Desktop/Car/Server/Photon-OnPremise-Server-SDK_v4-0-29-11263/deploy/CarServer/bin/ExitGamesLibs.DLL
2020-02-28 18:52:05,363 [ 1] INFO  PhotonHostRuntime.PhotonDomainManager - Starting: name = 'CarServer', assemblyName = 'CarServer', typeName = 'CarServer.CarApplication'
2020-02-28 18:52:05,395 [ 1] INFO  PhotonHostRuntime.PhotonDomainManager - PhotonRunning: ApplicationName = 'CarServer', DomainId='2' -- calling Application.Setup
2020-02-28 18:52:05,412 [ 1] INFO  PhotonHostRuntime.PhotonDomainManager - AssemblyLoadEvent: ExitGames.Logging.Log4Net, Version=1.0.4.0, Culture=neutral, PublicKeyToken=eac0edd9746a4aa0 from file:///C:/Users/94910/Desktop/Car/Server/Photon-OnPremise-Server-SDK_v4-0-29-11263/deploy/CarServer/bin/ExitGames.Logging.Log4Net.DLL
2020-02-28 18:52:05,554 [ 1] INFO  PhotonHostRuntime.PhotonDomainManager - PhotonRunning: ApplicationName = 'DefaultDomain', DomainId='1'
2020-02-28 18:52:15,392 [11] INFO  PhotonHostRuntime.PhotonDomainManager - AssemblyLoadEvent: CarCommon, Version=1.0.0.0, Culture=neutral, PublicKeyToken=null from file:///C:/Users/94910/Desktop/Car/Server/Photon-OnPremise-Server-SDK_v4-0-29-11263/deploy/CarServer/bin/CarCommon.DLL
2020-02-28 18:52:15,462 [11] INFO  PhotonHostRuntime.PhotonDomainManager - AssemblyLoadEvent: LitJSON, Version=0.16.0.0, Culture=neutral, PublicKeyToken=null from file:///C:/Users/94910/Desktop/Car/Server/Photon-OnPremise-Server-SDK_v4-0-29-11263/deploy/CarServer/bin/LitJSON.DLL
2020-02-28 18:52:15,745 [11] INFO  PhotonHostRuntime.PhotonDomainManager - AssemblyLoadEvent: NHibernate, Version=5.1.0.0, Culture=neutral, PublicKeyToken=aa95f207798dfdb4 from file:///C:/Users/94910/Desktop/Car/Server/Photon-OnPremise-Server-SDK_v4-0-29-11263/deploy/CarServer/bin/NHibernate.DLL
2020-02-28 18:52:15,760 [11] INFO  PhotonHostRuntime.PhotonDomainManager - AssemblyLoadEvent: System.Data, Version=4.0.0.0, Culture=neutral, PublicKeyToken=b77a5c561934e089 from file:///C:/WINDOWS/Microsoft.Net/assembly/GAC_64/System.Data/v4.0_4.0.0.0__b77a5c561934e089/System.Data.dll
2020-02-28 19:06:13,098 [ 1] INFO  PhotonHostRuntime.PhotonDomainManager - RequestStop: ApplicationName = 'DefaultDomain', DomainId='1'
2020-02-28 19:06:16,218 [ 1] INFO  PhotonHostRuntime.PhotonDomainManager - Initialize: ApplicationName = 'DefaultDomain', DomainID = '1'
2020-02-28 19:06:16,241 [ 1] INFO  PhotonHostRuntime.PhotonDomainManager - AppDomains with unhandled exceptions are usually not unloaded and restarted.
2020-02-28 19:06:16,251 [ 1] INFO  PhotonHostRuntime.PhotonDomainManager - Getting license information:
2020-02-28 19:06:16,679 [ 1] INFO  PhotonHostRuntime.PhotonLicensing - LICENSE: Type:Standard; Plan:Free; Expiration: never; floating license: yes; max connections: 100; valid IPs: any; status:Licensed
2020-02-28 19:06:18,160 [ 1] INFO  PhotonHostRuntime.PhotonDomainManager - CreateAppDomain: name = 'CarServer' , assemblyName = 'CarServer'
2020-02-28 19:06:18,170 [ 1] INFO  PhotonHostRuntime.PhotonDomainManager -   ApplicationBase = 'C:\Users\94910\Desktop\Car\Server\Photon-OnPremise-Server-SDK_v4-0-29-11263\deploy'
2020-02-28 19:06:18,177 [ 1] INFO  PhotonHostRuntime.PhotonDomainManager -   PrivateBinPath = 'C:\Users\94910\Desktop\Car\Server\Photon-OnPremise-Server-SDK_v4-0-29-11263\deploy\CarServer\bin;bin_Win64;Shared;'
2020-02-28 19:06:18,184 [ 1] INFO  PhotonHostRuntime.PhotonDomainManager -   ConfigurationFile = ''
2020-02-28 19:06:18,190 [ 1] INFO  PhotonHostRuntime.PhotonDomainManager -   CachePath = 'C:\Users\94910\Desktop\Car\Server\Photon-OnPremise-Server-SDK_v4-0-29-11263\deploy\CarServer\bin\Cache'
2020-02-28 19:06:18,333 [ 1] INFO  PhotonHostRuntime.PhotonDomainManager -   ApplicationPath = 'C:\Users\94910\Desktop\Car\Server\Photon-OnPremise-Server-SDK_v4-0-29-11263\deploy\CarServer'
2020-02-28 19:06:18,342 [ 1] INFO  PhotonHostRuntime.PhotonDomainManager -   BinaryPath = 'C:\Users\94910\Desktop\Car\Server\Photon-OnPremise-Server-SDK_v4-0-29-11263\deploy\CarServer\bin'
2020-02-28 19:06:18,348 [ 1] INFO  PhotonHostRuntime.PhotonDomainManager -   ApplicationRootPath = 'C:\Users\94910\Desktop\Car\Server\Photon-OnPremise-Server-SDK_v4-0-29-11263\deploy'
2020-02-28 19:06:18,355 [ 1] INFO  PhotonHostRuntime.PhotonDomainManager -   UnmanagedLogPath = 'C:\Users\94910\Desktop\Car\Server\Photon-OnPremise-Server-SDK_v4-0-29-11263\deploy\bin_Win64\log'
2020-02-28 19:06:18,396 [ 1] INFO  PhotonHostRuntime.PhotonDomainManager - AssemblyLoadEvent: CarServer, Version=1.0.0.0, Culture=neutral, PublicKeyToken=null from file:///C:/Users/94910/Desktop/Car/Server/Photon-OnPremise-Server-SDK_v4-0-29-11263/deploy/CarServer/bin/CarServer.DLL
2020-02-28 19:06:18,404 [ 1] INFO  PhotonHostRuntime.PhotonDomainManager - Photon SDK:4.0.28.11245
2020-02-28 19:06:18,460 [ 1] INFO  PhotonHostRuntime.PhotonDomainManager - AssemblyLoadEvent: Photon.SocketServer, Version=4.0.28.11245, Culture=neutral, PublicKeyToken=48c2fa3b6988090e from file:///C:/Users/94910/Desktop/Car/Server/Photon-OnPremise-Server-SDK_v4-0-29-11263/deploy/CarServer/bin/Photon.SocketServer.DLL
2020-02-28 19:06:18,502 [ 1] INFO  PhotonHostRuntime.PhotonDomainManager - AssemblyLoadEvent: ExitGamesLibs, Version=1.0.4.0, Culture=neutral, PublicKeyToken=eac0edd9746a4aa0 from file:///C:/Users/94910/Desktop/Car/Server/Photon-OnPremise-Server-SDK_v4-0-29-11263/deploy/CarServer/bin/ExitGamesLibs.DLL
2020-02-28 19:06:18,518 [ 1] INFO  PhotonHostRuntime.PhotonDomainManager - Starting: name = 'CarServer', assemblyName = 'CarServer', typeName = 'CarServer.CarApplication'
2020-02-28 19:06:18,548 [ 1] INFO  PhotonHostRuntime.PhotonDomainManager - PhotonRunning: ApplicationName = 'CarServer', DomainId='2' -- calling Application.Setup
2020-02-28 19:06:18,565 [ 1] INFO  PhotonHostRuntime.PhotonDomainManager - AssemblyLoadEvent: ExitGames.Logging.Log4Net, Version=1.0.4.0, Culture=neutral, PublicKeyToken=eac0edd9746a4aa0 from file:///C:/Users/94910/Desktop/Car/Server/Photon-OnPremise-Server-SDK_v4-0-29-11263/deploy/CarServer/bin/ExitGames.Logging.Log4Net.DLL
2020-02-28 19:06:18,699 [ 1] INFO  PhotonHostRuntime.PhotonDomainManager - PhotonRunning: ApplicationName = 'DefaultDomain', DomainId='1'
2020-02-28 19:06:32,718 [10] INFO  PhotonHostRuntime.PhotonDomainManager - AssemblyLoadEvent: CarCommon, Version=1.0.0.0, Culture=neutral, PublicKeyToken=null from file:///C:/Users/94910/Desktop/Car/Server/Photon-OnPremise-Server-SDK_v4-0-29-11263/deploy/CarServer/bin/CarCommon.DLL
2020-02-28 19:06:32,769 [10] INFO  PhotonHostRuntime.PhotonDomainManager - AssemblyLoadEvent: LitJSON, Version=0.16.0.0, Culture=neutral, PublicKeyToken=null from file:///C:/Users/94910/Desktop/Car/Server/Photon-OnPremise-Server-SDK_v4-0-29-11263/deploy/CarServer/bin/LitJSON.DLL
2020-02-28 19:06:32,916 [10] INFO  PhotonHostRuntime.PhotonDomainManager - AssemblyLoadEvent: NHibernate, Version=5.1.0.0, Culture=neutral, PublicKeyToken=aa95f207798dfdb4 from file:///C:/Users/94910/Desktop/Car/Server/Photon-OnPremise-Server-SDK_v4-0-29-11263/deploy/CarServer/bin/NHibernate.DLL
2020-02-28 19:06:32,927 [10] INFO  PhotonHostRuntime.PhotonDomainManager - AssemblyLoadEvent: System.Data, Version=4.0.0.0, Culture=neutral, PublicKeyToken=b77a5c561934e089 from file:///C:/WINDOWS/Microsoft.Net/assembly/GAC_64/System.Data/v4.0_4.0.0.0__b77a5c561934e089/System.Data.dll
2020-02-28 19:45:24,788 [16] INFO  PhotonHostRuntime.PhotonDomainManager - CreateAppDomain: name = 'CarServer' , assemblyName = 'CarServer'
2020-02-28 19:45:24,796 [16] INFO  PhotonHostRuntime.PhotonDomainManager -   ApplicationBase = 'C:\Users\94910\Desktop\Car\Server\Photon-OnPremise-Server-SDK_v4-0-29-11263\deploy'
2020-02-28 19:45:24,805 [16] INFO  PhotonHostRuntime.PhotonDomainManager -   PrivateBinPath = 'C:\Users\94910\Desktop\Car\Server\Photon-OnPremise-Server-SDK_v4-0-29-11263\deploy\CarServer\bin;bin_Win64;Shared;'
2020-02-28 19:45:24,813 [16] INFO  PhotonHostRuntime.PhotonDomainManager -   ConfigurationFile = ''
2020-02-28 19:45:24,823 [16] INFO  PhotonHostRuntime.PhotonDomainManager -   CachePath = 'C:\Users\94910\Desktop\Car\Server\Photon-OnPremise-Server-SDK_v4-0-29-11263\deploy\CarServer\bin\Cache'
2020-02-28 19:45:25,103 [16] INFO  PhotonHostRuntime.PhotonDomainManager -   ApplicationPath = 'C:\Users\94910\Desktop\Car\Server\Photon-OnPremise-Server-SDK_v4-0-29-11263\deploy\CarServer'
2020-02-28 19:45:25,111 [16] INFO  PhotonHostRuntime.PhotonDomainManager -   BinaryPath = 'C:\Users\94910\Desktop\Car\Server\Photon-OnPremise-Server-SDK_v4-0-29-11263\deploy\CarServer\bin'
2020-02-28 19:45:25,119 [16] INFO  PhotonHostRuntime.PhotonDomainManager -   ApplicationRootPath = 'C:\Users\94910\Desktop\Car\Server\Photon-OnPremise-Server-SDK_v4-0-29-11263\deploy'
2020-02-28 19:45:25,127 [16] INFO  PhotonHostRuntime.PhotonDomainManager -   UnmanagedLogPath = 'C:\Users\94910\Desktop\Car\Server\Photon-OnPremise-Server-SDK_v4-0-29-11263\deploy\bin_Win64\log'
2020-02-28 19:45:25,194 [16] INFO  PhotonHostRuntime.PhotonDomainManager - AssemblyLoadEvent: CarServer, Version=1.0.0.0, Culture=neutral, PublicKeyToken=null from file:///C:/Users/94910/Desktop/Car/Server/Photon-OnPremise-Server-SDK_v4-0-29-11263/deploy/CarServer/bin/CarServer.DLL
2020-02-28 19:45:25,201 [16] INFO  PhotonHostRuntime.PhotonDomainManager - Photon SDK:4.0.28.11245
2020-02-28 19:45:25,264 [16] INFO  PhotonHostRuntime.PhotonDomainManager - AssemblyLoadEvent: Photon.SocketServer, Version=4.0.28.11245, Culture=neutral, PublicKeyToken=48c2fa3b6988090e from file:///C:/Users/94910/Desktop/Car/Server/Photon-OnPremise-Server-SDK_v4-0-29-11263/deploy/CarServer/bin/Photon.SocketServer.DLL
2020-02-28 19:45:25,310 [16] INFO  PhotonHostRuntime.PhotonDomainManager - AssemblyLoadEvent: ExitGamesLibs, Version=1.0.4.0, Culture=neutral, PublicKeyToken=eac0edd9746a4aa0 from file:///C:/Users/94910/Desktop/Car/Server/Photon-OnPremise-Server-SDK_v4-0-29-11263/deploy/CarServer/bin/ExitGamesLibs.DLL
2020-02-28 19:45:25,323 [16] INFO  PhotonHostRuntime.PhotonDomainManager - Starting: name = 'CarServer', assemblyName = 'CarServer', typeName = 'CarServer.CarApplication'
2020-02-28 19:45:25,334 [16] INFO  PhotonHostRuntime.PhotonDomainManager - PhotonRunning: ApplicationName = 'CarServer', DomainId='3' -- calling Application.Setup
2020-02-28 19:45:25,353 [16] INFO  PhotonHostRuntime.PhotonDomainManager - AssemblyLoadEvent: ExitGames.Logging.Log4Net, Version=1.0.4.0, Culture=neutral, PublicKeyToken=eac0edd9746a4aa0 from file:///C:/Users/94910/Desktop/Car/Server/Photon-OnPremise-Server-SDK_v4-0-29-11263/deploy/CarServer/bin/ExitGames.Logging.Log4Net.DLL
2020-02-28 19:45:25,523 [16] INFO  PhotonHostRuntime.PhotonDomainManager - RequestStop: ApplicationName = 'CarServer', DomainId='2' -- calling Application.OnStopRequested()
2020-02-28 19:45:25,547 [14] INFO  PhotonHostRuntime.PhotonDomainManager - Stop: ApplicationName = 'CarServer', DomainId='2' -- calling Application.TearDown()
2020-02-28 19:51:15,107 [16] INFO  PhotonHostRuntime.PhotonDomainManager - CreateAppDomain: name = 'CarServer' , assemblyName = 'CarServer'
2020-02-28 19:51:15,129 [16] ERROR PhotonHostRuntime.PhotonDomainManager - CreateDomain
System.Exception: Can't find CarServer.dll in C:\Users\94910\Desktop\Car\Server\Photon-OnPremise-Server-SDK_v4-0-29-11263\deploy\CarServer\bin or C:\Users\94910\Desktop\Car\Server\Photon-OnPremise-Server-SDK_v4-0-29-11263\deploy\CarServer\bin
   在 PhotonHostRuntime.PhotonDomainManager.PhotonDefaultAppDomainBehavior.CreateAppDomain(String name, String assemblyName, String baseDirectoryRaw, String applicationRootDirectoryRaw, String applicationDirectoryRaw, String sharedDirectoryRaw, String applicationSharedDirectoryRaw, Boolean enableShadowCopy, Boolean createPerInstanceShadowCopyCaches, String instanceName)
   在 PhotonHostRuntime.PhotonDomainManager.CreateAppDomain(String name, String assemblyName, String baseDirectoryRaw, String applicationRootDirectoryRaw, String applicationDirectoryRaw, String sharedDirectoryRaw, String applicationSharedDirectoryRaw, Boolean enableShadowCopy, Boolean createPerInstanceShadowCopyCaches, String instanceName)
2020-02-28 23:33:54,015 [16] INFO  PhotonHostRuntime.PhotonDomainManager - CreateAppDomain: name = 'CarServer' , assemblyName = 'CarServer'
2020-02-28 23:33:54,023 [16] ERROR PhotonHostRuntime.PhotonDomainManager - CreateDomain
System.Exception: Can't find CarServer.dll in C:\Users\94910\Desktop\Car\Server\Photon-OnPremise-Server-SDK_v4-0-29-11263\deploy\CarServer\bin or C:\Users\94910\Desktop\Car\Server\Photon-OnPremise-Server-SDK_v4-0-29-11263\deploy\CarServer\bin
   在 PhotonHostRuntime.PhotonDomainManager.PhotonDefaultAppDomainBehavior.CreateAppDomain(String name, String assemblyName, String baseDirectoryRaw, String applicationRootDirectoryRaw, String applicationDirectoryRaw, String sharedDirectoryRaw, String applicationSharedDirectoryRaw, Boolean enableShadowCopy, Boolean createPerInstanceShadowCopyCaches, String instanceName)
   在 PhotonHostRuntime.PhotonDomainManager.CreateAppDomain(String name, String assemblyName, String baseDirectoryRaw, String applicationRootDirectoryRaw, String applicationDirectoryRaw, String sharedDirectoryRaw, String applicationSharedDirectoryRaw, Boolean enableShadowCopy, Boolean createPerInstanceShadowCopyCaches, String instanceName)
2020-02-28 23:35:02,214 [ 1] INFO  PhotonHostRuntime.PhotonDomainManager - RequestStop: ApplicationName = 'DefaultDomain', DomainId='1'
2020-02-28 23:35:04,663 [ 1] INFO  PhotonHostRuntime.PhotonDomainManager - Initialize: ApplicationName = 'DefaultDomain', DomainID = '1'
2020-02-28 23:35:04,689 [ 1] INFO  PhotonHostRuntime.PhotonDomainManager - AppDomains with unhandled exceptions are usually not unloaded and restarted.
2020-02-28 23:35:04,699 [ 1] INFO  PhotonHostRuntime.PhotonDomainManager - Getting license information:
2020-02-28 23:35:05,161 [ 1] INFO  PhotonHostRuntime.PhotonLicensing - LICENSE: Type:Standard; Plan:Free; Expiration: never; floating license: yes; max connections: 100; valid IPs: any; status:Licensed
2020-02-28 23:35:07,282 [ 1] INFO  PhotonHostRuntime.PhotonDomainManager - CreateAppDomain: name = 'CarServer' , assemblyName = 'CarServer'
2020-02-28 23:35:07,291 [ 1] ERROR PhotonHostRuntime.PhotonDomainManager - CreateDomain
System.Exception: Can't find CarServer.dll in  or C:\Users\94910\Desktop\Car\Server\Photon-OnPremise-Server-SDK_v4-0-29-11263\deploy\CarServer\bin
   在 PhotonHostRuntime.PhotonDomainManager.PhotonDefaultAppDomainBehavior.CreateAppDomain(String name, String assemblyName, String baseDirectoryRaw, String applicationRootDirectoryRaw, String applicationDirectoryRaw, String sharedDirectoryRaw, String applicationSharedDirectoryRaw, Boolean enableShadowCopy, Boolean createPerInstanceShadowCopyCaches, String instanceName)
   在 PhotonHostRuntime.PhotonDomainManager.CreateAppDomain(String name, String assemblyName, String baseDirectoryRaw, String applicationRootDirectoryRaw, String applicationDirectoryRaw, String sharedDirectoryRaw, String applicationSharedDirectoryRaw, Boolean enableShadowCopy, Boolean createPerInstanceShadowCopyCaches, String instanceName)
2020-02-28 23:35:07,306 [ 1] INFO  PhotonHostRuntime.PhotonDomainManager - RequestStop: ApplicationName = 'DefaultDomain', DomainId='1'
2020-02-28 23:35:55,357 [ 1] INFO  PhotonHostRuntime.PhotonDomainManager - Initialize: ApplicationName = 'DefaultDomain', DomainID = '1'
2020-02-28 23:35:55,382 [ 1] INFO  PhotonHostRuntime.PhotonDomainManager - AppDomains with unhandled exceptions are usually not unloaded and restarted.
2020-02-28 23:35:55,394 [ 1] INFO  PhotonHostRuntime.PhotonDomainManager - Getting license information:
2020-02-28 23:35:55,897 [ 1] INFO  PhotonHostRuntime.PhotonLicensing - LICENSE: Type:Standard; Plan:Free; Expiration: never; floating license: yes; max connections: 100; valid IPs: any; status:Licensed
2020-02-28 23:35:57,588 [ 1] INFO  PhotonHostRuntime.PhotonDomainManager - CreateAppDomain: name = 'CarServer' , assemblyName = 'CarServer'
2020-02-28 23:35:57,597 [ 1] ERROR PhotonHostRuntime.PhotonDomainManager - CreateDomain
System.Exception: Can't find CarServer.dll in  or C:\Users\94910\Desktop\Car\Server\Photon-OnPremise-Server-SDK_v4-0-29-11263\deploy\CarServer\bin
   在 PhotonHostRuntime.PhotonDomainManager.PhotonDefaultAppDomainBehavior.CreateAppDomain(String name, String assemblyName, String baseDirectoryRaw, String applicationRootDirectoryRaw, String applicationDirectoryRaw, String sharedDirectoryRaw, String applicationSharedDirectoryRaw, Boolean enableShadowCopy, Boolean createPerInstanceShadowCopyCaches, String instanceName)
   在 PhotonHostRuntime.PhotonDomainManager.CreateAppDomain(String name, String assemblyName, String baseDirectoryRaw, String applicationRootDirectoryRaw, String applicationDirectoryRaw, String sharedDirectoryRaw, String applicationSharedDirectoryRaw, Boolean enableShadowCopy, Boolean createPerInstanceShadowCopyCaches, String instanceName)
2020-02-28 23:35:57,607 [ 1] INFO  PhotonHostRuntime.PhotonDomainManager - RequestStop: ApplicationName = 'DefaultDomain', DomainId='1'
2020-02-28 23:36:15,641 [ 1] INFO  PhotonHostRuntime.PhotonDomainManager - Initialize: ApplicationName = 'DefaultDomain', DomainID = '1'
2020-02-28 23:36:15,668 [ 1] INFO  PhotonHostRuntime.PhotonDomainManager - AppDomains with unhandled exceptions are usually not unloaded and restarted.
2020-02-28 23:36:15,678 [ 1] INFO  PhotonHostRuntime.PhotonDomainManager - Getting license information:
2020-02-28 23:36:16,152 [ 1] INFO  PhotonHostRuntime.PhotonLicensing - LICENSE: Type:Standard; Plan:Free; Expiration: never; floating license: yes; max connections: 100; valid IPs: any; status:Licensed
2020-02-28 23:36:18,021 [ 1] INFO  PhotonHostRuntime.PhotonDomainManager - CreateAppDomain: name = 'CarServer' , assemblyName = 'CarServer'
2020-02-28 23:36:18,033 [ 1] ERROR PhotonHostRuntime.PhotonDomainManager - CreateDomain
System.Exception: Can't find CarServer.dll in  or C:\Users\94910\Desktop\Car\Server\Photon-OnPremise-Server-SDK_v4-0-29-11263\deploy\CarServer\bin
   在 PhotonHostRuntime.PhotonDomainManager.PhotonDefaultAppDomainBehavior.CreateAppDomain(String name, String assemblyName, String baseDirectoryRaw, String applicationRootDirectoryRaw, String applicationDirectoryRaw, String sharedDirectoryRaw, String applicationSharedDirectoryRaw, Boolean enableShadowCopy, Boolean createPerInstanceShadowCopyCaches, String instanceName)
   在 PhotonHostRuntime.PhotonDomainManager.CreateAppDomain(String name, String assemblyName, String baseDirectoryRaw, String applicationRootDirectoryRaw, String applicationDirectoryRaw, String sharedDirectoryRaw, String applicationSharedDirectoryRaw, Boolean enableShadowCopy, Boolean createPerInstanceShadowCopyCaches, String instanceName)
2020-02-28 23:36:18,045 [ 1] INFO  PhotonHostRuntime.PhotonDomainManager - RequestStop: ApplicationName = 'DefaultDomain', DomainId='1'
2020-02-28 23:36:49,317 [ 1] INFO  PhotonHostRuntime.PhotonDomainManager - Initialize: ApplicationName = 'DefaultDomain', DomainID = '1'
2020-02-28 23:36:49,347 [ 1] INFO  PhotonHostRuntime.PhotonDomainManager - AppDomains with unhandled exceptions are usually not unloaded and restarted.
2020-02-28 23:36:49,358 [ 1] INFO  PhotonHostRuntime.PhotonDomainManager - Getting license information:
2020-02-28 23:36:49,849 [ 1] INFO  PhotonHostRuntime.PhotonLicensing - LICENSE: Type:Standard; Plan:Free; Expiration: never; floating license: yes; max connections: 100; valid IPs: any; status:Licensed
2020-02-28 23:36:51,505 [ 1] INFO  PhotonHostRuntime.PhotonDomainManager - CreateAppDomain: name = 'CarServer' , assemblyName = 'CarServer'
2020-02-28 23:36:51,513 [ 1] ERROR PhotonHostRuntime.PhotonDomainManager - CreateDomain
System.Exception: Can't find CarServer.dll in  or C:\Users\94910\Desktop\Car\Server\Photon-OnPremise-Server-SDK_v4-0-29-11263\deploy\CarServer\bin
   在 PhotonHostRuntime.PhotonDomainManager.PhotonDefaultAppDomainBehavior.CreateAppDomain(String name, String assemblyName, String baseDirectoryRaw, String applicationRootDirectoryRaw, String applicationDirectoryRaw, String sharedDirectoryRaw, String applicationSharedDirectoryRaw, Boolean enableShadowCopy, Boolean createPerInstanceShadowCopyCaches, String instanceName)
   在 PhotonHostRuntime.PhotonDomainManager.CreateAppDomain(String name, String assemblyName, String baseDirectoryRaw, String applicationRootDirectoryRaw, String applicationDirectoryRaw, String sharedDirectoryRaw, String applicationSharedDirectoryRaw, Boolean enableShadowCopy, Boolean createPerInstanceShadowCopyCaches, String instanceName)
2020-02-28 23:36:51,523 [ 1] INFO  PhotonHostRuntime.PhotonDomainManager - RequestStop: ApplicationName = 'DefaultDomain', DomainId='1'
2020-02-28 23:37:24,230 [ 1] INFO  PhotonHostRuntime.PhotonDomainManager - Initialize: ApplicationName = 'DefaultDomain', DomainID = '1'
2020-02-28 23:37:24,258 [ 1] INFO  PhotonHostRuntime.PhotonDomainManager - AppDomains with unhandled exceptions are usually not unloaded and restarted.
2020-02-28 23:37:24,268 [ 1] INFO  PhotonHostRuntime.PhotonDomainManager - Getting license information:
2020-02-28 23:37:24,733 [ 1] INFO  PhotonHostRuntime.PhotonLicensing - LICENSE: Type:Standard; Plan:Free; Expiration: never; floating license: yes; max connections: 100; valid IPs: any; status:Licensed
2020-02-28 23:37:26,581 [ 1] INFO  PhotonHostRuntime.PhotonDomainManager - CreateAppDomain: name = 'CarServer' , assemblyName = 'CarServer'
2020-02-28 23:37:26,589 [ 1] INFO  PhotonHostRuntime.PhotonDomainManager -   ApplicationBase = 'C:\Users\94910\Desktop\Car\Server\Photon-OnPremise-Server-SDK_v4-0-29-11263\deploy'
2020-02-28 23:37:26,597 [ 1] INFO  PhotonHostRuntime.PhotonDomainManager -   PrivateBinPath = 'C:\Users\94910\Desktop\Car\Server\Photon-OnPremise-Server-SDK_v4-0-29-11263\deploy\CarServer\bin;bin_Win64;Shared;'
2020-02-28 23:37:26,603 [ 1] INFO  PhotonHostRuntime.PhotonDomainManager -   ConfigurationFile = ''
2020-02-28 23:37:26,609 [ 1] INFO  PhotonHostRuntime.PhotonDomainManager -   CachePath = 'C:\Users\94910\Desktop\Car\Server\Photon-OnPremise-Server-SDK_v4-0-29-11263\deploy\CarServer\bin\Cache'
2020-02-28 23:37:26,784 [ 1] INFO  PhotonHostRuntime.PhotonDomainManager -   ApplicationPath = 'C:\Users\94910\Desktop\Car\Server\Photon-OnPremise-Server-SDK_v4-0-29-11263\deploy\CarServer'
2020-02-28 23:37:26,792 [ 1] INFO  PhotonHostRuntime.PhotonDomainManager -   BinaryPath = 'C:\Users\94910\Desktop\Car\Server\Photon-OnPremise-Server-SDK_v4-0-29-11263\deploy\CarServer\bin'
2020-02-28 23:37:26,799 [ 1] INFO  PhotonHostRuntime.PhotonDomainManager -   ApplicationRootPath = 'C:\Users\94910\Desktop\Car\Server\Photon-OnPremise-Server-SDK_v4-0-29-11263\deploy'
2020-02-28 23:37:26,807 [ 1] INFO  PhotonHostRuntime.PhotonDomainManager -   UnmanagedLogPath = 'C:\Users\94910\Desktop\Car\Server\Photon-OnPremise-Server-SDK_v4-0-29-11263\deploy\bin_Win64\log'
2020-02-28 23:37:26,876 [ 1] INFO  PhotonHostRuntime.PhotonDomainManager - AssemblyLoadEvent: CarServer, Version=1.0.0.0, Culture=neutral, PublicKeyToken=null from file:///C:/Users/94910/Desktop/Car/Server/Photon-OnPremise-Server-SDK_v4-0-29-11263/deploy/CarServer/bin/CarServer.DLL
2020-02-28 23:37:26,884 [ 1] INFO  PhotonHostRuntime.PhotonDomainManager - Photon SDK:4.0.28.11245
2020-02-28 23:37:26,942 [ 1] INFO  PhotonHostRuntime.PhotonDomainManager - AssemblyLoadEvent: Photon.SocketServer, Version=4.0.28.11245, Culture=neutral, PublicKeyToken=48c2fa3b6988090e from file:///C:/Users/94910/Desktop/Car/Server/Photon-OnPremise-Server-SDK_v4-0-29-11263/deploy/CarServer/bin/Photon.SocketServer.DLL
2020-02-28 23:37:26,987 [ 1] INFO  PhotonHostRuntime.PhotonDomainManager - AssemblyLoadEvent: ExitGamesLibs, Version=1.0.4.0, Culture=neutral, PublicKeyToken=eac0edd9746a4aa0 from file:///C:/Users/94910/Desktop/Car/Server/Photon-OnPremise-Server-SDK_v4-0-29-11263/deploy/CarServer/bin/ExitGamesLibs.DLL
2020-02-28 23:37:27,001 [ 1] INFO  PhotonHostRuntime.PhotonDomainManager - Starting: name = 'CarServer', assemblyName = 'CarServer', typeName = 'CarServer.CarApplication'
2020-02-28 23:37:27,033 [ 1] INFO  PhotonHostRuntime.PhotonDomainManager - PhotonRunning: ApplicationName = 'CarServer', DomainId='2' -- calling Application.Setup
2020-02-28 23:37:27,058 [ 1] INFO  PhotonHostRuntime.PhotonDomainManager - AssemblyLoadEvent: ExitGames.Logging.Log4Net, Version=1.0.4.0, Culture=neutral, PublicKeyToken=eac0edd9746a4aa0 from file:///C:/Users/94910/Desktop/Car/Server/Photon-OnPremise-Server-SDK_v4-0-29-11263/deploy/CarServer/bin/ExitGames.Logging.Log4Net.DLL
2020-02-28 23:37:27,203 [ 1] INFO  PhotonHostRuntime.PhotonDomainManager - PhotonRunning: ApplicationName = 'DefaultDomain', DomainId='1'
2020-02-28 23:37:32,838 [ 8] INFO  PhotonHostRuntime.PhotonDomainManager - AssemblyLoadEvent: CarCommon, Version=1.0.0.0, Culture=neutral, PublicKeyToken=null from file:///C:/Users/94910/Desktop/Car/Server/Photon-OnPremise-Server-SDK_v4-0-29-11263/deploy/CarServer/bin/CarCommon.DLL
2020-02-28 23:37:32,890 [ 8] INFO  PhotonHostRuntime.PhotonDomainManager - AssemblyLoadEvent: LitJSON, Version=0.16.0.0, Culture=neutral, PublicKeyToken=null from file:///C:/Users/94910/Desktop/Car/Server/Photon-OnPremise-Server-SDK_v4-0-29-11263/deploy/CarServer/bin/LitJSON.DLL
2020-02-28 23:37:33,093 [ 8] INFO  PhotonHostRuntime.PhotonDomainManager - AssemblyLoadEvent: NHibernate, Version=5.1.0.0, Culture=neutral, PublicKeyToken=aa95f207798dfdb4 from file:///C:/Users/94910/Desktop/Car/Server/Photon-OnPremise-Server-SDK_v4-0-29-11263/deploy/CarServer/bin/NHibernate.DLL
2020-02-28 23:37:33,109 [ 8] INFO  PhotonHostRuntime.PhotonDomainManager - AssemblyLoadEvent: System.Data, Version=4.0.0.0, Culture=neutral, PublicKeyToken=b77a5c561934e089 from file:///C:/WINDOWS/Microsoft.Net/assembly/GAC_64/System.Data/v4.0_4.0.0.0__b77a5c561934e089/System.Data.dll
2020-02-28 23:37:33,199 [ 8] INFO  PhotonHostRuntime.PhotonDomainManager - AssemblyLoadEvent: FluentNHibernate, Version=2.1.2.0, Culture=neutral, PublicKeyToken=null from file:///C:/Users/94910/Desktop/Car/Server/Photon-OnPremise-Server-SDK_v4-0-29-11263/deploy/CarServer/bin/FluentNHibernate.DLL
2020-02-28 23:37:33,673 [ 8] INFO  PhotonHostRuntime.PhotonDomainManager - AssemblyResolveEvent: ApplicationName = 'CarServer', DomainId='2', args.Name='NHibernate.XmlSerializers, Version=5.1.0.0, Culture=neutral, PublicKeyToken=aa95f207798dfdb4'
2020-02-28 23:37:33,708 [ 8] INFO  PhotonHostRuntime.PhotonDomainManager - AssemblyLoadEvent: System.Xml.resources, Version=4.0.0.0, Culture=zh-Hans, PublicKeyToken=b77a5c561934e089 from file:///C:/WINDOWS/Microsoft.Net/assembly/GAC_MSIL/System.Xml.resources/v4.0_4.0.0.0_zh-Hans_b77a5c561934e089/System.Xml.resources.dll
2020-02-28 23:37:33,717 [ 8] INFO  PhotonHostRuntime.PhotonDomainManager - ResourceResolveHandler: ApplicationName = 'CarServer', DomainId='2', args.Name='System.Xml.zh-Hans.resources'
2020-02-28 23:37:34,281 [ 8] INFO  PhotonHostRuntime.PhotonDomainManager - AssemblyLoadEvent: System.Xml.Linq, Version=4.0.0.0, Culture=neutral, PublicKeyToken=b77a5c561934e089 from file:///C:/WINDOWS/Microsoft.Net/assembly/GAC_MSIL/System.Xml.Linq/v4.0_4.0.0.0__b77a5c561934e089/System.Xml.Linq.dll
2020-02-28 23:37:34,774 [ 8] INFO  PhotonHostRuntime.PhotonDomainManager - AssemblyLoadEvent: MySql.Data, Version=8.0.19.0, Culture=neutral, PublicKeyToken=c5687fc88969c44d from file:///C:/Users/94910/Desktop/Car/Server/Photon-OnPremise-Server-SDK_v4-0-29-11263/deploy/CarServer/bin/MySql.Data.DLL
2020-02-28 23:37:34,793 [ 8] INFO  PhotonHostRuntime.PhotonDomainManager - AssemblyLoadEvent: System.Transactions, Version=4.0.0.0, Culture=neutral, PublicKeyToken=b77a5c561934e089 from file:///C:/WINDOWS/Microsoft.Net/assembly/GAC_64/System.Transactions/v4.0_4.0.0.0__b77a5c561934e089/System.Transactions.dll
2020-02-28 23:37:35,139 [ 8] INFO  PhotonHostRuntime.PhotonDomainManager - AssemblyLoadEvent: System.Drawing, Version=4.0.0.0, Culture=neutral, PublicKeyToken=b03f5f7f11d50a3a from file:///C:/WINDOWS/Microsoft.Net/assembly/GAC_MSIL/System.Drawing/v4.0_4.0.0.0__b03f5f7f11d50a3a/System.Drawing.dll
2020-02-28 23:37:35,321 [ 8] INFO  PhotonHostRuntime.PhotonDomainManager - AssemblyLoadEvent: Renci.SshNet, Version=2016.1.0.0, Culture=neutral, PublicKeyToken=1cee9f8bde3db106 from file:///C:/Users/94910/Desktop/Car/Server/Photon-OnPremise-Server-SDK_v4-0-29-11263/deploy/CarServer/bin/Renci.SshNet.DLL
2020-02-28 23:37:35,410 [ 8] INFO  PhotonHostRuntime.PhotonDomainManager - AssemblyLoadEvent: System.EnterpriseServices, Version=4.0.0.0, Culture=neutral, PublicKeyToken=b03f5f7f11d50a3a from file:///C:/WINDOWS/Microsoft.Net/assembly/GAC_64/System.EnterpriseServices/v4.0_4.0.0.0__b03f5f7f11d50a3a/System.EnterpriseServices.dll
2020-02-28 23:37:35,562 [13] INFO  PhotonHostRuntime.PhotonDomainManager - AssemblyLoadEvent: System.resources, Version=4.0.0.0, Culture=zh-Hans, PublicKeyToken=b77a5c561934e089 from file:///C:/WINDOWS/Microsoft.Net/assembly/GAC_MSIL/System.resources/v4.0_4.0.0.0_zh-Hans_b77a5c561934e089/System.resources.dll
2020-02-28 23:37:35,573 [13] INFO  PhotonHostRuntime.PhotonDomainManager - ResourceResolveHandler: ApplicationName = 'CarServer', DomainId='2', args.Name='System.zh-Hans.resources'
2020-02-28 23:37:35,614 [ 8] INFO  PhotonHostRuntime.PhotonDomainManager - AssemblyLoadEvent: System.Management, Version=4.0.0.0, Culture=neutral, PublicKeyToken=b03f5f7f11d50a3a from file:///C:/WINDOWS/Microsoft.Net/assembly/GAC_MSIL/System.Management/v4.0_4.0.0.0__b03f5f7f11d50a3a/System.Management.dll
2020-02-28 23:37:35,752 [ 8] INFO  PhotonHostRuntime.PhotonDomainManager - AssemblyLoadEvent: System.Numerics, Version=4.0.0.0, Culture=neutral, PublicKeyToken=b77a5c561934e089 from file:///C:/WINDOWS/Microsoft.Net/assembly/GAC_MSIL/System.Numerics/v4.0_4.0.0.0__b77a5c561934e089/System.Numerics.dll
2020-02-28 23:37:36,939 [ 8] INFO  PhotonHostRuntime.PhotonDomainManager - AssemblyLoadEvent: Iesi.Collections, Version=4.0.0.4000, Culture=neutral, PublicKeyToken=aa95f207798dfdb4 from file:///C:/Users/94910/Desktop/Car/Server/Photon-OnPremise-Server-SDK_v4-0-29-11263/deploy/CarServer/bin/Iesi.Collections.DLL
