19056: 19:18:31.629 - ---
19056: 19:18:31.630 - Service: "Photon Socket Server" starting
19056: 19:18:31.630 - Config File: C:\Users\94910\Desktop\Car\Server\Photon-OnPremise-Server-SDK_v4-0-29-11263\deploy\bin_Win64\PhotonServer.config
19056: 19:18:31.632 - Will produce at most: 10 crash dumps
19056: 19:18:31.632 - Action: run as exe
19056: 19:18:31.633 - Server Starting...
19056: 19:18:31.633 -    Tick count: 33507609 (wraps in: 49.3225 days)
19056: 19:18:31.633 - Tick count 64: 33507609
19056: 19:18:31.633 - Photon Version: 4.0.28.2962
19056: 19:18:31.633 - PID: 14916
19056: 19:18:31.633 - Config File: C:\Users\94910\Desktop\Car\Server\Photon-OnPremise-Server-SDK_v4-0-29-11263\deploy\bin_Win64\PhotonServer.config
19056: 19:18:31.633 - CService::OnException() - Exception: CXMLDocument::LoadFromString() - Error document empty.
19056: 19:18:31.633 - Server shutting down...
19056: 19:18:31.633 - Shutting down socket servers...
19056: 19:18:31.633 - Destroying servers
19056: 19:18:31.633 - Destroying WebSocket Outbound Connection Manager
19056: 19:18:31.633 - Destroying TCP Outbound Connection Manager
19056: 19:18:31.633 - Destroying TCP inactivity timer
19056: 19:18:31.633 - Destroying ENet timer wheel
19056: 19:18:31.633 - Destroying ENet host
19056: 19:18:31.633 - Destroying HTTP inactivity timer
19056: 19:18:31.633 - Destroying HTTP host
19056: 19:18:31.633 - Destroying HTTP Chunk host
19056: 19:18:31.633 - Destroying CLR dispatcher
19056: 19:18:31.633 - Destroying CLR applications
19056: 19:18:31.633 - Destroying ENet thread pool
19056: 19:18:31.633 - Destroying I/O thread pool
19056: 19:18:31.633 - Destroying ENet buffer allocator
19056: 19:18:31.633 - Destroying TCP buffer allocator
19056: 19:18:31.633 - Destroying TCP socket allocator
19056: 19:18:31.633 - Destroying ENet inbound socket allocator
19056: 19:18:31.633 - Destroying ENet outbound socket allocator
19056: 19:18:31.633 - Destroying shared datagram flow control data
19056: 19:18:31.633 - Shutdown complete...
19056: 19:18:31.633 - Service shutting down: with Exception (1). Errorcode: 6
19056: 19:18:31.637 - Service shut down complete
18732: 19:19:43.474 - ---
18732: 19:19:43.474 - Service: "Photon Socket Server" starting
18732: 19:19:43.474 - Config File: C:\Users\94910\Desktop\Car\Server\Photon-OnPremise-Server-SDK_v4-0-29-11263\deploy\bin_Win64\PhotonServer.config
18732: 19:19:43.475 - Will produce at most: 10 crash dumps
18732: 19:19:43.475 - Action: run as exe
18732: 19:19:43.476 - Server Starting...
18732: 19:19:43.476 -    Tick count: 33579437 (wraps in: 49.3216 days)
18732: 19:19:43.476 - Tick count 64: 33579437
18732: 19:19:43.476 - Photon Version: 4.0.28.2962
18732: 19:19:43.476 - PID: 18656
18732: 19:19:43.476 - Config File: C:\Users\94910\Desktop\Car\Server\Photon-OnPremise-Server-SDK_v4-0-29-11263\deploy\bin_Win64\PhotonServer.config
18732: 19:19:43.476 - CService::OnException() - Exception: CXMLDocument::LoadFromString() - Error document empty.
18732: 19:19:43.476 - Server shutting down...
18732: 19:19:43.476 - Shutting down socket servers...
18732: 19:19:43.476 - Destroying servers
18732: 19:19:43.476 - Destroying WebSocket Outbound Connection Manager
18732: 19:19:43.476 - Destroying TCP Outbound Connection Manager
18732: 19:19:43.476 - Destroying TCP inactivity timer
18732: 19:19:43.476 - Destroying ENet timer wheel
18732: 19:19:43.476 - Destroying ENet host
18732: 19:19:43.476 - Destroying HTTP inactivity timer
18732: 19:19:43.476 - Destroying HTTP host
18732: 19:19:43.476 - Destroying HTTP Chunk host
18732: 19:19:43.476 - Destroying CLR dispatcher
18732: 19:19:43.476 - Destroying CLR applications
18732: 19:19:43.476 - Destroying ENet thread pool
18732: 19:19:43.476 - Destroying I/O thread pool
18732: 19:19:43.476 - Destroying ENet buffer allocator
18732: 19:19:43.476 - Destroying TCP buffer allocator
18732: 19:19:43.476 - Destroying TCP socket allocator
18732: 19:19:43.476 - Destroying ENet inbound socket allocator
18732: 19:19:43.476 - Destroying ENet outbound socket allocator
18732: 19:19:43.476 - Destroying shared datagram flow control data
18732: 19:19:43.476 - Shutdown complete...
18732: 19:19:43.476 - Service shutting down: with Exception (1). Errorcode: 6
18732: 19:19:43.478 - Service shut down complete
