1572: 19:16:00.091 - ---
1572: 19:16:00.091 - Service: "Photon Socket Server" starting
1572: 19:16:00.091 - Config File: C:\Users\94910\Desktop\Car\Server\Photon-OnPremise-Server-SDK_v4-0-29-11263\deploy\bin_Win64\PhotonServer.config
1572: 19:16:00.093 - Will produce at most: 10 crash dumps
1572: 19:16:00.093 - Action: run as exe
1572: 19:16:00.093 - Server Starting...
1572: 19:16:00.093 -    Tick count: 33356062 (wraps in: 49.3242 days)
1572: 19:16:00.093 - Tick count 64: 33356062
1572: 19:16:00.093 - Photon Version: 4.0.28.2962
1572: 19:16:00.093 - PID: 11588
1572: 19:16:00.093 - Config File: C:\Users\94910\Desktop\Car\Server\Photon-OnPremise-Server-SDK_v4-0-29-11263\deploy\bin_Win64\PhotonServer.config
1572: 19:16:00.094 - CService::OnException() - Exception: CXMLDocument::LoadFromString() - Error document empty.
1572: 19:16:00.094 - Server shutting down...
1572: 19:16:00.094 - Shutting down socket servers...
1572: 19:16:00.094 - Destroying servers
1572: 19:16:00.094 - Destroying WebSocket Outbound Connection Manager
1572: 19:16:00.094 - Destroying TCP Outbound Connection Manager
1572: 19:16:00.094 - Destroying TCP inactivity timer
1572: 19:16:00.094 - Destroying ENet timer wheel
1572: 19:16:00.094 - Destroying ENet host
1572: 19:16:00.094 - Destroying HTTP inactivity timer
1572: 19:16:00.094 - Destroying HTTP host
1572: 19:16:00.094 - Destroying HTTP Chunk host
1572: 19:16:00.094 - Destroying CLR dispatcher
1572: 19:16:00.094 - Destroying CLR applications
1572: 19:16:00.094 - Destroying ENet thread pool
1572: 19:16:00.094 - Destroying I/O thread pool
1572: 19:16:00.094 - Destroying ENet buffer allocator
1572: 19:16:00.094 - Destroying TCP buffer allocator
1572: 19:16:00.094 - Destroying TCP socket allocator
1572: 19:16:00.094 - Destroying ENet inbound socket allocator
1572: 19:16:00.094 - Destroying ENet outbound socket allocator
1572: 19:16:00.094 - Destroying shared datagram flow control data
1572: 19:16:00.094 - Shutdown complete...
1572: 19:16:00.094 - Service shutting down: with Exception (1). Errorcode: 6
1572: 19:16:00.095 - Service shut down complete
19040: 19:18:46.778 - ---
19040: 19:18:46.778 - Service: "Photon Socket Server" starting
19040: 19:18:46.778 - Config File: C:\Users\94910\Desktop\Car\Server\Photon-OnPremise-Server-SDK_v4-0-29-11263\deploy\bin_Win64\PhotonServer.config
19040: 19:18:46.779 - Will produce at most: 10 crash dumps
19040: 19:18:46.779 - Action: run as exe
19040: 19:18:46.779 - Server Starting...
19040: 19:18:46.779 -    Tick count: 33522750 (wraps in: 49.3223 days)
19040: 19:18:46.779 - Tick count 64: 33522750
19040: 19:18:46.780 - Photon Version: 4.0.28.2962
19040: 19:18:46.780 - PID: 8344
19040: 19:18:46.780 - Config File: C:\Users\94910\Desktop\Car\Server\Photon-OnPremise-Server-SDK_v4-0-29-11263\deploy\bin_Win64\PhotonServer.config
19040: 19:18:46.780 - CService::OnException() - Exception: CXMLDocument::LoadFromString() - Error document empty.
19040: 19:18:46.780 - Server shutting down...
19040: 19:18:46.780 - Shutting down socket servers...
19040: 19:18:46.780 - Destroying servers
19040: 19:18:46.780 - Destroying WebSocket Outbound Connection Manager
19040: 19:18:46.780 - Destroying TCP Outbound Connection Manager
19040: 19:18:46.780 - Destroying TCP inactivity timer
19040: 19:18:46.780 - Destroying ENet timer wheel
19040: 19:18:46.780 - Destroying ENet host
19040: 19:18:46.780 - Destroying HTTP inactivity timer
19040: 19:18:46.780 - Destroying HTTP host
19040: 19:18:46.780 - Destroying HTTP Chunk host
19040: 19:18:46.780 - Destroying CLR dispatcher
19040: 19:18:46.780 - Destroying CLR applications
19040: 19:18:46.780 - Destroying ENet thread pool
19040: 19:18:46.780 - Destroying I/O thread pool
19040: 19:18:46.780 - Destroying ENet buffer allocator
19040: 19:18:46.780 - Destroying TCP buffer allocator
19040: 19:18:46.780 - Destroying TCP socket allocator
19040: 19:18:46.780 - Destroying ENet inbound socket allocator
19040: 19:18:46.780 - Destroying ENet outbound socket allocator
19040: 19:18:46.780 - Destroying shared datagram flow control data
19040: 19:18:46.780 - Shutdown complete...
19040: 19:18:46.780 - Service shutting down: with Exception (1). Errorcode: 6
19040: 19:18:46.782 - Service shut down complete
19632: 19:19:32.246 - ---
19632: 19:19:32.246 - Service: "Photon Socket Server" starting
19632: 19:19:32.246 - Config File: C:\Users\94910\Desktop\Car\Server\Photon-OnPremise-Server-SDK_v4-0-29-11263\deploy\bin_Win64\PhotonServer.config
19632: 19:19:32.247 - Will produce at most: 10 crash dumps
19632: 19:19:32.247 - Action: run as exe
19632: 19:19:32.247 - Server Starting...
19632: 19:19:32.247 -    Tick count: 33568218 (wraps in: 49.3217 days)
19632: 19:19:32.247 - Tick count 64: 33568218
19632: 19:19:32.248 - Photon Version: 4.0.28.2962
19632: 19:19:32.248 - PID: 18688
19632: 19:19:32.248 - Config File: C:\Users\94910\Desktop\Car\Server\Photon-OnPremise-Server-SDK_v4-0-29-11263\deploy\bin_Win64\PhotonServer.config
19632: 19:19:32.248 - CService::OnException() - Exception: CXMLDocument::LoadFromString() - Error document empty.
19632: 19:19:32.248 - Server shutting down...
19632: 19:19:32.248 - Shutting down socket servers...
19632: 19:19:32.248 - Destroying servers
19632: 19:19:32.248 - Destroying WebSocket Outbound Connection Manager
19632: 19:19:32.248 - Destroying TCP Outbound Connection Manager
19632: 19:19:32.248 - Destroying TCP inactivity timer
19632: 19:19:32.248 - Destroying ENet timer wheel
19632: 19:19:32.248 - Destroying ENet host
19632: 19:19:32.248 - Destroying HTTP inactivity timer
19632: 19:19:32.248 - Destroying HTTP host
19632: 19:19:32.248 - Destroying HTTP Chunk host
19632: 19:19:32.248 - Destroying CLR dispatcher
19632: 19:19:32.248 - Destroying CLR applications
19632: 19:19:32.248 - Destroying ENet thread pool
19632: 19:19:32.248 - Destroying I/O thread pool
19632: 19:19:32.248 - Destroying ENet buffer allocator
19632: 19:19:32.248 - Destroying TCP buffer allocator
19632: 19:19:32.248 - Destroying TCP socket allocator
19632: 19:19:32.248 - Destroying ENet inbound socket allocator
19632: 19:19:32.248 - Destroying ENet outbound socket allocator
19632: 19:19:32.248 - Destroying shared datagram flow control data
19632: 19:19:32.248 - Shutdown complete...
19632: 19:19:32.248 - Service shutting down: with Exception (1). Errorcode: 6
19632: 19:19:32.249 - Service shut down complete
8716: 19:28:59.589 - ---
8716: 19:28:59.589 - Service: "Photon Socket Server" starting
8716: 19:28:59.590 - Config File: C:\Users\94910\Desktop\Car\Server\Photon-OnPremise-Server-SDK_v4-0-29-11263\deploy\bin_Win64\PhotonServer.config
8716: 19:28:59.591 - Will produce at most: 10 crash dumps
8716: 19:28:59.591 - Action: run as exe
8716: 19:28:59.592 - Server Starting...
8716: 19:28:59.592 -    Tick count: 34135562 (wraps in: 49.3152 days)
8716: 19:28:59.592 - Tick count 64: 34135562
8716: 19:28:59.592 - Photon Version: 4.0.28.2962
8716: 19:28:59.592 - PID: 17088
8716: 19:28:59.592 - Config File: C:\Users\94910\Desktop\Car\Server\Photon-OnPremise-Server-SDK_v4-0-29-11263\deploy\bin_Win64\PhotonServer.config
8716: 19:28:59.592 - Will NOT log unimportant exceptions
8716: 19:28:59.594 - Not using performance counters as they are not currently installed. Run the service with /InstallCounters to install them.
8716: 19:28:59.594 - Shutdown timeout enabled: 30000ms
8716: 19:28:59.595 - Starting I/O thread pool with 2 threads
8716: 19:28:59.595 - Using Standard allocator
8716: 19:28:59.595 - Max message size: 512000
8716: 19:28:59.595 - Starting business logic thread pool with the following settings
8716: 19:28:59.595 - InitialThreads: 4 threads
8716: 19:28:59.595 - MinThreads: 4 threads
8716: 19:28:59.595 - Thread pool is fixed size
8716: 19:28:59.595 - Starting ENet thread pool with the following settings
8716: 19:28:59.595 - InitialThreads: 2 threads
8716: 19:28:59.595 - MinThreads: 2 threads
8716: 19:28:59.595 - Thread pool is fixed size
8716: 19:28:59.595 - OnlyDispatchTimers: False
8716: 19:28:59.595 - S2S: flow control: Max pending writes: 50
8716: 19:28:59.595 - S2S: flow control: Max queued buffers: 200
8716: 19:28:59.595 - S2S: flow control: Max pending writes MUX: 500
8716: 19:28:59.595 - S2S: flow control: Max queued buffers MUX: 2000
8716: 19:28:59.595 - S2S: MaxInboundMessageSize: 512000
8716: 19:28:59.595 - S2S: MaxOutboundMessageSize: 512000
8716: 19:28:59.595 - S2S: No inactivity timeout
8716: 19:28:59.598 - WebSocket S2S: MaxInboundMessageSize: 512000
8716: 19:28:59.598 - WebSocket S2S: MaxOutboundMessageSize: 512000
8716: 19:28:59.598 - WebSocket S2S: No inactivity timeout
8716: 19:28:59.599 - Max Reliable Data In Transit (awaiting ACKs) per peer : 51200 bytes
8716: 19:28:59.599 - Per peer bandwidth limit
8716: 19:28:59.599 - Transmit Rate Limit: 256 KB/Sec
8716: 19:28:59.599 - Limit period: 200ms
8716: 19:28:59.599 - Limit per period: 52428 bytes
8716: 19:28:59.599 - Max queued data for transmission per peer: 512000 bytes
8716: 19:28:59.599 - Minimum retransmit timeout: 200
8716: 19:28:59.599 - No Maximum retransmit timeout
8716: 19:28:59.599 - Minimum ENet timeout: 5000ms
8716: 19:28:59.599 - Maximum ENet timeout: 30000ms
8716: 19:28:59.599 - Max Inbound Reliable Data Queued (awaiting resends of earlier sequence numbers) per peer : 163840 bytes
8716: 19:28:59.599 - No RTT ACK adjustment timeout
8716: 19:28:59.599 - Outbound ENet: MaxInboundMessageSize: 512000
8716: 19:28:59.599 - Outbound ENet: MaxOutboundMessageSize: 512000
8716: 19:28:59.600 - GetRuntime - About to load CLR - versions available:
8716: 19:28:59.600 - v2.0.50727
8716: 19:28:59.600 - v4.0.30319
8716: 19:28:59.600 - Configuration requests: "v2.0.50727"
8716: 19:28:59.600 - About to load version: "v2.0.50727"
8716: 19:28:59.605 - About to load runtime: PhotonHostRuntime.PhotonDomainManager from PhotonHostRuntime, Culture=neutral, PublicKeyToken=02C301B61B060C4D
8716: 19:28:59.605 - CLRBaseDirectory set to "C:\Users\94910\Desktop\Car\Server\Photon-OnPremise-Server-SDK_v4-0-29-11263\deploy"
8716: 19:28:59.605 - Optimising event broadcast for 20 or more peers
8716: 19:28:59.606 - Start: About to load CLR - versions available:
8716: 19:28:59.606 - v2.0.50727
8716: 19:28:59.606 - v4.0.30319
8716: 19:28:59.606 - No preference in configuration file, will load latest.
8716: 19:28:59.606 - About to load version: "v4.0.30319"
8716: 19:28:59.607 - Loaded version: "v4.0.30319"
8716: 19:28:59.782 - Photon host runtime loaded
8716: 19:29:01.684 - License is valid.
8716: 19:29:01.684 - Licensed for 100 concurrent connections.
8716: 19:29:01.684 - ENet: Max Reliable Data In Transit (awaiting ACKs) per peer : 51200 bytes
8716: 19:29:01.684 - ENet: Per peer bandwidth limit
8716: 19:29:01.684 - ENet: Transmit Rate Limit: 256 KB/Sec
8716: 19:29:01.684 - ENet: Limit period: 200ms
8716: 19:29:01.684 - ENet: Limit per period: 52428 bytes
8716: 19:29:01.684 - ENet: Max queued data for transmission per peer: 512000 bytes
8716: 19:29:01.684 - ENet: Minimum retransmit timeout: 200
8716: 19:29:01.684 - No Maximum retransmit timeout
8716: 19:29:01.684 - ENet: Minimum timeout: 5000ms
8716: 19:29:01.684 - ENet: Maximum timeout: 30000ms
8716: 19:29:01.684 - ENet: Max Inbound Reliable Data Queued (awaiting resends of earlier sequence numbers) per peer : 163840 bytes
8716: 19:29:01.684 - No RTT ACK adjustment timeout
8716: 19:29:01.685 - About to load application: ChatServer from ChatServer
8716: 19:29:01.685 - Auto restart is enabled for application, existing connections will be terminated during restart
8716: 19:29:01.685 - Application will restart 1000ms after the last change detected
8716: 19:29:01.685 - Application will restart if files matching the following are changed: "dll;config"
8716: 19:29:01.685 - Application will NOT restart if files matching the following are changed: "log4net.config"
8716: 19:29:01.722 - CService::OnException() - Exception: CManagedHost::CreateApplicationInNewAppDomain() - Failed to create new application domain for : "ChatServer" - Can't find ChatServer.dll in  or C:\Users\94910\Desktop\Car\Server\Photon-OnPremise-Server-SDK_v4-0-29-11263\deploy\ChatServer\bin
8716: 19:29:01.722 - Server shutting down...
8716: 19:29:01.722 - Shutdown monitoring enabled, 30000ms before process abort
8716: 19:29:01.722 - Notifying CLR applications of shutdown...
8716: 19:29:01.722 - RequestStop: defalt app domain
8716: 19:29:01.730 - Shutting down WebSocket Outbound Connection Manager...
8716: 19:29:01.730 - Shutting down TCP Outbound Connection Manager...
8716: 19:29:01.730 - Shutting down ENet Outbound Connection Manager...
8716: 19:29:01.730 - Disconnecting all outbound peers...
8716: 19:29:01.730 - Shutting down ENet host...
8716: 19:29:01.730 - Disconnecting all peers...
8716: 19:29:01.730 - Shutting down socket servers...
8716: 19:29:01.730 - Shutting down ENet thread pool...
8716: 19:29:01.730 - Shutting down TCP inactivity timers...
8716: 19:29:01.730 - Shutting down CLR applications...
8716: 19:29:01.730 - Shutting down business logic thread pool...
8716: 19:29:01.730 - Shutting down I/O thread pool...
8716: 19:29:01.731 - Destroying servers
8716: 19:29:01.731 - Destroying WebSocket Outbound Connection Manager
8716: 19:29:01.731 - Destroying TCP Outbound Connection Manager
8716: 19:29:01.731 - Destroying TCP inactivity timer
8716: 19:29:01.731 - Destroying ENet timer wheel
8716: 19:29:01.731 - Destroying ENet host
8716: 19:29:01.731 - Destroying ENet outbound host
8716: 19:29:01.731 - Destroying HTTP inactivity timer
8716: 19:29:01.731 - Destroying HTTP host
8716: 19:29:01.731 - Destroying HTTP Chunk host
8716: 19:29:01.731 - Flushing ENET buffer allocator...
8716: 19:29:01.731 - Flushing TCP buffer handle allocator...
8716: 19:29:01.731 - Flushing stream socket allocator...
8716: 19:29:01.731 - Flushing inbound datagram socket allocator...
8716: 19:29:01.731 - Flushing outbound datagram socket allocator...
8716: 19:29:01.731 - Destroying CLR dispatcher
8716: 19:29:01.731 - Destroying CLR applications
8716: 19:29:01.731 - ~CCLRApplicationCollection() - Waiting up to 10 seconds for the CLR to release all of our objects
8716: 19:29:01.731 - ~CCLRApplicationCollection() - Done. All objects released
8716: 19:29:01.731 - ~CManagedHost() - Release default app domain
8716: 19:29:01.731 - CManagedHost::OnDomainUnload() - 1
8716: 19:29:01.731 - ~CManagedHost() - Waiting up to 10 seconds for CLR shutdown...
8716: 19:29:01.731 - ~CManagedHost
8716: 19:29:01.731 - Destroying ENet thread pool
8716: 19:29:01.732 - Destroying Business logic thread pool
8716: 19:29:01.732 - Destroying I/O thread pool
8716: 19:29:01.732 - Destroying ENet buffer allocator
8716: 19:29:01.732 - Destroying TCP buffer allocator
8716: 19:29:01.732 - Destroying TCP socket allocator
8716: 19:29:01.732 - Destroying ENet inbound socket allocator
8716: 19:29:01.732 - Destroying ENet outbound socket allocator
8716: 19:29:01.732 - Destroying shared datagram flow control data
8716: 19:29:01.732 - Shutdown complete...
8716: 19:29:01.732 - Service shutting down
8716: 19:29:01.735 - Service shut down complete
19620: 19:29:12.534 - ---
19620: 19:29:12.534 - Service: "Photon Socket Server" starting
19620: 19:29:12.534 - Config File: C:\Users\94910\Desktop\Car\Server\Photon-OnPremise-Server-SDK_v4-0-29-11263\deploy\bin_Win64\PhotonServer.config
19620: 19:29:12.536 - Will produce at most: 10 crash dumps
19620: 19:29:12.536 - Action: run as exe
19620: 19:29:12.536 - Server Starting...
19620: 19:29:12.536 -    Tick count: 34148500 (wraps in: 49.315 days)
19620: 19:29:12.536 - Tick count 64: 34148500
19620: 19:29:12.536 - Photon Version: 4.0.28.2962
19620: 19:29:12.536 - PID: 9852
19620: 19:29:12.536 - Config File: C:\Users\94910\Desktop\Car\Server\Photon-OnPremise-Server-SDK_v4-0-29-11263\deploy\bin_Win64\PhotonServer.config
19620: 19:29:12.537 - Will NOT log unimportant exceptions
19620: 19:29:12.538 - Not using performance counters as they are not currently installed. Run the service with /InstallCounters to install them.
19620: 19:29:12.538 - Shutdown timeout enabled: 30000ms
19620: 19:29:12.539 - Starting I/O thread pool with 2 threads
19620: 19:29:12.539 - Using Standard allocator
19620: 19:29:12.539 - Max message size: 512000
19620: 19:29:12.539 - Starting business logic thread pool with the following settings
19620: 19:29:12.539 - InitialThreads: 4 threads
19620: 19:29:12.539 - MinThreads: 4 threads
19620: 19:29:12.539 - Thread pool is fixed size
19620: 19:29:12.539 - Starting ENet thread pool with the following settings
19620: 19:29:12.539 - InitialThreads: 2 threads
19620: 19:29:12.539 - MinThreads: 2 threads
19620: 19:29:12.539 - Thread pool is fixed size
19620: 19:29:12.539 - OnlyDispatchTimers: False
19620: 19:29:12.539 - S2S: flow control: Max pending writes: 50
19620: 19:29:12.539 - S2S: flow control: Max queued buffers: 200
19620: 19:29:12.539 - S2S: flow control: Max pending writes MUX: 500
19620: 19:29:12.539 - S2S: flow control: Max queued buffers MUX: 2000
19620: 19:29:12.539 - S2S: MaxInboundMessageSize: 512000
19620: 19:29:12.539 - S2S: MaxOutboundMessageSize: 512000
19620: 19:29:12.539 - S2S: No inactivity timeout
19620: 19:29:12.542 - WebSocket S2S: MaxInboundMessageSize: 512000
19620: 19:29:12.542 - WebSocket S2S: MaxOutboundMessageSize: 512000
19620: 19:29:12.542 - WebSocket S2S: No inactivity timeout
19620: 19:29:12.542 - Max Reliable Data In Transit (awaiting ACKs) per peer : 51200 bytes
19620: 19:29:12.542 - Per peer bandwidth limit
19620: 19:29:12.542 - Transmit Rate Limit: 256 KB/Sec
19620: 19:29:12.542 - Limit period: 200ms
19620: 19:29:12.542 - Limit per period: 52428 bytes
19620: 19:29:12.542 - Max queued data for transmission per peer: 512000 bytes
19620: 19:29:12.542 - Minimum retransmit timeout: 200
19620: 19:29:12.542 - No Maximum retransmit timeout
19620: 19:29:12.542 - Minimum ENet timeout: 5000ms
19620: 19:29:12.542 - Maximum ENet timeout: 30000ms
19620: 19:29:12.542 - Max Inbound Reliable Data Queued (awaiting resends of earlier sequence numbers) per peer : 163840 bytes
19620: 19:29:12.543 - No RTT ACK adjustment timeout
19620: 19:29:12.543 - Outbound ENet: MaxInboundMessageSize: 512000
19620: 19:29:12.543 - Outbound ENet: MaxOutboundMessageSize: 512000
19620: 19:29:12.544 - GetRuntime - About to load CLR - versions available:
19620: 19:29:12.544 - v2.0.50727
19620: 19:29:12.544 - v4.0.30319
19620: 19:29:12.544 - Configuration requests: "v2.0.50727"
19620: 19:29:12.544 - About to load version: "v2.0.50727"
19620: 19:29:12.549 - About to load runtime: PhotonHostRuntime.PhotonDomainManager from PhotonHostRuntime, Culture=neutral, PublicKeyToken=02C301B61B060C4D
19620: 19:29:12.549 - CLRBaseDirectory set to "C:\Users\94910\Desktop\Car\Server\Photon-OnPremise-Server-SDK_v4-0-29-11263\deploy"
19620: 19:29:12.549 - Optimising event broadcast for 20 or more peers
19620: 19:29:12.550 - Start: About to load CLR - versions available:
19620: 19:29:12.550 - v2.0.50727
19620: 19:29:12.550 - v4.0.30319
19620: 19:29:12.550 - No preference in configuration file, will load latest.
19620: 19:29:12.550 - About to load version: "v4.0.30319"
19620: 19:29:12.551 - Loaded version: "v4.0.30319"
19620: 19:29:12.717 - Photon host runtime loaded
19620: 19:29:14.566 - License is valid.
19620: 19:29:14.566 - Licensed for 100 concurrent connections.
19620: 19:29:14.566 - ENet: Max Reliable Data In Transit (awaiting ACKs) per peer : 51200 bytes
19620: 19:29:14.566 - ENet: Per peer bandwidth limit
19620: 19:29:14.566 - ENet: Transmit Rate Limit: 256 KB/Sec
19620: 19:29:14.566 - ENet: Limit period: 200ms
19620: 19:29:14.566 - ENet: Limit per period: 52428 bytes
19620: 19:29:14.566 - ENet: Max queued data for transmission per peer: 512000 bytes
19620: 19:29:14.566 - ENet: Minimum retransmit timeout: 200
19620: 19:29:14.566 - No Maximum retransmit timeout
19620: 19:29:14.566 - ENet: Minimum timeout: 5000ms
19620: 19:29:14.566 - ENet: Maximum timeout: 30000ms
19620: 19:29:14.566 - ENet: Max Inbound Reliable Data Queued (awaiting resends of earlier sequence numbers) per peer : 163840 bytes
19620: 19:29:14.566 - No RTT ACK adjustment timeout
19620: 19:29:14.566 - About to load application: ChatServer from ChatServer
19620: 19:29:14.566 - Auto restart is enabled for application, existing connections will be terminated during restart
19620: 19:29:14.566 - Application will restart 1000ms after the last change detected
19620: 19:29:14.566 - Application will restart if files matching the following are changed: "dll;config"
19620: 19:29:14.566 - Application will NOT restart if files matching the following are changed: "log4net.config"
19620: 19:29:14.589 - CService::OnException() - Exception: CManagedHost::CreateApplicationInNewAppDomain() - Failed to create new application domain for : "ChatServer" - Can't find ChatServer.dll in  or C:\Users\94910\Desktop\Car\Server\Photon-OnPremise-Server-SDK_v4-0-29-11263\deploy\ChatServer\bin
19620: 19:29:14.589 - Server shutting down...
19620: 19:29:14.589 - Shutdown monitoring enabled, 30000ms before process abort
19620: 19:29:14.589 - Notifying CLR applications of shutdown...
19620: 19:29:14.589 - RequestStop: defalt app domain
19620: 19:29:14.596 - Shutting down WebSocket Outbound Connection Manager...
19620: 19:29:14.596 - Shutting down TCP Outbound Connection Manager...
19620: 19:29:14.596 - Shutting down ENet Outbound Connection Manager...
19620: 19:29:14.596 - Disconnecting all outbound peers...
19620: 19:29:14.596 - Shutting down ENet host...
19620: 19:29:14.596 - Disconnecting all peers...
19620: 19:29:14.596 - Shutting down socket servers...
19620: 19:29:14.596 - Shutting down ENet thread pool...
19620: 19:29:14.596 - Shutting down TCP inactivity timers...
19620: 19:29:14.597 - Shutting down CLR applications...
19620: 19:29:14.597 - Shutting down business logic thread pool...
19620: 19:29:14.597 - Shutting down I/O thread pool...
19620: 19:29:14.597 - Destroying servers
19620: 19:29:14.597 - Destroying WebSocket Outbound Connection Manager
19620: 19:29:14.597 - Destroying TCP Outbound Connection Manager
19620: 19:29:14.597 - Destroying TCP inactivity timer
19620: 19:29:14.597 - Destroying ENet timer wheel
19620: 19:29:14.597 - Destroying ENet host
19620: 19:29:14.597 - Destroying ENet outbound host
19620: 19:29:14.598 - Destroying HTTP inactivity timer
19620: 19:29:14.598 - Destroying HTTP host
19620: 19:29:14.598 - Destroying HTTP Chunk host
19620: 19:29:14.598 - Flushing ENET buffer allocator...
19620: 19:29:14.598 - Flushing TCP buffer handle allocator...
19620: 19:29:14.598 - Flushing stream socket allocator...
19620: 19:29:14.598 - Flushing inbound datagram socket allocator...
19620: 19:29:14.598 - Flushing outbound datagram socket allocator...
19620: 19:29:14.598 - Destroying CLR dispatcher
19620: 19:29:14.598 - Destroying CLR applications
19620: 19:29:14.598 - ~CCLRApplicationCollection() - Waiting up to 10 seconds for the CLR to release all of our objects
19620: 19:29:14.598 - ~CCLRApplicationCollection() - Done. All objects released
19620: 19:29:14.598 - ~CManagedHost() - Release default app domain
19620: 19:29:14.598 - CManagedHost::OnDomainUnload() - 1
19620: 19:29:14.598 - ~CManagedHost() - Waiting up to 10 seconds for CLR shutdown...
19620: 19:29:14.598 - ~CManagedHost
19620: 19:29:14.598 - Destroying ENet thread pool
19620: 19:29:14.598 - Destroying Business logic thread pool
19620: 19:29:14.598 - Destroying I/O thread pool
19620: 19:29:14.598 - Destroying ENet buffer allocator
19620: 19:29:14.598 - Destroying TCP buffer allocator
19620: 19:29:14.598 - Destroying TCP socket allocator
19620: 19:29:14.598 - Destroying ENet inbound socket allocator
19620: 19:29:14.598 - Destroying ENet outbound socket allocator
19620: 19:29:14.598 - Destroying shared datagram flow control data
19620: 19:29:14.598 - Shutdown complete...
19620: 19:29:14.598 - Service shutting down
19620: 19:29:14.600 - Service shut down complete
