18240: 23:31:04.483 - ---
18240: 23:31:04.484 - Service: "Photon Socket Server" starting
18240: 23:31:04.484 - Config File: C:\Users\94910\Desktop\Car\Server\Photon-OnPremise-Server-SDK_v4-0-29-11263\deploy\bin_Win64\PhotonServer.config
18240: 23:31:04.493 - Will produce at most: 10 crash dumps
18240: 23:31:04.494 - Action: run as exe
18240: 23:31:04.497 - Server Starting...
18240: 23:31:04.504 -    Tick count: 50325906 (wraps in: 49.1278 days)
18240: 23:31:04.504 - Tick count 64: 50325906
18240: 23:31:04.504 - Photon Version: 4.0.28.2962
18240: 23:31:04.504 - PID: 4012
18240: 23:31:04.506 - Config File: C:\Users\94910\Desktop\Car\Server\Photon-OnPremise-Server-SDK_v4-0-29-11263\deploy\bin_Win64\PhotonServer.config
18240: 23:31:04.507 - Will NOT log unimportant exceptions
18240: 23:31:04.525 - Not using performance counters as they are not currently installed. Run the service with /InstallCounters to install them.
18240: 23:31:04.526 - Shutdown timeout enabled: 30000ms
18240: 23:31:04.533 - Starting I/O thread pool with 2 threads
18240: 23:31:04.537 - Using Standard allocator
18240: 23:31:04.537 - Max message size: 512000
18240: 23:31:04.539 - Starting business logic thread pool with the following settings
18240: 23:31:04.539 - InitialThreads: 4 threads
18240: 23:31:04.539 - MinThreads: 4 threads
18240: 23:31:04.539 - Thread pool is fixed size
18240: 23:31:04.540 - Starting ENet thread pool with the following settings
18240: 23:31:04.540 - InitialThreads: 2 threads
18240: 23:31:04.540 - MinThreads: 2 threads
18240: 23:31:04.540 - Thread pool is fixed size
18240: 23:31:04.540 - OnlyDispatchTimers: False
18240: 23:31:04.542 - S2S: flow control: Max pending writes: 50
18240: 23:31:04.542 - S2S: flow control: Max queued buffers: 200
18240: 23:31:04.542 - S2S: flow control: Max pending writes MUX: 500
18240: 23:31:04.542 - S2S: flow control: Max queued buffers MUX: 2000
18240: 23:31:04.542 - S2S: MaxInboundMessageSize: 512000
18240: 23:31:04.542 - S2S: MaxOutboundMessageSize: 512000
18240: 23:31:04.542 - S2S: No inactivity timeout
18240: 23:31:04.553 - WebSocket S2S: MaxInboundMessageSize: 512000
18240: 23:31:04.553 - WebSocket S2S: MaxOutboundMessageSize: 512000
18240: 23:31:04.553 - WebSocket S2S: No inactivity timeout
18240: 23:31:04.559 - Max Reliable Data In Transit (awaiting ACKs) per peer : 51200 bytes
18240: 23:31:04.559 - Per peer bandwidth limit
18240: 23:31:04.559 - Transmit Rate Limit: 256 KB/Sec
18240: 23:31:04.559 - Limit period: 200ms
18240: 23:31:04.559 - Limit per period: 52428 bytes
18240: 23:31:04.559 - Max queued data for transmission per peer: 512000 bytes
18240: 23:31:04.559 - Minimum retransmit timeout: 200
18240: 23:31:04.559 - No Maximum retransmit timeout
18240: 23:31:04.559 - Minimum ENet timeout: 5000ms
18240: 23:31:04.559 - Maximum ENet timeout: 30000ms
18240: 23:31:04.559 - Max Inbound Reliable Data Queued (awaiting resends of earlier sequence numbers) per peer : 163840 bytes
18240: 23:31:04.559 - No RTT ACK adjustment timeout
18240: 23:31:04.559 - Outbound ENet: MaxInboundMessageSize: 512000
18240: 23:31:04.559 - Outbound ENet: MaxOutboundMessageSize: 512000
18240: 23:31:04.579 - GetRuntime - About to load CLR - versions available:
18240: 23:31:04.579 - v2.0.50727
18240: 23:31:04.579 - v4.0.30319
18240: 23:31:04.579 - Configuration requests: "v2.0.50727"
18240: 23:31:04.579 - About to load version: "v2.0.50727"
18240: 23:31:04.628 - About to load runtime: PhotonHostRuntime.PhotonDomainManager from PhotonHostRuntime, Culture=neutral, PublicKeyToken=02C301B61B060C4D
18240: 23:31:04.628 - CLRBaseDirectory set to "C:\Users\94910\Desktop\Car\Server\Photon-OnPremise-Server-SDK_v4-0-29-11263\deploy"
18240: 23:31:04.628 - Optimising event broadcast for 20 or more peers
18240: 23:31:04.633 - Start: About to load CLR - versions available:
18240: 23:31:04.634 - v2.0.50727
18240: 23:31:04.634 - v4.0.30319
18240: 23:31:04.634 - No preference in configuration file, will load latest.
18240: 23:31:04.634 - About to load version: "v4.0.30319"
18240: 23:31:04.637 - Loaded version: "v4.0.30319"
18240: 23:31:05.431 - Photon host runtime loaded
18240: 23:31:09.636 - License is valid.
18240: 23:31:09.636 - Licensed for 100 concurrent connections.
18240: 23:31:09.636 - ENet: Max Reliable Data In Transit (awaiting ACKs) per peer : 51200 bytes
18240: 23:31:09.636 - ENet: Per peer bandwidth limit
18240: 23:31:09.636 - ENet: Transmit Rate Limit: 256 KB/Sec
18240: 23:31:09.636 - ENet: Limit period: 200ms
18240: 23:31:09.636 - ENet: Limit per period: 52428 bytes
18240: 23:31:09.636 - ENet: Max queued data for transmission per peer: 512000 bytes
18240: 23:31:09.636 - ENet: Minimum retransmit timeout: 200
18240: 23:31:09.636 - No Maximum retransmit timeout
18240: 23:31:09.636 - ENet: Minimum timeout: 5000ms
18240: 23:31:09.636 - ENet: Maximum timeout: 30000ms
18240: 23:31:09.636 - ENet: Max Inbound Reliable Data Queued (awaiting resends of earlier sequence numbers) per peer : 163840 bytes
18240: 23:31:09.636 - No RTT ACK adjustment timeout
18240: 23:31:09.637 - About to load application: CarServer from CarServer
18240: 23:31:09.637 - Auto restart is enabled for application, existing connections will be terminated during restart
18240: 23:31:09.637 - Application will restart 1000ms after the last change detected
18240: 23:31:09.637 - Application will restart if files matching the following are changed: "dll;config"
18240: 23:31:09.637 - Application will NOT restart if files matching the following are changed: "log4net.config"
18240: 23:31:10.944 - Taking reference on default app domain
18240: 23:31:12.595 - Application: "CarServer" started in app domain: 2
18240: 23:31:12.595 - Adding TCP listener on: 0.0.0.0: 4530 with a listen backlog of: 150
18240: 23:31:12.595 - TCP inactivity timeout: 10000ms
18240: 23:31:12.595 - TCP disconnect timeout: 120000ms
18240: 23:31:12.595 - MaxInboundMessageSize: 512000
18240: 23:31:12.595 - MaxOutboundMessageSize: 512000
18240: 23:31:12.595 - Forcing all applications ids to: "CarServer"
18240: 23:31:12.612 - Serving policy file requests from: "C:\Users\94910\Desktop\Car\Server\Photon-OnPremise-Server-SDK_v4-0-29-11263\deploy\Policy\assets\socket-policy.xml"
18240: 23:31:12.612 - Forcing all applications ids to: "CarServer"
18240: 23:31:12.612 - MaxInboundMessageSize: 512000
18240: 23:31:12.612 - MaxOutboundMessageSize: 512000
18240: 23:31:12.612 - UDP address specified as: "0.0.0.0" adding listener to each available IPv4 address
18240: 23:31:12.613 - Adding UDP listener on: 192.168.40.1: 5055 with a listen backlog of: 500
18240: 23:31:12.613 - Adding UDP listener on: 192.168.133.1: 5055 with a listen backlog of: 500
18240: 23:31:12.613 - Adding UDP listener on: 192.168.1.101: 5055 with a listen backlog of: 500
18240: 23:31:12.613 - Adding UDP listener on: 192.168.137.1: 5055 with a listen backlog of: 500
18240: 23:31:12.613 - Adding UDP listener on: 127.0.0.1: 5055 with a listen backlog of: 500
18240: 23:31:12.747 - Service is running...
