20208: 22:19:34.082 - ---
20208: 22:19:34.082 - Service: "Photon Socket Server" starting
20208: 22:19:34.082 - Config File: C:\Users\94910\Desktop\Car\Server\Photon-OnPremise-Server-SDK_v4-0-29-11263\deploy\bin_Win64\PhotonServer.config
20208: 22:19:34.086 - Will produce at most: 10 crash dumps
20208: 22:19:34.086 - Action: run as exe
20208: 22:19:34.088 - Server Starting...
20208: 22:19:34.089 -    Tick count: 43742062 (wraps in: 49.204 days)
20208: 22:19:34.089 - Tick count 64: 43742062
20208: 22:19:34.090 - Photon Version: 4.0.28.2962
20208: 22:19:34.090 - PID: 12788
20208: 22:19:34.091 - Config File: C:\Users\94910\Desktop\Car\Server\Photon-OnPremise-Server-SDK_v4-0-29-11263\deploy\bin_Win64\PhotonServer.config
20208: 22:19:34.092 - Will NOT log unimportant exceptions
20208: 22:19:34.106 - Not using performance counters as they are not currently installed. Run the service with /InstallCounters to install them.
20208: 22:19:34.106 - Shutdown timeout enabled: 30000ms
20208: 22:19:34.109 - Starting I/O thread pool with 2 threads
20208: 22:19:34.110 - Using Standard allocator
20208: 22:19:34.110 - Max message size: 512000
20208: 22:19:34.111 - Starting business logic thread pool with the following settings
20208: 22:19:34.111 - InitialThreads: 4 threads
20208: 22:19:34.111 - MinThreads: 4 threads
20208: 22:19:34.111 - Thread pool is fixed size
20208: 22:19:34.112 - Starting ENet thread pool with the following settings
20208: 22:19:34.112 - InitialThreads: 2 threads
20208: 22:19:34.112 - MinThreads: 2 threads
20208: 22:19:34.112 - Thread pool is fixed size
20208: 22:19:34.112 - OnlyDispatchTimers: False
20208: 22:19:34.113 - S2S: flow control: Max pending writes: 50
20208: 22:19:34.113 - S2S: flow control: Max queued buffers: 200
20208: 22:19:34.113 - S2S: flow control: Max pending writes MUX: 500
20208: 22:19:34.113 - S2S: flow control: Max queued buffers MUX: 2000
20208: 22:19:34.113 - S2S: MaxInboundMessageSize: 512000
20208: 22:19:34.113 - S2S: MaxOutboundMessageSize: 512000
20208: 22:19:34.113 - S2S: No inactivity timeout
20208: 22:19:34.119 - WebSocket S2S: MaxInboundMessageSize: 512000
20208: 22:19:34.119 - WebSocket S2S: MaxOutboundMessageSize: 512000
20208: 22:19:34.119 - WebSocket S2S: No inactivity timeout
20208: 22:19:34.120 - Max Reliable Data In Transit (awaiting ACKs) per peer : 51200 bytes
20208: 22:19:34.120 - Per peer bandwidth limit
20208: 22:19:34.120 - Transmit Rate Limit: 256 KB/Sec
20208: 22:19:34.120 - Limit period: 200ms
20208: 22:19:34.120 - Limit per period: 52428 bytes
20208: 22:19:34.120 - Max queued data for transmission per peer: 512000 bytes
20208: 22:19:34.120 - Minimum retransmit timeout: 200
20208: 22:19:34.120 - No Maximum retransmit timeout
20208: 22:19:34.120 - Minimum ENet timeout: 5000ms
20208: 22:19:34.120 - Maximum ENet timeout: 30000ms
20208: 22:19:34.120 - Max Inbound Reliable Data Queued (awaiting resends of earlier sequence numbers) per peer : 163840 bytes
20208: 22:19:34.120 - No RTT ACK adjustment timeout
20208: 22:19:34.120 - Outbound ENet: MaxInboundMessageSize: 512000
20208: 22:19:34.120 - Outbound ENet: MaxOutboundMessageSize: 512000
20208: 22:19:34.134 - GetRuntime - About to load CLR - versions available:
20208: 22:19:34.134 - v2.0.50727
20208: 22:19:34.134 - v4.0.30319
20208: 22:19:34.134 - Configuration requests: "v2.0.50727"
20208: 22:19:34.134 - About to load version: "v2.0.50727"
20208: 22:19:34.161 - About to load runtime: PhotonHostRuntime.PhotonDomainManager from PhotonHostRuntime, Culture=neutral, PublicKeyToken=02C301B61B060C4D
20208: 22:19:34.161 - CLRBaseDirectory set to "C:\Users\94910\Desktop\Car\Server\Photon-OnPremise-Server-SDK_v4-0-29-11263\deploy"
20208: 22:19:34.161 - Optimising event broadcast for 20 or more peers
20208: 22:19:34.166 - Start: About to load CLR - versions available:
20208: 22:19:34.166 - v2.0.50727
20208: 22:19:34.166 - v4.0.30319
20208: 22:19:34.166 - No preference in configuration file, will load latest.
20208: 22:19:34.166 - About to load version: "v4.0.30319"
20208: 22:19:34.168 - Loaded version: "v4.0.30319"
20208: 22:19:34.424 - Photon host runtime loaded
20208: 22:19:36.565 - License is valid.
20208: 22:19:36.565 - Licensed for 100 concurrent connections.
20208: 22:19:36.565 - ENet: Max Reliable Data In Transit (awaiting ACKs) per peer : 51200 bytes
20208: 22:19:36.565 - ENet: Per peer bandwidth limit
20208: 22:19:36.565 - ENet: Transmit Rate Limit: 256 KB/Sec
20208: 22:19:36.565 - ENet: Limit period: 200ms
20208: 22:19:36.565 - ENet: Limit per period: 52428 bytes
20208: 22:19:36.565 - ENet: Max queued data for transmission per peer: 512000 bytes
20208: 22:19:36.565 - ENet: Minimum retransmit timeout: 200
20208: 22:19:36.565 - No Maximum retransmit timeout
20208: 22:19:36.565 - ENet: Minimum timeout: 5000ms
20208: 22:19:36.565 - ENet: Maximum timeout: 30000ms
20208: 22:19:36.565 - ENet: Max Inbound Reliable Data Queued (awaiting resends of earlier sequence numbers) per peer : 163840 bytes
20208: 22:19:36.565 - No RTT ACK adjustment timeout
20208: 22:19:36.565 - About to load application: CarServer from CarServer
20208: 22:19:36.565 - Auto restart is enabled for application, existing connections will be terminated during restart
20208: 22:19:36.565 - Application will restart 1000ms after the last change detected
20208: 22:19:36.565 - Application will restart if files matching the following are changed: "dll;config"
20208: 22:19:36.565 - Application will NOT restart if files matching the following are changed: "log4net.config"
20208: 22:19:36.909 - Taking reference on default app domain
20208: 22:19:37.195 - Application: "CarServer" started in app domain: 2
20208: 22:19:37.196 - Adding TCP listener on: 0.0.0.0: 4530 with a listen backlog of: 150
20208: 22:19:37.196 - TCP inactivity timeout: 10000ms
20208: 22:19:37.196 - TCP disconnect timeout: 120000ms
20208: 22:19:37.196 - MaxInboundMessageSize: 512000
20208: 22:19:37.196 - MaxOutboundMessageSize: 512000
20208: 22:19:37.196 - Forcing all applications ids to: "CarServer"
20208: 22:19:37.201 - Serving policy file requests from: "C:\Users\94910\Desktop\Car\Server\Photon-OnPremise-Server-SDK_v4-0-29-11263\deploy\Policy\assets\socket-policy.xml"
20208: 22:19:37.202 - Forcing all applications ids to: "CarServer"
20208: 22:19:37.202 - MaxInboundMessageSize: 512000
20208: 22:19:37.202 - MaxOutboundMessageSize: 512000
20208: 22:19:37.202 - UDP address specified as: "0.0.0.0" adding listener to each available IPv4 address
20208: 22:19:37.203 - Adding UDP listener on: 192.168.40.1: 5055 with a listen backlog of: 500
20208: 22:19:37.203 - Adding UDP listener on: 192.168.133.1: 5055 with a listen backlog of: 500
20208: 22:19:37.203 - Adding UDP listener on: 192.168.137.1: 5055 with a listen backlog of: 500
20208: 22:19:37.203 - Adding UDP listener on: 192.168.1.100: 5055 with a listen backlog of: 500
20208: 22:19:37.203 - Adding UDP listener on: 127.0.0.1: 5055 with a listen backlog of: 500
20208: 22:19:37.236 - Service is running...
20208: 22:19:54.407 - Service is stopped...
20208: 22:19:54.407 - Server shutting down...
20208: 22:19:54.407 - Shutdown monitoring enabled, 30000ms before process abort
20208: 22:19:54.408 - Notifying CLR applications of shutdown...
20208: 22:19:54.409 - RequestApplicationStop: 2
20208: 22:19:54.430 - RequestStop: defalt app domain
20208: 22:19:54.440 - Shutting down WebSocket Outbound Connection Manager...
20208: 22:19:54.441 - Shutting down TCP Outbound Connection Manager...
20208: 22:19:54.443 - Shutting down ENet Outbound Connection Manager...
20208: 22:19:54.444 - Disconnecting all outbound peers...
20208: 22:19:54.445 - Shutting down ENet host...
20208: 22:19:54.445 - Disconnecting all peers...
20208: 22:19:54.445 - Shutting down socket servers...
20208: 22:19:54.445 - Shutting down ENet thread pool...
20208: 22:19:54.445 - Shutting down TCP inactivity timers...
20208: 22:19:54.445 - WaitingForShutdownToComplete: TCP:0.0.0.0:4530
20208: 22:19:54.445 - OnShutdownCompleted: TCP:0.0.0.0:4530
20208: 22:19:54.445 - WaitingForShutdownToComplete: UDP:127.0.0.1:5055
20208: 22:19:54.445 - OnShutdownCompleted: UDP:127.0.0.1:5055
20208: 22:19:54.445 - WaitingForShutdownToComplete: UDP:192.168.1.100:5055
20208: 22:19:54.445 - OnShutdownCompleted: UDP:192.168.1.100:5055
20208: 22:19:54.445 - WaitingForShutdownToComplete: UDP:192.168.133.1:5055
20208: 22:19:54.445 - OnShutdownCompleted: UDP:192.168.133.1:5055
20208: 22:19:54.445 - WaitingForShutdownToComplete: UDP:192.168.137.1:5055
20208: 22:19:54.445 - OnShutdownCompleted: UDP:192.168.137.1:5055
20208: 22:19:54.445 - WaitingForShutdownToComplete: UDP:192.168.40.1:5055
20208: 22:19:54.445 - OnShutdownCompleted: UDP:192.168.40.1:5055
20208: 22:19:54.446 - Shutting down CLR applications...
20208: 22:19:54.474 - Shutting down business logic thread pool...
20208: 22:19:54.474 - Shutting down I/O thread pool...
20208: 22:19:54.474 - Destroying servers
18816: 22:19:54.474 - CManagedHost::OnDefaultAction() - OPR_AppDomainUnload - eUnloadAppDomain
20208: 22:19:54.474 - Destroying WebSocket Outbound Connection Manager
20208: 22:19:54.475 - Destroying TCP Outbound Connection Manager
20208: 22:19:54.475 - Destroying TCP inactivity timer
20208: 22:19:54.475 - Destroying ENet timer wheel
20208: 22:19:54.475 - Destroying ENet host
20208: 22:19:54.475 - Destroying ENet outbound host
20208: 22:19:54.476 - Destroying HTTP inactivity timer
20208: 22:19:54.476 - Destroying HTTP host
20208: 22:19:54.476 - Destroying HTTP Chunk host
20208: 22:19:54.476 - Flushing ENET buffer allocator...
20208: 22:19:54.478 - Flushing TCP buffer handle allocator...
20208: 22:19:54.478 - Flushing stream socket allocator...
20208: 22:19:54.478 - Flushing inbound datagram socket allocator...
20208: 22:19:54.479 - Flushing outbound datagram socket allocator...
20208: 22:19:54.479 - Destroying CLR dispatcher
20208: 22:19:54.480 - Destroying CLR applications
20208: 22:19:54.481 - ~CCLRApplicationCollection() - Waiting up to 10 seconds for the CLR to release all of our objects
12712: 22:19:54.492 - Unloading Domain: ApplicationName = 'CarServer', DomainId='2'
18816: 22:19:54.493 - CManagedHost::OnDomainUnload() - 2
20208: 22:19:54.497 - ~CCLRApplicationCollection() - Done. All objects released
20208: 22:19:54.497 - ~CManagedHost() - Release default app domain
20208: 22:19:54.497 - CManagedHost::OnDomainUnload() - 1
20208: 22:19:54.497 - ~CManagedHost() - Waiting up to 10 seconds for CLR shutdown...
20208: 22:19:54.498 - ~CManagedHost
20208: 22:19:54.498 - Destroying ENet thread pool
20208: 22:19:54.498 - Destroying Business logic thread pool
20208: 22:19:54.498 - Destroying I/O thread pool
20208: 22:19:54.498 - Destroying ENet buffer allocator
20208: 22:19:54.498 - Destroying TCP buffer allocator
20208: 22:19:54.498 - Destroying TCP socket allocator
20208: 22:19:54.498 - Destroying ENet inbound socket allocator
20208: 22:19:54.498 - Destroying ENet outbound socket allocator
20208: 22:19:54.498 - Destroying shared datagram flow control data
20208: 22:19:54.500 - Shutdown complete...
20208: 22:19:54.501 - Service shutting down
20208: 22:19:54.504 - Service shut down complete
