7288: 18:39:49.882 - ---
7288: 18:39:49.882 - Service: "Photon Socket Server" starting
7288: 18:39:49.882 - Config File: C:\Users\94910\Desktop\Car\Server\Photon-OnPremise-Server-SDK_v4-0-29-11263\deploy\bin_Win64\PhotonServer.config
7288: 18:39:49.885 - Will produce at most: 10 crash dumps
7288: 18:39:49.885 - Service shutting down
7288: 18:39:49.887 - Service shut down complete
7932: 18:51:55.989 - ---
7932: 18:51:55.989 - Service: "Photon Socket Server" starting
7932: 18:51:55.989 - Config File: C:\Users\94910\Desktop\Car\Server\Photon-OnPremise-Server-SDK_v4-0-29-11263\deploy\bin_Win64\PhotonServer.config
7932: 18:51:55.992 - Will produce at most: 10 crash dumps
7932: 18:51:55.992 - Service shutting down
7932: 18:51:55.995 - Service shut down complete
18196: 19:06:13.080 - ---
18196: 19:06:13.080 - Service: "Photon Socket Server" starting
18196: 19:06:13.080 - Config File: C:\Users\94910\Desktop\Car\Server\Photon-OnPremise-Server-SDK_v4-0-29-11263\deploy\bin_Win64\PhotonServer.config
18196: 19:06:13.083 - Will produce at most: 10 crash dumps
18196: 19:06:13.083 - Service shutting down
18196: 19:06:13.085 - Service shut down complete
3300: 23:35:02.202 - ---
3300: 23:35:02.202 - Service: "Photon Socket Server" starting
3300: 23:35:02.202 - Config File: C:\Users\94910\Desktop\Car\Server\Photon-OnPremise-Server-SDK_v4-0-29-11263\deploy\bin_Win64\PhotonServer.config
3300: 23:35:02.204 - Will produce at most: 10 crash dumps
3300: 23:35:02.204 - Service shutting down
3300: 23:35:02.206 - Service shut down complete
