19996: 16:21:22.724 - ---
19996: 16:21:22.724 - Service: "Photon Socket Server" starting
19996: 16:21:22.724 - Config File: C:\Users\94910\Desktop\Car\Server\Photon-OnPremise-Server-SDK_v4-0-29-11263\deploy\bin_Win64\PhotonServer.config
19996: 16:21:22.726 - Will produce at most: 10 crash dumps
19996: 16:21:22.726 - Action: run as exe
19996: 16:21:22.727 - Server Starting...
19996: 16:21:22.727 -    Tick count: 23693703 (wraps in: 49.436 days)
19996: 16:21:22.727 - Tick count 64: 23693703
19996: 16:21:22.727 - Photon Version: 4.0.28.2962
19996: 16:21:22.727 - PID: 19900
19996: 16:21:22.727 - Config File: C:\Users\94910\Desktop\Car\Server\Photon-OnPremise-Server-SDK_v4-0-29-11263\deploy\bin_Win64\PhotonServer.config
19996: 16:21:22.727 - Will NOT log unimportant exceptions
19996: 16:21:22.730 - Not using performance counters as they are not currently installed. Run the service with /InstallCounters to install them.
19996: 16:21:22.730 - Shutdown timeout enabled: 30000ms
19996: 16:21:22.730 - Starting I/O thread pool with 2 threads
19996: 16:21:22.730 - Using Standard allocator
19996: 16:21:22.730 - Max message size: 512000
19996: 16:21:22.730 - Starting business logic thread pool with the following settings
19996: 16:21:22.730 - InitialThreads: 4 threads
19996: 16:21:22.730 - MinThreads: 4 threads
19996: 16:21:22.730 - Thread pool is fixed size
19996: 16:21:22.730 - Starting ENet thread pool with the following settings
19996: 16:21:22.731 - InitialThreads: 2 threads
19996: 16:21:22.731 - MinThreads: 2 threads
19996: 16:21:22.731 - Thread pool is fixed size
19996: 16:21:22.731 - OnlyDispatchTimers: False
19996: 16:21:22.731 - S2S: flow control: Max pending writes: 50
19996: 16:21:22.731 - S2S: flow control: Max queued buffers: 200
19996: 16:21:22.731 - S2S: flow control: Max pending writes MUX: 500
19996: 16:21:22.731 - S2S: flow control: Max queued buffers MUX: 2000
19996: 16:21:22.731 - S2S: MaxInboundMessageSize: 512000
19996: 16:21:22.731 - S2S: MaxOutboundMessageSize: 512000
19996: 16:21:22.731 - S2S: No inactivity timeout
19996: 16:21:22.737 - WebSocket S2S: MaxInboundMessageSize: 512000
19996: 16:21:22.737 - WebSocket S2S: MaxOutboundMessageSize: 512000
19996: 16:21:22.737 - WebSocket S2S: No inactivity timeout
19996: 16:21:22.737 - Max Reliable Data In Transit (awaiting ACKs) per peer : 51200 bytes
19996: 16:21:22.737 - Per peer bandwidth limit
19996: 16:21:22.737 - Transmit Rate Limit: 256 KB/Sec
19996: 16:21:22.737 - Limit period: 200ms
19996: 16:21:22.737 - Limit per period: 52428 bytes
19996: 16:21:22.737 - Max queued data for transmission per peer: 512000 bytes
19996: 16:21:22.737 - Minimum retransmit timeout: 200
19996: 16:21:22.737 - No Maximum retransmit timeout
19996: 16:21:22.737 - Minimum ENet timeout: 5000ms
19996: 16:21:22.737 - Maximum ENet timeout: 30000ms
19996: 16:21:22.737 - Max Inbound Reliable Data Queued (awaiting resends of earlier sequence numbers) per peer : 163840 bytes
19996: 16:21:22.737 - No RTT ACK adjustment timeout
19996: 16:21:22.737 - Outbound ENet: MaxInboundMessageSize: 512000
19996: 16:21:22.737 - Outbound ENet: MaxOutboundMessageSize: 512000
19996: 16:21:22.738 - GetRuntime - About to load CLR - versions available:
19996: 16:21:22.738 - v2.0.50727
19996: 16:21:22.738 - v4.0.30319
19996: 16:21:22.738 - Configuration requests: "v2.0.50727"
19996: 16:21:22.738 - About to load version: "v2.0.50727"
19996: 16:21:22.744 - About to load runtime: PhotonHostRuntime.PhotonDomainManager from PhotonHostRuntime, Culture=neutral, PublicKeyToken=02C301B61B060C4D
19996: 16:21:22.744 - CLRBaseDirectory set to "C:\Users\94910\Desktop\Car\Server\Photon-OnPremise-Server-SDK_v4-0-29-11263\deploy"
19996: 16:21:22.744 - Optimising event broadcast for 20 or more peers
19996: 16:21:22.745 - Start: About to load CLR - versions available:
19996: 16:21:22.745 - v2.0.50727
19996: 16:21:22.745 - v4.0.30319
19996: 16:21:22.745 - No preference in configuration file, will load latest.
19996: 16:21:22.745 - About to load version: "v4.0.30319"
19996: 16:21:22.747 - Loaded version: "v4.0.30319"
19996: 16:21:22.957 - Photon host runtime loaded
19996: 16:21:24.902 - License is valid.
19996: 16:21:24.902 - Licensed for 100 concurrent connections.
19996: 16:21:24.902 - ENet: Max Reliable Data In Transit (awaiting ACKs) per peer : 51200 bytes
19996: 16:21:24.902 - ENet: Per peer bandwidth limit
19996: 16:21:24.902 - ENet: Transmit Rate Limit: 256 KB/Sec
19996: 16:21:24.902 - ENet: Limit period: 200ms
19996: 16:21:24.902 - ENet: Limit per period: 52428 bytes
19996: 16:21:24.902 - ENet: Max queued data for transmission per peer: 512000 bytes
19996: 16:21:24.902 - ENet: Minimum retransmit timeout: 200
19996: 16:21:24.902 - No Maximum retransmit timeout
19996: 16:21:24.902 - ENet: Minimum timeout: 5000ms
19996: 16:21:24.902 - ENet: Maximum timeout: 30000ms
19996: 16:21:24.902 - ENet: Max Inbound Reliable Data Queued (awaiting resends of earlier sequence numbers) per peer : 163840 bytes
19996: 16:21:24.902 - No RTT ACK adjustment timeout
19996: 16:21:24.903 - About to load application: CarServer from CarServer
19996: 16:21:24.903 - Auto restart is enabled for application, existing connections will be terminated during restart
19996: 16:21:24.903 - Application will restart 1000ms after the last change detected
19996: 16:21:24.903 - Application will restart if files matching the following are changed: "dll;config"
19996: 16:21:24.903 - Application will NOT restart if files matching the following are changed: "log4net.config"
19996: 16:21:25.126 - Taking reference on default app domain
19996: 16:21:25.315 - Application: "CarServer" started in app domain: 2
19996: 16:21:25.315 - Adding TCP listener on: 0.0.0.0: 4530 with a listen backlog of: 150
19996: 16:21:25.315 - TCP inactivity timeout: 10000ms
19996: 16:21:25.315 - TCP disconnect timeout: 120000ms
19996: 16:21:25.315 - MaxInboundMessageSize: 512000
19996: 16:21:25.315 - MaxOutboundMessageSize: 512000
19996: 16:21:25.315 - Forcing all applications ids to: "CarServer"
19996: 16:21:25.315 - Serving policy file requests from: "C:\Users\94910\Desktop\Car\Server\Photon-OnPremise-Server-SDK_v4-0-29-11263\deploy\Policy\assets\socket-policy.xml"
19996: 16:21:25.315 - Forcing all applications ids to: "CarServer"
19996: 16:21:25.315 - MaxInboundMessageSize: 512000
19996: 16:21:25.315 - MaxOutboundMessageSize: 512000
19996: 16:21:25.315 - UDP address specified as: "0.0.0.0" adding listener to each available IPv4 address
19996: 16:21:25.316 - Adding UDP listener on: 192.168.40.1: 5055 with a listen backlog of: 500
19996: 16:21:25.316 - Adding UDP listener on: 192.168.133.1: 5055 with a listen backlog of: 500
19996: 16:21:25.316 - Adding UDP listener on: 192.168.137.1: 5055 with a listen backlog of: 500
19996: 16:21:25.316 - Adding UDP listener on: 192.168.1.102: 5055 with a listen backlog of: 500
19996: 16:21:25.316 - Adding UDP listener on: 127.0.0.1: 5055 with a listen backlog of: 500
19996: 16:21:25.338 - Service is running...
18200: 23:52:01.117 - Restarting application: "CarServer" due to file changes
18200: 23:52:01.117 - Application: "CarServer" restart request (abort existing connections)
18200: 23:52:01.565 - Taking reference on default app domain
18200: 23:52:01.962 - Application: "CarServer" started in app domain: 3
18200: 23:52:02.151 - RequestApplicationStop: 2
18200: 23:52:02.218 - Application: "CarServer" stopped in app domain: 2 (abort existing connections)
18200: 23:52:02.218 - Application: "CarServer" restart complete.
12680: 23:52:02.218 - CManagedHost::OnDefaultAction() - OPR_AppDomainUnload - eUnloadAppDomain
22440: 23:52:02.230 - Unloading Domain: ApplicationName = 'CarServer', DomainId='2'
12680: 23:52:02.230 - CManagedHost::OnDomainUnload() - 2
19996: 23:52:07.845 - Service is stopped...
19996: 23:52:07.845 - Server shutting down...
19996: 23:52:07.845 - Shutdown monitoring enabled, 30000ms before process abort
19996: 23:52:07.845 - Notifying CLR applications of shutdown...
19996: 23:52:07.845 - RequestApplicationStop: 3
19996: 23:52:07.863 - RequestStop: defalt app domain
19996: 23:52:07.874 - Shutting down WebSocket Outbound Connection Manager...
19996: 23:52:07.874 - Shutting down TCP Outbound Connection Manager...
19996: 23:52:07.874 - Shutting down ENet Outbound Connection Manager...
19996: 23:52:07.874 - Disconnecting all outbound peers...
19996: 23:52:07.874 - Shutting down ENet host...
19996: 23:52:07.874 - Disconnecting all peers...
19996: 23:52:07.874 - Shutting down socket servers...
19996: 23:52:07.874 - Shutting down ENet thread pool...
19996: 23:52:07.874 - Shutting down TCP inactivity timers...
19996: 23:52:07.875 - WaitingForShutdownToComplete: TCP:0.0.0.0:4530
19996: 23:52:07.875 - OnShutdownCompleted: TCP:0.0.0.0:4530
19996: 23:52:07.875 - WaitingForShutdownToComplete: UDP:127.0.0.1:5055
19996: 23:52:07.875 - OnShutdownCompleted: UDP:127.0.0.1:5055
19996: 23:52:07.875 - WaitingForShutdownToComplete: UDP:192.168.1.102:5055
19996: 23:52:07.875 - OnShutdownCompleted: UDP:192.168.1.102:5055
19996: 23:52:07.875 - WaitingForShutdownToComplete: UDP:192.168.133.1:5055
19996: 23:52:07.875 - OnShutdownCompleted: UDP:192.168.133.1:5055
19996: 23:52:07.875 - WaitingForShutdownToComplete: UDP:192.168.137.1:5055
19996: 23:52:07.875 - OnShutdownCompleted: UDP:192.168.137.1:5055
19996: 23:52:07.875 - WaitingForShutdownToComplete: UDP:192.168.40.1:5055
19996: 23:52:07.875 - OnShutdownCompleted: UDP:192.168.40.1:5055
19996: 23:52:07.875 - Shutting down CLR applications...
19996: 23:52:07.907 - Shutting down business logic thread pool...
12680: 23:52:07.907 - CManagedHost::OnDefaultAction() - OPR_AppDomainUnload - eUnloadAppDomain
19996: 23:52:07.907 - Shutting down I/O thread pool...
19996: 23:52:07.907 - Destroying servers
19996: 23:52:07.907 - Destroying WebSocket Outbound Connection Manager
19996: 23:52:07.907 - Destroying TCP Outbound Connection Manager
19996: 23:52:07.907 - Destroying TCP inactivity timer
19996: 23:52:07.907 - Destroying ENet timer wheel
19996: 23:52:07.907 - Destroying ENet host
19996: 23:52:07.908 - Destroying ENet outbound host
19996: 23:52:07.908 - Destroying HTTP inactivity timer
19996: 23:52:07.908 - Destroying HTTP host
19996: 23:52:07.908 - Destroying HTTP Chunk host
19996: 23:52:07.908 - Flushing ENET buffer allocator...
19996: 23:52:07.909 - Flushing TCP buffer handle allocator...
19996: 23:52:07.909 - Flushing stream socket allocator...
19996: 23:52:07.910 - Flushing inbound datagram socket allocator...
19996: 23:52:07.911 - Flushing outbound datagram socket allocator...
19996: 23:52:07.911 - Destroying CLR dispatcher
19996: 23:52:07.911 - Destroying CLR applications
19996: 23:52:07.911 - ~CCLRApplicationCollection() - Waiting up to 10 seconds for the CLR to release all of our objects
22440: 23:52:07.920 - Unloading Domain: ApplicationName = 'CarServer', DomainId='3'
12680: 23:52:07.921 - CManagedHost::OnDomainUnload() - 3
19996: 23:52:07.925 - ~CCLRApplicationCollection() - Done. All objects released
19996: 23:52:07.925 - ~CManagedHost() - Release default app domain
19996: 23:52:07.925 - CManagedHost::OnDomainUnload() - 1
19996: 23:52:07.925 - ~CManagedHost() - Waiting up to 10 seconds for CLR shutdown...
19996: 23:52:07.925 - ~CManagedHost
19996: 23:52:07.926 - Destroying ENet thread pool
19996: 23:52:07.926 - Destroying Business logic thread pool
19996: 23:52:07.926 - Destroying I/O thread pool
19996: 23:52:07.926 - Destroying ENet buffer allocator
19996: 23:52:07.926 - Destroying TCP buffer allocator
19996: 23:52:07.926 - Destroying TCP socket allocator
19996: 23:52:07.926 - Destroying ENet inbound socket allocator
19996: 23:52:07.926 - Destroying ENet outbound socket allocator
19996: 23:52:07.926 - Destroying shared datagram flow control data
19996: 23:52:07.926 - Shutdown complete...
19996: 23:52:07.926 - Service shutting down
19996: 23:52:07.928 - Service shut down complete
21876: 23:52:18.274 - ---
21876: 23:52:18.274 - Service: "Photon Socket Server" starting
21876: 23:52:18.274 - Config File: C:\Users\94910\Desktop\Car\Server\Photon-OnPremise-Server-SDK_v4-0-29-11263\deploy\bin_Win64\PhotonServer.config
21876: 23:52:18.276 - Will produce at most: 10 crash dumps
21876: 23:52:18.276 - Action: run as exe
21876: 23:52:18.276 - Server Starting...
21876: 23:52:18.276 -    Tick count: 50749250 (wraps in: 49.1229 days)
21876: 23:52:18.276 - Tick count 64: 50749250
21876: 23:52:18.276 - Photon Version: 4.0.28.2962
21876: 23:52:18.276 - PID: 4552
21876: 23:52:18.276 - Config File: C:\Users\94910\Desktop\Car\Server\Photon-OnPremise-Server-SDK_v4-0-29-11263\deploy\bin_Win64\PhotonServer.config
21876: 23:52:18.277 - Will NOT log unimportant exceptions
21876: 23:52:18.278 - Not using performance counters as they are not currently installed. Run the service with /InstallCounters to install them.
21876: 23:52:18.278 - Shutdown timeout enabled: 30000ms
21876: 23:52:18.278 - Starting I/O thread pool with 2 threads
21876: 23:52:18.278 - Using Standard allocator
21876: 23:52:18.278 - Max message size: 512000
21876: 23:52:18.278 - Starting business logic thread pool with the following settings
21876: 23:52:18.278 - InitialThreads: 4 threads
21876: 23:52:18.278 - MinThreads: 4 threads
21876: 23:52:18.278 - Thread pool is fixed size
21876: 23:52:18.279 - Starting ENet thread pool with the following settings
21876: 23:52:18.279 - InitialThreads: 2 threads
21876: 23:52:18.279 - MinThreads: 2 threads
21876: 23:52:18.279 - Thread pool is fixed size
21876: 23:52:18.279 - OnlyDispatchTimers: False
21876: 23:52:18.279 - S2S: flow control: Max pending writes: 50
21876: 23:52:18.279 - S2S: flow control: Max queued buffers: 200
21876: 23:52:18.279 - S2S: flow control: Max pending writes MUX: 500
21876: 23:52:18.279 - S2S: flow control: Max queued buffers MUX: 2000
21876: 23:52:18.279 - S2S: MaxInboundMessageSize: 512000
21876: 23:52:18.279 - S2S: MaxOutboundMessageSize: 512000
21876: 23:52:18.279 - S2S: No inactivity timeout
21876: 23:52:18.282 - WebSocket S2S: MaxInboundMessageSize: 512000
21876: 23:52:18.282 - WebSocket S2S: MaxOutboundMessageSize: 512000
21876: 23:52:18.282 - WebSocket S2S: No inactivity timeout
21876: 23:52:18.283 - Max Reliable Data In Transit (awaiting ACKs) per peer : 51200 bytes
21876: 23:52:18.283 - Per peer bandwidth limit
21876: 23:52:18.283 - Transmit Rate Limit: 256 KB/Sec
21876: 23:52:18.283 - Limit period: 200ms
21876: 23:52:18.283 - Limit per period: 52428 bytes
21876: 23:52:18.283 - Max queued data for transmission per peer: 512000 bytes
21876: 23:52:18.283 - Minimum retransmit timeout: 200
21876: 23:52:18.283 - No Maximum retransmit timeout
21876: 23:52:18.283 - Minimum ENet timeout: 5000ms
21876: 23:52:18.283 - Maximum ENet timeout: 30000ms
21876: 23:52:18.283 - Max Inbound Reliable Data Queued (awaiting resends of earlier sequence numbers) per peer : 163840 bytes
21876: 23:52:18.283 - No RTT ACK adjustment timeout
21876: 23:52:18.283 - Outbound ENet: MaxInboundMessageSize: 512000
21876: 23:52:18.283 - Outbound ENet: MaxOutboundMessageSize: 512000
21876: 23:52:18.285 - GetRuntime - About to load CLR - versions available:
21876: 23:52:18.285 - v2.0.50727
21876: 23:52:18.285 - v4.0.30319
21876: 23:52:18.285 - Configuration requests: "v2.0.50727"
21876: 23:52:18.285 - About to load version: "v2.0.50727"
21876: 23:52:18.289 - About to load runtime: PhotonHostRuntime.PhotonDomainManager from PhotonHostRuntime, Culture=neutral, PublicKeyToken=02C301B61B060C4D
21876: 23:52:18.289 - CLRBaseDirectory set to "C:\Users\94910\Desktop\Car\Server\Photon-OnPremise-Server-SDK_v4-0-29-11263\deploy"
21876: 23:52:18.289 - Optimising event broadcast for 20 or more peers
21876: 23:52:18.290 - Start: About to load CLR - versions available:
21876: 23:52:18.290 - v2.0.50727
21876: 23:52:18.290 - v4.0.30319
21876: 23:52:18.290 - No preference in configuration file, will load latest.
21876: 23:52:18.290 - About to load version: "v4.0.30319"
21876: 23:52:18.292 - Loaded version: "v4.0.30319"
21876: 23:52:18.538 - Photon host runtime loaded
21876: 23:52:20.630 - License is valid.
21876: 23:52:20.631 - Licensed for 100 concurrent connections.
21876: 23:52:20.631 - ENet: Max Reliable Data In Transit (awaiting ACKs) per peer : 51200 bytes
21876: 23:52:20.631 - ENet: Per peer bandwidth limit
21876: 23:52:20.631 - ENet: Transmit Rate Limit: 256 KB/Sec
21876: 23:52:20.631 - ENet: Limit period: 200ms
21876: 23:52:20.631 - ENet: Limit per period: 52428 bytes
21876: 23:52:20.631 - ENet: Max queued data for transmission per peer: 512000 bytes
21876: 23:52:20.631 - ENet: Minimum retransmit timeout: 200
21876: 23:52:20.631 - No Maximum retransmit timeout
21876: 23:52:20.631 - ENet: Minimum timeout: 5000ms
21876: 23:52:20.631 - ENet: Maximum timeout: 30000ms
21876: 23:52:20.631 - ENet: Max Inbound Reliable Data Queued (awaiting resends of earlier sequence numbers) per peer : 163840 bytes
21876: 23:52:20.631 - No RTT ACK adjustment timeout
21876: 23:52:20.631 - About to load application: CarServer from CarServer
21876: 23:52:20.631 - Auto restart is enabled for application, existing connections will be terminated during restart
21876: 23:52:20.631 - Application will restart 1000ms after the last change detected
21876: 23:52:20.631 - Application will restart if files matching the following are changed: "dll;config"
21876: 23:52:20.631 - Application will NOT restart if files matching the following are changed: "log4net.config"
21876: 23:52:20.858 - Taking reference on default app domain
21876: 23:52:21.038 - Application: "CarServer" started in app domain: 2
21876: 23:52:21.038 - Adding TCP listener on: 0.0.0.0: 4530 with a listen backlog of: 150
21876: 23:52:21.038 - TCP inactivity timeout: 10000ms
21876: 23:52:21.038 - TCP disconnect timeout: 120000ms
21876: 23:52:21.038 - MaxInboundMessageSize: 512000
21876: 23:52:21.038 - MaxOutboundMessageSize: 512000
21876: 23:52:21.038 - Forcing all applications ids to: "CarServer"
21876: 23:52:21.042 - Serving policy file requests from: "C:\Users\94910\Desktop\Car\Server\Photon-OnPremise-Server-SDK_v4-0-29-11263\deploy\Policy\assets\socket-policy.xml"
21876: 23:52:21.042 - Forcing all applications ids to: "CarServer"
21876: 23:52:21.042 - MaxInboundMessageSize: 512000
21876: 23:52:21.042 - MaxOutboundMessageSize: 512000
21876: 23:52:21.042 - UDP address specified as: "0.0.0.0" adding listener to each available IPv4 address
21876: 23:52:21.043 - Adding UDP listener on: 192.168.40.1: 5055 with a listen backlog of: 500
21876: 23:52:21.043 - Adding UDP listener on: 192.168.133.1: 5055 with a listen backlog of: 500
21876: 23:52:21.043 - Adding UDP listener on: 192.168.137.1: 5055 with a listen backlog of: 500
21876: 23:52:21.043 - Adding UDP listener on: 192.168.43.107: 5055 with a listen backlog of: 500
21876: 23:52:21.043 - Adding UDP listener on: 127.0.0.1: 5055 with a listen backlog of: 500
21876: 23:52:21.064 - Service is running...
6888: 23:52:56.442 - Restarting application: "CarServer" due to file changes
6888: 23:52:56.442 - Application: "CarServer" restart request (abort existing connections)
6888: 23:52:56.663 - Taking reference on default app domain
6888: 23:52:56.856 - Application: "CarServer" started in app domain: 3
6888: 23:52:57.019 - RequestApplicationStop: 2
6888: 23:52:57.071 - Application: "CarServer" stopped in app domain: 2 (abort existing connections)
6888: 23:52:57.071 - Application: "CarServer" restart complete.
19624: 23:52:57.071 - CManagedHost::OnDefaultAction() - OPR_AppDomainUnload - eUnloadAppDomain
19364: 23:52:57.080 - Unloading Domain: ApplicationName = 'CarServer', DomainId='2'
19624: 23:52:57.080 - CManagedHost::OnDomainUnload() - 2
21876: 23:53:05.956 - Service is stopped...
21876: 23:53:05.956 - Server shutting down...
21876: 23:53:05.956 - Shutdown monitoring enabled, 30000ms before process abort
21876: 23:53:05.956 - Notifying CLR applications of shutdown...
21876: 23:53:05.956 - RequestApplicationStop: 3
21876: 23:53:05.979 - RequestStop: defalt app domain
21876: 23:53:05.990 - Shutting down WebSocket Outbound Connection Manager...
21876: 23:53:05.990 - Shutting down TCP Outbound Connection Manager...
21876: 23:53:05.990 - Shutting down ENet Outbound Connection Manager...
21876: 23:53:05.990 - Disconnecting all outbound peers...
21876: 23:53:05.990 - Shutting down ENet host...
21876: 23:53:05.990 - Disconnecting all peers...
21876: 23:53:05.990 - Shutting down socket servers...
21876: 23:53:05.990 - Shutting down ENet thread pool...
21876: 23:53:05.990 - Shutting down TCP inactivity timers...
21876: 23:53:05.990 - WaitingForShutdownToComplete: TCP:0.0.0.0:4530
21876: 23:53:05.990 - OnShutdownCompleted: TCP:0.0.0.0:4530
21876: 23:53:05.990 - WaitingForShutdownToComplete: UDP:127.0.0.1:5055
21876: 23:53:05.990 - OnShutdownCompleted: UDP:127.0.0.1:5055
21876: 23:53:05.990 - WaitingForShutdownToComplete: UDP:192.168.133.1:5055
21876: 23:53:05.990 - OnShutdownCompleted: UDP:192.168.133.1:5055
21876: 23:53:05.990 - WaitingForShutdownToComplete: UDP:192.168.137.1:5055
21876: 23:53:05.990 - OnShutdownCompleted: UDP:192.168.137.1:5055
21876: 23:53:05.990 - WaitingForShutdownToComplete: UDP:192.168.40.1:5055
21876: 23:53:05.990 - OnShutdownCompleted: UDP:192.168.40.1:5055
21876: 23:53:05.990 - WaitingForShutdownToComplete: UDP:192.168.43.107:5055
21876: 23:53:05.990 - OnShutdownCompleted: UDP:192.168.43.107:5055
21876: 23:53:05.990 - Shutting down CLR applications...
21876: 23:53:06.032 - Shutting down business logic thread pool...
19624: 23:53:06.032 - CManagedHost::OnDefaultAction() - OPR_AppDomainUnload - eUnloadAppDomain
21876: 23:53:06.032 - Shutting down I/O thread pool...
21876: 23:53:06.032 - Destroying servers
21876: 23:53:06.032 - Destroying WebSocket Outbound Connection Manager
21876: 23:53:06.032 - Destroying TCP Outbound Connection Manager
21876: 23:53:06.032 - Destroying TCP inactivity timer
21876: 23:53:06.032 - Destroying ENet timer wheel
21876: 23:53:06.032 - Destroying ENet host
21876: 23:53:06.032 - Destroying ENet outbound host
21876: 23:53:06.032 - Destroying HTTP inactivity timer
21876: 23:53:06.032 - Destroying HTTP host
21876: 23:53:06.032 - Destroying HTTP Chunk host
21876: 23:53:06.032 - Flushing ENET buffer allocator...
21876: 23:53:06.034 - Flushing TCP buffer handle allocator...
21876: 23:53:06.034 - Flushing stream socket allocator...
21876: 23:53:06.034 - Flushing inbound datagram socket allocator...
21876: 23:53:06.035 - Flushing outbound datagram socket allocator...
21876: 23:53:06.035 - Destroying CLR dispatcher
21876: 23:53:06.035 - Destroying CLR applications
21876: 23:53:06.035 - ~CCLRApplicationCollection() - Waiting up to 10 seconds for the CLR to release all of our objects
19364: 23:53:06.044 - Unloading Domain: ApplicationName = 'CarServer', DomainId='3'
19624: 23:53:06.044 - CManagedHost::OnDomainUnload() - 3
21876: 23:53:06.048 - ~CCLRApplicationCollection() - Done. All objects released
21876: 23:53:06.048 - ~CManagedHost() - Release default app domain
21876: 23:53:06.048 - CManagedHost::OnDomainUnload() - 1
21876: 23:53:06.048 - ~CManagedHost() - Waiting up to 10 seconds for CLR shutdown...
21876: 23:53:06.048 - ~CManagedHost
21876: 23:53:06.048 - Destroying ENet thread pool
21876: 23:53:06.048 - Destroying Business logic thread pool
21876: 23:53:06.048 - Destroying I/O thread pool
21876: 23:53:06.048 - Destroying ENet buffer allocator
21876: 23:53:06.048 - Destroying TCP buffer allocator
21876: 23:53:06.048 - Destroying TCP socket allocator
21876: 23:53:06.048 - Destroying ENet inbound socket allocator
21876: 23:53:06.048 - Destroying ENet outbound socket allocator
21876: 23:53:06.048 - Destroying shared datagram flow control data
21876: 23:53:06.048 - Shutdown complete...
21876: 23:53:06.049 - Service shutting down
21876: 23:53:06.051 - Service shut down complete
21872: 23:53:08.632 - ---
21872: 23:53:08.632 - Service: "Photon Socket Server" starting
21872: 23:53:08.632 - Config File: C:\Users\94910\Desktop\Car\Server\Photon-OnPremise-Server-SDK_v4-0-29-11263\deploy\bin_Win64\PhotonServer.config
21872: 23:53:08.634 - Will produce at most: 10 crash dumps
21872: 23:53:08.634 - Action: run as exe
21872: 23:53:08.635 - Server Starting...
21872: 23:53:08.635 -    Tick count: 50799609 (wraps in: 49.1223 days)
21872: 23:53:08.635 - Tick count 64: 50799609
21872: 23:53:08.635 - Photon Version: 4.0.28.2962
21872: 23:53:08.635 - PID: 22680
21872: 23:53:08.635 - Config File: C:\Users\94910\Desktop\Car\Server\Photon-OnPremise-Server-SDK_v4-0-29-11263\deploy\bin_Win64\PhotonServer.config
21872: 23:53:08.635 - Will NOT log unimportant exceptions
21872: 23:53:08.638 - Not using performance counters as they are not currently installed. Run the service with /InstallCounters to install them.
21872: 23:53:08.638 - Shutdown timeout enabled: 30000ms
21872: 23:53:08.638 - Starting I/O thread pool with 2 threads
21872: 23:53:08.638 - Using Standard allocator
21872: 23:53:08.638 - Max message size: 512000
21872: 23:53:08.638 - Starting business logic thread pool with the following settings
21872: 23:53:08.638 - InitialThreads: 4 threads
21872: 23:53:08.638 - MinThreads: 4 threads
21872: 23:53:08.638 - Thread pool is fixed size
21872: 23:53:08.639 - Starting ENet thread pool with the following settings
21872: 23:53:08.639 - InitialThreads: 2 threads
21872: 23:53:08.639 - MinThreads: 2 threads
21872: 23:53:08.639 - Thread pool is fixed size
21872: 23:53:08.639 - OnlyDispatchTimers: False
21872: 23:53:08.639 - S2S: flow control: Max pending writes: 50
21872: 23:53:08.639 - S2S: flow control: Max queued buffers: 200
21872: 23:53:08.639 - S2S: flow control: Max pending writes MUX: 500
21872: 23:53:08.639 - S2S: flow control: Max queued buffers MUX: 2000
21872: 23:53:08.639 - S2S: MaxInboundMessageSize: 512000
21872: 23:53:08.639 - S2S: MaxOutboundMessageSize: 512000
21872: 23:53:08.639 - S2S: No inactivity timeout
21872: 23:53:08.641 - WebSocket S2S: MaxInboundMessageSize: 512000
21872: 23:53:08.641 - WebSocket S2S: MaxOutboundMessageSize: 512000
21872: 23:53:08.641 - WebSocket S2S: No inactivity timeout
21872: 23:53:08.642 - Max Reliable Data In Transit (awaiting ACKs) per peer : 51200 bytes
21872: 23:53:08.642 - Per peer bandwidth limit
21872: 23:53:08.642 - Transmit Rate Limit: 256 KB/Sec
21872: 23:53:08.642 - Limit period: 200ms
21872: 23:53:08.642 - Limit per period: 52428 bytes
21872: 23:53:08.642 - Max queued data for transmission per peer: 512000 bytes
21872: 23:53:08.642 - Minimum retransmit timeout: 200
21872: 23:53:08.642 - No Maximum retransmit timeout
21872: 23:53:08.642 - Minimum ENet timeout: 5000ms
21872: 23:53:08.642 - Maximum ENet timeout: 30000ms
21872: 23:53:08.642 - Max Inbound Reliable Data Queued (awaiting resends of earlier sequence numbers) per peer : 163840 bytes
21872: 23:53:08.642 - No RTT ACK adjustment timeout
21872: 23:53:08.642 - Outbound ENet: MaxInboundMessageSize: 512000
21872: 23:53:08.642 - Outbound ENet: MaxOutboundMessageSize: 512000
21872: 23:53:08.643 - GetRuntime - About to load CLR - versions available:
21872: 23:53:08.643 - v2.0.50727
21872: 23:53:08.643 - v4.0.30319
21872: 23:53:08.643 - Configuration requests: "v2.0.50727"
21872: 23:53:08.643 - About to load version: "v2.0.50727"
21872: 23:53:08.648 - About to load runtime: PhotonHostRuntime.PhotonDomainManager from PhotonHostRuntime, Culture=neutral, PublicKeyToken=02C301B61B060C4D
21872: 23:53:08.648 - CLRBaseDirectory set to "C:\Users\94910\Desktop\Car\Server\Photon-OnPremise-Server-SDK_v4-0-29-11263\deploy"
21872: 23:53:08.648 - Optimising event broadcast for 20 or more peers
21872: 23:53:08.649 - Start: About to load CLR - versions available:
21872: 23:53:08.649 - v2.0.50727
21872: 23:53:08.649 - v4.0.30319
21872: 23:53:08.649 - No preference in configuration file, will load latest.
21872: 23:53:08.649 - About to load version: "v4.0.30319"
21872: 23:53:08.650 - Loaded version: "v4.0.30319"
21872: 23:53:08.859 - Photon host runtime loaded
21872: 23:53:10.805 - License is valid.
21872: 23:53:10.805 - Licensed for 100 concurrent connections.
21872: 23:53:10.805 - ENet: Max Reliable Data In Transit (awaiting ACKs) per peer : 51200 bytes
21872: 23:53:10.805 - ENet: Per peer bandwidth limit
21872: 23:53:10.805 - ENet: Transmit Rate Limit: 256 KB/Sec
21872: 23:53:10.805 - ENet: Limit period: 200ms
21872: 23:53:10.805 - ENet: Limit per period: 52428 bytes
21872: 23:53:10.805 - ENet: Max queued data for transmission per peer: 512000 bytes
21872: 23:53:10.805 - ENet: Minimum retransmit timeout: 200
21872: 23:53:10.805 - No Maximum retransmit timeout
21872: 23:53:10.805 - ENet: Minimum timeout: 5000ms
21872: 23:53:10.805 - ENet: Maximum timeout: 30000ms
21872: 23:53:10.805 - ENet: Max Inbound Reliable Data Queued (awaiting resends of earlier sequence numbers) per peer : 163840 bytes
21872: 23:53:10.805 - No RTT ACK adjustment timeout
21872: 23:53:10.805 - About to load application: CarServer from CarServer
21872: 23:53:10.805 - Auto restart is enabled for application, existing connections will be terminated during restart
21872: 23:53:10.805 - Application will restart 1000ms after the last change detected
21872: 23:53:10.805 - Application will restart if files matching the following are changed: "dll;config"
21872: 23:53:10.805 - Application will NOT restart if files matching the following are changed: "log4net.config"
21872: 23:53:11.026 - Taking reference on default app domain
21872: 23:53:11.213 - Application: "CarServer" started in app domain: 2
21872: 23:53:11.213 - Adding TCP listener on: 0.0.0.0: 4530 with a listen backlog of: 150
21872: 23:53:11.213 - TCP inactivity timeout: 10000ms
21872: 23:53:11.213 - TCP disconnect timeout: 120000ms
21872: 23:53:11.213 - MaxInboundMessageSize: 512000
21872: 23:53:11.213 - MaxOutboundMessageSize: 512000
21872: 23:53:11.213 - Forcing all applications ids to: "CarServer"
21872: 23:53:11.213 - Serving policy file requests from: "C:\Users\94910\Desktop\Car\Server\Photon-OnPremise-Server-SDK_v4-0-29-11263\deploy\Policy\assets\socket-policy.xml"
21872: 23:53:11.213 - Forcing all applications ids to: "CarServer"
21872: 23:53:11.213 - MaxInboundMessageSize: 512000
21872: 23:53:11.213 - MaxOutboundMessageSize: 512000
21872: 23:53:11.213 - UDP address specified as: "0.0.0.0" adding listener to each available IPv4 address
21872: 23:53:11.214 - Adding UDP listener on: 192.168.40.1: 5055 with a listen backlog of: 500
21872: 23:53:11.214 - Adding UDP listener on: 192.168.133.1: 5055 with a listen backlog of: 500
21872: 23:53:11.214 - Adding UDP listener on: 192.168.137.1: 5055 with a listen backlog of: 500
21872: 23:53:11.214 - Adding UDP listener on: 192.168.43.107: 5055 with a listen backlog of: 500
21872: 23:53:11.214 - Adding UDP listener on: 127.0.0.1: 5055 with a listen backlog of: 500
21872: 23:53:11.235 - Service is running...
21872: 23:53:50.460 - Service is stopped...
21872: 23:53:50.460 - Server shutting down...
21872: 23:53:50.460 - Shutdown monitoring enabled, 30000ms before process abort
21872: 23:53:50.460 - Notifying CLR applications of shutdown...
21872: 23:53:50.460 - RequestApplicationStop: 2
21872: 23:53:50.486 - RequestStop: defalt app domain
21872: 23:53:50.495 - Shutting down WebSocket Outbound Connection Manager...
21872: 23:53:50.495 - Shutting down TCP Outbound Connection Manager...
21872: 23:53:50.495 - Shutting down ENet Outbound Connection Manager...
21872: 23:53:50.495 - Disconnecting all outbound peers...
21872: 23:53:50.495 - Shutting down ENet host...
21872: 23:53:50.495 - Disconnecting all peers...
21872: 23:53:50.495 - Shutting down socket servers...
21872: 23:53:50.495 - Shutting down ENet thread pool...
21872: 23:53:50.495 - Shutting down TCP inactivity timers...
21872: 23:53:50.496 - WaitingForShutdownToComplete: TCP:0.0.0.0:4530
21872: 23:53:50.496 - OnShutdownCompleted: TCP:0.0.0.0:4530
21872: 23:53:50.496 - WaitingForShutdownToComplete: UDP:127.0.0.1:5055
21872: 23:53:50.496 - OnShutdownCompleted: UDP:127.0.0.1:5055
21872: 23:53:50.496 - WaitingForShutdownToComplete: UDP:192.168.133.1:5055
21872: 23:53:50.496 - OnShutdownCompleted: UDP:192.168.133.1:5055
21872: 23:53:50.496 - WaitingForShutdownToComplete: UDP:192.168.137.1:5055
21872: 23:53:50.496 - OnShutdownCompleted: UDP:192.168.137.1:5055
21872: 23:53:50.496 - WaitingForShutdownToComplete: UDP:192.168.40.1:5055
21872: 23:53:50.496 - OnShutdownCompleted: UDP:192.168.40.1:5055
21872: 23:53:50.496 - WaitingForShutdownToComplete: UDP:192.168.43.107:5055
21872: 23:53:50.496 - OnShutdownCompleted: UDP:192.168.43.107:5055
21872: 23:53:50.496 - Shutting down CLR applications...
21872: 23:53:50.532 - Shutting down business logic thread pool...
7348: 23:53:50.532 - CManagedHost::OnDefaultAction() - OPR_AppDomainUnload - eUnloadAppDomain
21872: 23:53:50.532 - Shutting down I/O thread pool...
21872: 23:53:50.533 - Destroying servers
21872: 23:53:50.533 - Destroying WebSocket Outbound Connection Manager
21872: 23:53:50.533 - Destroying TCP Outbound Connection Manager
21872: 23:53:50.533 - Destroying TCP inactivity timer
21872: 23:53:50.533 - Destroying ENet timer wheel
21872: 23:53:50.533 - Destroying ENet host
21872: 23:53:50.533 - Destroying ENet outbound host
21872: 23:53:50.533 - Destroying HTTP inactivity timer
21872: 23:53:50.533 - Destroying HTTP host
21872: 23:53:50.533 - Destroying HTTP Chunk host
21872: 23:53:50.533 - Flushing ENET buffer allocator...
21872: 23:53:50.535 - Flushing TCP buffer handle allocator...
21872: 23:53:50.535 - Flushing stream socket allocator...
21872: 23:53:50.535 - Flushing inbound datagram socket allocator...
21872: 23:53:50.536 - Flushing outbound datagram socket allocator...
21872: 23:53:50.536 - Destroying CLR dispatcher
21872: 23:53:50.536 - Destroying CLR applications
21872: 23:53:50.537 - ~CCLRApplicationCollection() - Waiting up to 10 seconds for the CLR to release all of our objects
18004: 23:53:50.546 - Unloading Domain: ApplicationName = 'CarServer', DomainId='2'
7348: 23:53:50.546 - CManagedHost::OnDomainUnload() - 2
21872: 23:53:50.549 - ~CCLRApplicationCollection() - Done. All objects released
21872: 23:53:50.549 - ~CManagedHost() - Release default app domain
21872: 23:53:50.549 - CManagedHost::OnDomainUnload() - 1
21872: 23:53:50.549 - ~CManagedHost() - Waiting up to 10 seconds for CLR shutdown...
21872: 23:53:50.549 - ~CManagedHost
21872: 23:53:50.549 - Destroying ENet thread pool
21872: 23:53:50.549 - Destroying Business logic thread pool
21872: 23:53:50.549 - Destroying I/O thread pool
21872: 23:53:50.550 - Destroying ENet buffer allocator
21872: 23:53:50.550 - Destroying TCP buffer allocator
21872: 23:53:50.550 - Destroying TCP socket allocator
21872: 23:53:50.550 - Destroying ENet inbound socket allocator
21872: 23:53:50.550 - Destroying ENet outbound socket allocator
21872: 23:53:50.550 - Destroying shared datagram flow control data
21872: 23:53:50.550 - Shutdown complete...
21872: 23:53:50.550 - Service shutting down
21872: 23:53:50.551 - Service shut down complete
21448: 23:53:52.521 - ---
21448: 23:53:52.521 - Service: "Photon Socket Server" starting
21448: 23:53:52.521 - Config File: C:\Users\94910\Desktop\Car\Server\Photon-OnPremise-Server-SDK_v4-0-29-11263\deploy\bin_Win64\PhotonServer.config
21448: 23:53:52.523 - Will produce at most: 10 crash dumps
21448: 23:53:52.523 - Action: run as exe
21448: 23:53:52.523 - Server Starting...
21448: 23:53:52.523 -    Tick count: 50843500 (wraps in: 49.1218 days)
21448: 23:53:52.523 - Tick count 64: 50843500
21448: 23:53:52.523 - Photon Version: 4.0.28.2962
21448: 23:53:52.523 - PID: 20080
21448: 23:53:52.524 - Config File: C:\Users\94910\Desktop\Car\Server\Photon-OnPremise-Server-SDK_v4-0-29-11263\deploy\bin_Win64\PhotonServer.config
21448: 23:53:52.524 - Will NOT log unimportant exceptions
21448: 23:53:52.526 - Not using performance counters as they are not currently installed. Run the service with /InstallCounters to install them.
21448: 23:53:52.526 - Shutdown timeout enabled: 30000ms
21448: 23:53:52.526 - Starting I/O thread pool with 2 threads
21448: 23:53:52.526 - Using Standard allocator
21448: 23:53:52.526 - Max message size: 512000
21448: 23:53:52.526 - Starting business logic thread pool with the following settings
21448: 23:53:52.526 - InitialThreads: 4 threads
21448: 23:53:52.526 - MinThreads: 4 threads
21448: 23:53:52.526 - Thread pool is fixed size
21448: 23:53:52.527 - Starting ENet thread pool with the following settings
21448: 23:53:52.527 - InitialThreads: 2 threads
21448: 23:53:52.527 - MinThreads: 2 threads
21448: 23:53:52.527 - Thread pool is fixed size
21448: 23:53:52.527 - OnlyDispatchTimers: False
21448: 23:53:52.527 - S2S: flow control: Max pending writes: 50
21448: 23:53:52.527 - S2S: flow control: Max queued buffers: 200
21448: 23:53:52.527 - S2S: flow control: Max pending writes MUX: 500
21448: 23:53:52.527 - S2S: flow control: Max queued buffers MUX: 2000
21448: 23:53:52.527 - S2S: MaxInboundMessageSize: 512000
21448: 23:53:52.527 - S2S: MaxOutboundMessageSize: 512000
21448: 23:53:52.527 - S2S: No inactivity timeout
21448: 23:53:52.529 - WebSocket S2S: MaxInboundMessageSize: 512000
21448: 23:53:52.529 - WebSocket S2S: MaxOutboundMessageSize: 512000
21448: 23:53:52.529 - WebSocket S2S: No inactivity timeout
21448: 23:53:52.529 - Max Reliable Data In Transit (awaiting ACKs) per peer : 51200 bytes
21448: 23:53:52.529 - Per peer bandwidth limit
21448: 23:53:52.529 - Transmit Rate Limit: 256 KB/Sec
21448: 23:53:52.529 - Limit period: 200ms
21448: 23:53:52.529 - Limit per period: 52428 bytes
21448: 23:53:52.529 - Max queued data for transmission per peer: 512000 bytes
21448: 23:53:52.529 - Minimum retransmit timeout: 200
21448: 23:53:52.529 - No Maximum retransmit timeout
21448: 23:53:52.529 - Minimum ENet timeout: 5000ms
21448: 23:53:52.529 - Maximum ENet timeout: 30000ms
21448: 23:53:52.529 - Max Inbound Reliable Data Queued (awaiting resends of earlier sequence numbers) per peer : 163840 bytes
21448: 23:53:52.529 - No RTT ACK adjustment timeout
21448: 23:53:52.529 - Outbound ENet: MaxInboundMessageSize: 512000
21448: 23:53:52.529 - Outbound ENet: MaxOutboundMessageSize: 512000
21448: 23:53:52.532 - GetRuntime - About to load CLR - versions available:
21448: 23:53:52.532 - v2.0.50727
21448: 23:53:52.532 - v4.0.30319
21448: 23:53:52.532 - Configuration requests: "v2.0.50727"
21448: 23:53:52.532 - About to load version: "v2.0.50727"
21448: 23:53:52.536 - About to load runtime: PhotonHostRuntime.PhotonDomainManager from PhotonHostRuntime, Culture=neutral, PublicKeyToken=02C301B61B060C4D
21448: 23:53:52.536 - CLRBaseDirectory set to "C:\Users\94910\Desktop\Car\Server\Photon-OnPremise-Server-SDK_v4-0-29-11263\deploy"
21448: 23:53:52.536 - Optimising event broadcast for 20 or more peers
21448: 23:53:52.537 - Start: About to load CLR - versions available:
21448: 23:53:52.537 - v2.0.50727
21448: 23:53:52.537 - v4.0.30319
21448: 23:53:52.537 - No preference in configuration file, will load latest.
21448: 23:53:52.537 - About to load version: "v4.0.30319"
21448: 23:53:52.538 - Loaded version: "v4.0.30319"
21448: 23:53:52.745 - Photon host runtime loaded
21448: 23:53:54.751 - License is valid.
21448: 23:53:54.751 - Licensed for 100 concurrent connections.
21448: 23:53:54.751 - ENet: Max Reliable Data In Transit (awaiting ACKs) per peer : 51200 bytes
21448: 23:53:54.751 - ENet: Per peer bandwidth limit
21448: 23:53:54.751 - ENet: Transmit Rate Limit: 256 KB/Sec
21448: 23:53:54.751 - ENet: Limit period: 200ms
21448: 23:53:54.751 - ENet: Limit per period: 52428 bytes
21448: 23:53:54.751 - ENet: Max queued data for transmission per peer: 512000 bytes
21448: 23:53:54.751 - ENet: Minimum retransmit timeout: 200
21448: 23:53:54.751 - No Maximum retransmit timeout
21448: 23:53:54.751 - ENet: Minimum timeout: 5000ms
21448: 23:53:54.751 - ENet: Maximum timeout: 30000ms
21448: 23:53:54.751 - ENet: Max Inbound Reliable Data Queued (awaiting resends of earlier sequence numbers) per peer : 163840 bytes
21448: 23:53:54.751 - No RTT ACK adjustment timeout
21448: 23:53:54.752 - About to load application: CarServer from CarServer
21448: 23:53:54.752 - Auto restart is enabled for application, existing connections will be terminated during restart
21448: 23:53:54.752 - Application will restart 1000ms after the last change detected
21448: 23:53:54.752 - Application will restart if files matching the following are changed: "dll;config"
21448: 23:53:54.752 - Application will NOT restart if files matching the following are changed: "log4net.config"
21448: 23:53:54.976 - Taking reference on default app domain
21448: 23:53:55.179 - Application: "CarServer" started in app domain: 2
21448: 23:53:55.179 - Adding TCP listener on: 0.0.0.0: 4530 with a listen backlog of: 150
21448: 23:53:55.179 - TCP inactivity timeout: 10000ms
21448: 23:53:55.179 - TCP disconnect timeout: 120000ms
21448: 23:53:55.179 - MaxInboundMessageSize: 512000
21448: 23:53:55.179 - MaxOutboundMessageSize: 512000
21448: 23:53:55.179 - Forcing all applications ids to: "CarServer"
21448: 23:53:55.179 - Serving policy file requests from: "C:\Users\94910\Desktop\Car\Server\Photon-OnPremise-Server-SDK_v4-0-29-11263\deploy\Policy\assets\socket-policy.xml"
21448: 23:53:55.179 - Forcing all applications ids to: "CarServer"
21448: 23:53:55.179 - MaxInboundMessageSize: 512000
21448: 23:53:55.179 - MaxOutboundMessageSize: 512000
21448: 23:53:55.179 - UDP address specified as: "0.0.0.0" adding listener to each available IPv4 address
21448: 23:53:55.180 - Adding UDP listener on: 192.168.40.1: 5055 with a listen backlog of: 500
21448: 23:53:55.180 - Adding UDP listener on: 192.168.133.1: 5055 with a listen backlog of: 500
21448: 23:53:55.180 - Adding UDP listener on: 192.168.137.1: 5055 with a listen backlog of: 500
21448: 23:53:55.180 - Adding UDP listener on: 192.168.43.107: 5055 with a listen backlog of: 500
21448: 23:53:55.180 - Adding UDP listener on: 127.0.0.1: 5055 with a listen backlog of: 500
21448: 23:53:55.201 - Service is running...
11236: 23:54:04.989 - Restarting application: "CarServer" due to file changes
11236: 23:54:04.989 - Application: "CarServer" restart request (abort existing connections)
11236: 23:54:05.181 - Taking reference on default app domain
11236: 23:54:05.375 - Application: "CarServer" started in app domain: 3
11236: 23:54:05.579 - RequestApplicationStop: 2
11236: 23:54:05.657 - Application: "CarServer" stopped in app domain: 2 (abort existing connections)
11236: 23:54:05.657 - Application: "CarServer" restart complete.
1848: 23:54:05.657 - CManagedHost::OnDefaultAction() - OPR_AppDomainUnload - eUnloadAppDomain
17416: 23:54:05.666 - Unloading Domain: ApplicationName = 'CarServer', DomainId='2'
1848: 23:54:05.666 - CManagedHost::OnDomainUnload() - 2
21448: 23:54:30.866 - Service is stopped...
21448: 23:54:30.866 - Server shutting down...
21448: 23:54:30.866 - Shutdown monitoring enabled, 30000ms before process abort
21448: 23:54:30.866 - Notifying CLR applications of shutdown...
21448: 23:54:30.866 - RequestApplicationStop: 3
21448: 23:54:30.894 - RequestStop: defalt app domain
21448: 23:54:30.904 - Shutting down WebSocket Outbound Connection Manager...
21448: 23:54:30.904 - Shutting down TCP Outbound Connection Manager...
21448: 23:54:30.904 - Shutting down ENet Outbound Connection Manager...
21448: 23:54:30.904 - Disconnecting all outbound peers...
21448: 23:54:30.904 - Shutting down ENet host...
21448: 23:54:30.904 - Disconnecting all peers...
21448: 23:54:30.904 - Shutting down socket servers...
21448: 23:54:30.905 - Shutting down ENet thread pool...
21448: 23:54:30.905 - Shutting down TCP inactivity timers...
21448: 23:54:30.905 - WaitingForShutdownToComplete: TCP:0.0.0.0:4530
21448: 23:54:30.905 - OnShutdownCompleted: TCP:0.0.0.0:4530
21448: 23:54:30.905 - WaitingForShutdownToComplete: UDP:127.0.0.1:5055
21448: 23:54:30.905 - OnShutdownCompleted: UDP:127.0.0.1:5055
21448: 23:54:30.905 - WaitingForShutdownToComplete: UDP:192.168.133.1:5055
21448: 23:54:30.905 - OnShutdownCompleted: UDP:192.168.133.1:5055
21448: 23:54:30.905 - WaitingForShutdownToComplete: UDP:192.168.137.1:5055
21448: 23:54:30.905 - OnShutdownCompleted: UDP:192.168.137.1:5055
21448: 23:54:30.905 - WaitingForShutdownToComplete: UDP:192.168.40.1:5055
21448: 23:54:30.905 - OnShutdownCompleted: UDP:192.168.40.1:5055
21448: 23:54:30.905 - WaitingForShutdownToComplete: UDP:192.168.43.107:5055
21448: 23:54:30.905 - OnShutdownCompleted: UDP:192.168.43.107:5055
21448: 23:54:30.905 - Shutting down CLR applications...
21448: 23:54:30.944 - Shutting down business logic thread pool...
1848: 23:54:30.944 - CManagedHost::OnDefaultAction() - OPR_AppDomainUnload - eUnloadAppDomain
21448: 23:54:30.944 - Shutting down I/O thread pool...
21448: 23:54:30.944 - Destroying servers
21448: 23:54:30.944 - Destroying WebSocket Outbound Connection Manager
21448: 23:54:30.944 - Destroying TCP Outbound Connection Manager
21448: 23:54:30.944 - Destroying TCP inactivity timer
21448: 23:54:30.944 - Destroying ENet timer wheel
21448: 23:54:30.944 - Destroying ENet host
21448: 23:54:30.944 - Destroying ENet outbound host
21448: 23:54:30.944 - Destroying HTTP inactivity timer
21448: 23:54:30.944 - Destroying HTTP host
21448: 23:54:30.944 - Destroying HTTP Chunk host
21448: 23:54:30.944 - Flushing ENET buffer allocator...
21448: 23:54:30.946 - Flushing TCP buffer handle allocator...
21448: 23:54:30.946 - Flushing stream socket allocator...
21448: 23:54:30.947 - Flushing inbound datagram socket allocator...
21448: 23:54:30.948 - Flushing outbound datagram socket allocator...
21448: 23:54:30.948 - Destroying CLR dispatcher
21448: 23:54:30.948 - Destroying CLR applications
21448: 23:54:30.949 - ~CCLRApplicationCollection() - Waiting up to 10 seconds for the CLR to release all of our objects
17416: 23:54:30.957 - Unloading Domain: ApplicationName = 'CarServer', DomainId='3'
1848: 23:54:30.957 - CManagedHost::OnDomainUnload() - 3
21448: 23:54:30.960 - ~CCLRApplicationCollection() - Done. All objects released
21448: 23:54:30.961 - ~CManagedHost() - Release default app domain
21448: 23:54:30.961 - CManagedHost::OnDomainUnload() - 1
21448: 23:54:30.961 - ~CManagedHost() - Waiting up to 10 seconds for CLR shutdown...
21448: 23:54:30.961 - ~CManagedHost
21448: 23:54:30.961 - Destroying ENet thread pool
21448: 23:54:30.961 - Destroying Business logic thread pool
21448: 23:54:30.961 - Destroying I/O thread pool
21448: 23:54:30.961 - Destroying ENet buffer allocator
21448: 23:54:30.961 - Destroying TCP buffer allocator
21448: 23:54:30.961 - Destroying TCP socket allocator
21448: 23:54:30.961 - Destroying ENet inbound socket allocator
21448: 23:54:30.961 - Destroying ENet outbound socket allocator
21448: 23:54:30.961 - Destroying shared datagram flow control data
21448: 23:54:30.961 - Shutdown complete...
21448: 23:54:30.961 - Service shutting down
21448: 23:54:30.963 - Service shut down complete
6320: 23:54:38.348 - ---
6320: 23:54:38.348 - Service: "Photon Socket Server" starting
6320: 23:54:38.348 - Config File: C:\Users\94910\Desktop\Car\Server\Photon-OnPremise-Server-SDK_v4-0-29-11263\deploy\bin_Win64\PhotonServer.config
6320: 23:54:38.350 - Will produce at most: 10 crash dumps
6320: 23:54:38.350 - Action: run as exe
6320: 23:54:38.350 - Server Starting...
6320: 23:54:38.350 -    Tick count: 50889312 (wraps in: 49.1213 days)
6320: 23:54:38.350 - Tick count 64: 50889312
6320: 23:54:38.350 - Photon Version: 4.0.28.2962
6320: 23:54:38.350 - PID: 21312
6320: 23:54:38.350 - Config File: C:\Users\94910\Desktop\Car\Server\Photon-OnPremise-Server-SDK_v4-0-29-11263\deploy\bin_Win64\PhotonServer.config
6320: 23:54:38.351 - Will NOT log unimportant exceptions
6320: 23:54:38.353 - Not using performance counters as they are not currently installed. Run the service with /InstallCounters to install them.
6320: 23:54:38.353 - Shutdown timeout enabled: 30000ms
6320: 23:54:38.353 - Starting I/O thread pool with 2 threads
6320: 23:54:38.353 - Using Standard allocator
6320: 23:54:38.353 - Max message size: 512000
6320: 23:54:38.353 - Starting business logic thread pool with the following settings
6320: 23:54:38.353 - InitialThreads: 4 threads
6320: 23:54:38.353 - MinThreads: 4 threads
6320: 23:54:38.353 - Thread pool is fixed size
6320: 23:54:38.353 - Starting ENet thread pool with the following settings
6320: 23:54:38.353 - InitialThreads: 2 threads
6320: 23:54:38.353 - MinThreads: 2 threads
6320: 23:54:38.353 - Thread pool is fixed size
6320: 23:54:38.353 - OnlyDispatchTimers: False
6320: 23:54:38.353 - S2S: flow control: Max pending writes: 50
6320: 23:54:38.353 - S2S: flow control: Max queued buffers: 200
6320: 23:54:38.353 - S2S: flow control: Max pending writes MUX: 500
6320: 23:54:38.353 - S2S: flow control: Max queued buffers MUX: 2000
6320: 23:54:38.353 - S2S: MaxInboundMessageSize: 512000
6320: 23:54:38.353 - S2S: MaxOutboundMessageSize: 512000
6320: 23:54:38.353 - S2S: No inactivity timeout
6320: 23:54:38.356 - WebSocket S2S: MaxInboundMessageSize: 512000
6320: 23:54:38.356 - WebSocket S2S: MaxOutboundMessageSize: 512000
6320: 23:54:38.356 - WebSocket S2S: No inactivity timeout
6320: 23:54:38.356 - Max Reliable Data In Transit (awaiting ACKs) per peer : 51200 bytes
6320: 23:54:38.356 - Per peer bandwidth limit
6320: 23:54:38.356 - Transmit Rate Limit: 256 KB/Sec
6320: 23:54:38.356 - Limit period: 200ms
6320: 23:54:38.356 - Limit per period: 52428 bytes
6320: 23:54:38.356 - Max queued data for transmission per peer: 512000 bytes
6320: 23:54:38.356 - Minimum retransmit timeout: 200
6320: 23:54:38.356 - No Maximum retransmit timeout
6320: 23:54:38.356 - Minimum ENet timeout: 5000ms
6320: 23:54:38.356 - Maximum ENet timeout: 30000ms
6320: 23:54:38.356 - Max Inbound Reliable Data Queued (awaiting resends of earlier sequence numbers) per peer : 163840 bytes
6320: 23:54:38.356 - No RTT ACK adjustment timeout
6320: 23:54:38.356 - Outbound ENet: MaxInboundMessageSize: 512000
6320: 23:54:38.356 - Outbound ENet: MaxOutboundMessageSize: 512000
6320: 23:54:38.358 - GetRuntime - About to load CLR - versions available:
6320: 23:54:38.358 - v2.0.50727
6320: 23:54:38.358 - v4.0.30319
6320: 23:54:38.358 - Configuration requests: "v2.0.50727"
6320: 23:54:38.358 - About to load version: "v2.0.50727"
6320: 23:54:38.362 - About to load runtime: PhotonHostRuntime.PhotonDomainManager from PhotonHostRuntime, Culture=neutral, PublicKeyToken=02C301B61B060C4D
6320: 23:54:38.362 - CLRBaseDirectory set to "C:\Users\94910\Desktop\Car\Server\Photon-OnPremise-Server-SDK_v4-0-29-11263\deploy"
6320: 23:54:38.362 - Optimising event broadcast for 20 or more peers
6320: 23:54:38.362 - Start: About to load CLR - versions available:
6320: 23:54:38.362 - v2.0.50727
6320: 23:54:38.362 - v4.0.30319
6320: 23:54:38.362 - No preference in configuration file, will load latest.
6320: 23:54:38.362 - About to load version: "v4.0.30319"
6320: 23:54:38.363 - Loaded version: "v4.0.30319"
6320: 23:54:38.567 - Photon host runtime loaded
6320: 23:54:40.554 - License is valid.
6320: 23:54:40.554 - Licensed for 100 concurrent connections.
6320: 23:54:40.554 - ENet: Max Reliable Data In Transit (awaiting ACKs) per peer : 51200 bytes
6320: 23:54:40.554 - ENet: Per peer bandwidth limit
6320: 23:54:40.554 - ENet: Transmit Rate Limit: 256 KB/Sec
6320: 23:54:40.554 - ENet: Limit period: 200ms
6320: 23:54:40.554 - ENet: Limit per period: 52428 bytes
6320: 23:54:40.555 - ENet: Max queued data for transmission per peer: 512000 bytes
6320: 23:54:40.555 - ENet: Minimum retransmit timeout: 200
6320: 23:54:40.555 - No Maximum retransmit timeout
6320: 23:54:40.555 - ENet: Minimum timeout: 5000ms
6320: 23:54:40.555 - ENet: Maximum timeout: 30000ms
6320: 23:54:40.555 - ENet: Max Inbound Reliable Data Queued (awaiting resends of earlier sequence numbers) per peer : 163840 bytes
6320: 23:54:40.555 - No RTT ACK adjustment timeout
6320: 23:54:40.555 - About to load application: CarServer from CarServer
6320: 23:54:40.555 - Auto restart is enabled for application, existing connections will be terminated during restart
6320: 23:54:40.555 - Application will restart 1000ms after the last change detected
6320: 23:54:40.555 - Application will restart if files matching the following are changed: "dll;config"
6320: 23:54:40.555 - Application will NOT restart if files matching the following are changed: "log4net.config"
6320: 23:54:40.757 - Taking reference on default app domain
6320: 23:54:40.938 - Application: "CarServer" started in app domain: 2
6320: 23:54:40.938 - Adding TCP listener on: 0.0.0.0: 4530 with a listen backlog of: 150
6320: 23:54:40.938 - TCP inactivity timeout: 10000ms
6320: 23:54:40.938 - TCP disconnect timeout: 120000ms
6320: 23:54:40.939 - MaxInboundMessageSize: 512000
6320: 23:54:40.939 - MaxOutboundMessageSize: 512000
6320: 23:54:40.939 - Forcing all applications ids to: "CarServer"
6320: 23:54:40.939 - Serving policy file requests from: "C:\Users\94910\Desktop\Car\Server\Photon-OnPremise-Server-SDK_v4-0-29-11263\deploy\Policy\assets\socket-policy.xml"
6320: 23:54:40.939 - Forcing all applications ids to: "CarServer"
6320: 23:54:40.939 - MaxInboundMessageSize: 512000
6320: 23:54:40.939 - MaxOutboundMessageSize: 512000
6320: 23:54:40.939 - UDP address specified as: "0.0.0.0" adding listener to each available IPv4 address
6320: 23:54:40.939 - Adding UDP listener on: 192.168.40.1: 5055 with a listen backlog of: 500
6320: 23:54:40.939 - Adding UDP listener on: 192.168.133.1: 5055 with a listen backlog of: 500
6320: 23:54:40.939 - Adding UDP listener on: 192.168.137.1: 5055 with a listen backlog of: 500
6320: 23:54:40.939 - Adding UDP listener on: 192.168.43.107: 5055 with a listen backlog of: 500
6320: 23:54:40.939 - Adding UDP listener on: 127.0.0.1: 5055 with a listen backlog of: 500
6320: 23:54:40.959 - Service is running...
5020: 23:55:10.769 - Restarting application: "CarServer" due to file changes
5020: 23:55:10.769 - Application: "CarServer" restart request (abort existing connections)
5020: 23:55:10.993 - Taking reference on default app domain
5020: 23:55:11.200 - Application: "CarServer" started in app domain: 3
5020: 23:55:11.342 - RequestApplicationStop: 2
5020: 23:55:11.396 - Application: "CarServer" stopped in app domain: 2 (abort existing connections)
5020: 23:55:11.396 - Application: "CarServer" restart complete.
22372: 23:55:11.396 - CManagedHost::OnDefaultAction() - OPR_AppDomainUnload - eUnloadAppDomain
21336: 23:55:11.405 - Unloading Domain: ApplicationName = 'CarServer', DomainId='2'
22372: 23:55:11.405 - CManagedHost::OnDomainUnload() - 2
6320: 23:55:33.768 - Service is stopped...
6320: 23:55:33.768 - Server shutting down...
6320: 23:55:33.768 - Shutdown monitoring enabled, 30000ms before process abort
6320: 23:55:33.768 - Notifying CLR applications of shutdown...
6320: 23:55:33.768 - RequestApplicationStop: 3
6320: 23:55:33.790 - RequestStop: defalt app domain
6320: 23:55:33.804 - Shutting down WebSocket Outbound Connection Manager...
6320: 23:55:33.804 - Shutting down TCP Outbound Connection Manager...
6320: 23:55:33.804 - Shutting down ENet Outbound Connection Manager...
6320: 23:55:33.804 - Disconnecting all outbound peers...
6320: 23:55:33.804 - Shutting down ENet host...
6320: 23:55:33.804 - Disconnecting all peers...
6320: 23:55:33.804 - Shutting down socket servers...
6320: 23:55:33.804 - Shutting down ENet thread pool...
6320: 23:55:33.805 - Shutting down TCP inactivity timers...
6320: 23:55:33.805 - WaitingForShutdownToComplete: TCP:0.0.0.0:4530
6320: 23:55:33.805 - OnShutdownCompleted: TCP:0.0.0.0:4530
6320: 23:55:33.805 - WaitingForShutdownToComplete: UDP:127.0.0.1:5055
6320: 23:55:33.805 - OnShutdownCompleted: UDP:127.0.0.1:5055
6320: 23:55:33.805 - WaitingForShutdownToComplete: UDP:192.168.133.1:5055
6320: 23:55:33.805 - OnShutdownCompleted: UDP:192.168.133.1:5055
6320: 23:55:33.805 - WaitingForShutdownToComplete: UDP:192.168.137.1:5055
6320: 23:55:33.805 - OnShutdownCompleted: UDP:192.168.137.1:5055
6320: 23:55:33.805 - WaitingForShutdownToComplete: UDP:192.168.40.1:5055
6320: 23:55:33.805 - OnShutdownCompleted: UDP:192.168.40.1:5055
6320: 23:55:33.805 - WaitingForShutdownToComplete: UDP:192.168.43.107:5055
6320: 23:55:33.805 - OnShutdownCompleted: UDP:192.168.43.107:5055
6320: 23:55:33.805 - Shutting down CLR applications...
6320: 23:55:33.835 - Shutting down business logic thread pool...
22372: 23:55:33.835 - CManagedHost::OnDefaultAction() - OPR_AppDomainUnload - eUnloadAppDomain
6320: 23:55:33.838 - Shutting down I/O thread pool...
6320: 23:55:33.838 - Destroying servers
6320: 23:55:33.838 - Destroying WebSocket Outbound Connection Manager
6320: 23:55:33.838 - Destroying TCP Outbound Connection Manager
6320: 23:55:33.838 - Destroying TCP inactivity timer
6320: 23:55:33.838 - Destroying ENet timer wheel
6320: 23:55:33.838 - Destroying ENet host
6320: 23:55:33.838 - Destroying ENet outbound host
6320: 23:55:33.838 - Destroying HTTP inactivity timer
6320: 23:55:33.838 - Destroying HTTP host
6320: 23:55:33.838 - Destroying HTTP Chunk host
6320: 23:55:33.838 - Flushing ENET buffer allocator...
6320: 23:55:33.840 - Flushing TCP buffer handle allocator...
6320: 23:55:33.840 - Flushing stream socket allocator...
6320: 23:55:33.840 - Flushing inbound datagram socket allocator...
6320: 23:55:33.842 - Flushing outbound datagram socket allocator...
6320: 23:55:33.842 - Destroying CLR dispatcher
6320: 23:55:33.842 - Destroying CLR applications
6320: 23:55:33.842 - ~CCLRApplicationCollection() - Waiting up to 10 seconds for the CLR to release all of our objects
21336: 23:55:33.848 - Unloading Domain: ApplicationName = 'CarServer', DomainId='3'
22372: 23:55:33.848 - CManagedHost::OnDomainUnload() - 3
6320: 23:55:33.852 - ~CCLRApplicationCollection() - Done. All objects released
6320: 23:55:33.853 - ~CManagedHost() - Release default app domain
6320: 23:55:33.853 - CManagedHost::OnDomainUnload() - 1
6320: 23:55:33.853 - ~CManagedHost() - Waiting up to 10 seconds for CLR shutdown...
6320: 23:55:33.853 - ~CManagedHost
6320: 23:55:33.853 - Destroying ENet thread pool
6320: 23:55:33.853 - Destroying Business logic thread pool
6320: 23:55:33.853 - Destroying I/O thread pool
6320: 23:55:33.853 - Destroying ENet buffer allocator
6320: 23:55:33.853 - Destroying TCP buffer allocator
6320: 23:55:33.853 - Destroying TCP socket allocator
6320: 23:55:33.853 - Destroying ENet inbound socket allocator
6320: 23:55:33.853 - Destroying ENet outbound socket allocator
6320: 23:55:33.853 - Destroying shared datagram flow control data
6320: 23:55:33.853 - Shutdown complete...
6320: 23:55:33.853 - Service shutting down
6320: 23:55:33.855 - Service shut down complete
10040: 23:56:04.040 - ---
10040: 23:56:04.040 - Service: "Photon Socket Server" starting
10040: 23:56:04.040 - Config File: C:\Users\94910\Desktop\Car\Server\Photon-OnPremise-Server-SDK_v4-0-29-11263\deploy\bin_Win64\PhotonServer.config
10040: 23:56:04.042 - Will produce at most: 10 crash dumps
10040: 23:56:04.042 - Action: run as exe
10040: 23:56:04.042 - Server Starting...
10040: 23:56:04.042 -    Tick count: 50975015 (wraps in: 49.1203 days)
10040: 23:56:04.042 - Tick count 64: 50975015
10040: 23:56:04.042 - Photon Version: 4.0.28.2962
10040: 23:56:04.042 - PID: 18740
10040: 23:56:04.042 - Config File: C:\Users\94910\Desktop\Car\Server\Photon-OnPremise-Server-SDK_v4-0-29-11263\deploy\bin_Win64\PhotonServer.config
10040: 23:56:04.043 - Will NOT log unimportant exceptions
10040: 23:56:04.045 - Not using performance counters as they are not currently installed. Run the service with /InstallCounters to install them.
10040: 23:56:04.045 - Shutdown timeout enabled: 30000ms
10040: 23:56:04.045 - Starting I/O thread pool with 2 threads
10040: 23:56:04.045 - Using Standard allocator
10040: 23:56:04.045 - Max message size: 512000
10040: 23:56:04.046 - Starting business logic thread pool with the following settings
10040: 23:56:04.046 - InitialThreads: 4 threads
10040: 23:56:04.046 - MinThreads: 4 threads
10040: 23:56:04.046 - Thread pool is fixed size
10040: 23:56:04.046 - Starting ENet thread pool with the following settings
10040: 23:56:04.046 - InitialThreads: 2 threads
10040: 23:56:04.046 - MinThreads: 2 threads
10040: 23:56:04.046 - Thread pool is fixed size
10040: 23:56:04.046 - OnlyDispatchTimers: False
10040: 23:56:04.046 - S2S: flow control: Max pending writes: 50
10040: 23:56:04.046 - S2S: flow control: Max queued buffers: 200
10040: 23:56:04.046 - S2S: flow control: Max pending writes MUX: 500
10040: 23:56:04.046 - S2S: flow control: Max queued buffers MUX: 2000
10040: 23:56:04.046 - S2S: MaxInboundMessageSize: 512000
10040: 23:56:04.046 - S2S: MaxOutboundMessageSize: 512000
10040: 23:56:04.046 - S2S: No inactivity timeout
10040: 23:56:04.050 - WebSocket S2S: MaxInboundMessageSize: 512000
10040: 23:56:04.050 - WebSocket S2S: MaxOutboundMessageSize: 512000
10040: 23:56:04.050 - WebSocket S2S: No inactivity timeout
10040: 23:56:04.050 - Max Reliable Data In Transit (awaiting ACKs) per peer : 51200 bytes
10040: 23:56:04.050 - Per peer bandwidth limit
10040: 23:56:04.050 - Transmit Rate Limit: 256 KB/Sec
10040: 23:56:04.050 - Limit period: 200ms
10040: 23:56:04.050 - Limit per period: 52428 bytes
10040: 23:56:04.050 - Max queued data for transmission per peer: 512000 bytes
10040: 23:56:04.050 - Minimum retransmit timeout: 200
10040: 23:56:04.050 - No Maximum retransmit timeout
10040: 23:56:04.050 - Minimum ENet timeout: 5000ms
10040: 23:56:04.050 - Maximum ENet timeout: 30000ms
10040: 23:56:04.050 - Max Inbound Reliable Data Queued (awaiting resends of earlier sequence numbers) per peer : 163840 bytes
10040: 23:56:04.050 - No RTT ACK adjustment timeout
10040: 23:56:04.050 - Outbound ENet: MaxInboundMessageSize: 512000
10040: 23:56:04.050 - Outbound ENet: MaxOutboundMessageSize: 512000
10040: 23:56:04.051 - GetRuntime - About to load CLR - versions available:
10040: 23:56:04.051 - v2.0.50727
10040: 23:56:04.051 - v4.0.30319
10040: 23:56:04.051 - Configuration requests: "v2.0.50727"
10040: 23:56:04.051 - About to load version: "v2.0.50727"
10040: 23:56:04.055 - About to load runtime: PhotonHostRuntime.PhotonDomainManager from PhotonHostRuntime, Culture=neutral, PublicKeyToken=02C301B61B060C4D
10040: 23:56:04.055 - CLRBaseDirectory set to "C:\Users\94910\Desktop\Car\Server\Photon-OnPremise-Server-SDK_v4-0-29-11263\deploy"
10040: 23:56:04.055 - Optimising event broadcast for 20 or more peers
10040: 23:56:04.056 - Start: About to load CLR - versions available:
10040: 23:56:04.056 - v2.0.50727
10040: 23:56:04.056 - v4.0.30319
10040: 23:56:04.056 - No preference in configuration file, will load latest.
10040: 23:56:04.056 - About to load version: "v4.0.30319"
10040: 23:56:04.057 - Loaded version: "v4.0.30319"
10040: 23:56:04.268 - Photon host runtime loaded
10040: 23:56:06.522 - License is valid.
10040: 23:56:06.522 - Licensed for 100 concurrent connections.
10040: 23:56:06.522 - ENet: Max Reliable Data In Transit (awaiting ACKs) per peer : 51200 bytes
10040: 23:56:06.522 - ENet: Per peer bandwidth limit
10040: 23:56:06.522 - ENet: Transmit Rate Limit: 256 KB/Sec
10040: 23:56:06.522 - ENet: Limit period: 200ms
10040: 23:56:06.522 - ENet: Limit per period: 52428 bytes
10040: 23:56:06.522 - ENet: Max queued data for transmission per peer: 512000 bytes
10040: 23:56:06.522 - ENet: Minimum retransmit timeout: 200
10040: 23:56:06.522 - No Maximum retransmit timeout
10040: 23:56:06.522 - ENet: Minimum timeout: 5000ms
10040: 23:56:06.522 - ENet: Maximum timeout: 30000ms
10040: 23:56:06.522 - ENet: Max Inbound Reliable Data Queued (awaiting resends of earlier sequence numbers) per peer : 163840 bytes
10040: 23:56:06.522 - No RTT ACK adjustment timeout
10040: 23:56:06.522 - About to load application: CarServer from CarServer
10040: 23:56:06.522 - Auto restart is enabled for application, existing connections will be terminated during restart
10040: 23:56:06.522 - Application will restart 1000ms after the last change detected
10040: 23:56:06.522 - Application will restart if files matching the following are changed: "dll;config"
10040: 23:56:06.522 - Application will NOT restart if files matching the following are changed: "log4net.config"
10040: 23:56:06.773 - Taking reference on default app domain
10040: 23:56:06.967 - Application: "CarServer" started in app domain: 2
10040: 23:56:06.967 - Adding TCP listener on: 0.0.0.0: 4530 with a listen backlog of: 150
10040: 23:56:06.967 - TCP inactivity timeout: 10000ms
10040: 23:56:06.967 - TCP disconnect timeout: 120000ms
10040: 23:56:06.967 - MaxInboundMessageSize: 512000
10040: 23:56:06.967 - MaxOutboundMessageSize: 512000
10040: 23:56:06.967 - Forcing all applications ids to: "CarServer"
10040: 23:56:06.968 - Serving policy file requests from: "C:\Users\94910\Desktop\Car\Server\Photon-OnPremise-Server-SDK_v4-0-29-11263\deploy\Policy\assets\socket-policy.xml"
10040: 23:56:06.968 - Forcing all applications ids to: "CarServer"
10040: 23:56:06.968 - MaxInboundMessageSize: 512000
10040: 23:56:06.968 - MaxOutboundMessageSize: 512000
10040: 23:56:06.968 - UDP address specified as: "0.0.0.0" adding listener to each available IPv4 address
10040: 23:56:06.968 - Adding UDP listener on: 192.168.40.1: 5055 with a listen backlog of: 500
10040: 23:56:06.969 - Adding UDP listener on: 192.168.133.1: 5055 with a listen backlog of: 500
10040: 23:56:06.969 - Adding UDP listener on: 192.168.137.1: 5055 with a listen backlog of: 500
10040: 23:56:06.969 - Adding UDP listener on: 192.168.43.107: 5055 with a listen backlog of: 500
10040: 23:56:06.969 - Adding UDP listener on: 127.0.0.1: 5055 with a listen backlog of: 500
10040: 23:56:06.990 - Service is running...
19100: 23:57:44.562 - Restarting application: "CarServer" due to file changes
19100: 23:57:44.562 - Application: "CarServer" restart request (abort existing connections)
19100: 23:57:44.783 - Taking reference on default app domain
19100: 23:57:44.985 - Application: "CarServer" started in app domain: 3
19100: 23:57:45.148 - RequestApplicationStop: 2
19100: 23:57:45.171 - Application: "CarServer" stopped in app domain: 2 (abort existing connections)
19100: 23:57:45.171 - Application: "CarServer" restart complete.
10032: 23:57:45.197 - CManagedHost::OnDefaultAction() - OPR_AppDomainUnload - eUnloadAppDomain
14668: 23:57:45.206 - Unloading Domain: ApplicationName = 'CarServer', DomainId='2'
10032: 23:57:45.213 - CManagedHost::OnDomainUnload() - 2
19100: 23:58:54.019 - Restarting application: "CarServer" due to file changes
19100: 23:58:54.019 - Application: "CarServer" restart request (abort existing connections)
19100: 23:58:54.241 - Taking reference on default app domain
19100: 23:58:54.451 - Application: "CarServer" started in app domain: 4
19100: 23:58:54.635 - RequestApplicationStop: 3
19100: 23:58:54.691 - Application: "CarServer" stopped in app domain: 3 (abort existing connections)
19100: 23:58:54.691 - Application: "CarServer" restart complete.
10032: 23:58:54.691 - CManagedHost::OnDefaultAction() - OPR_AppDomainUnload - eUnloadAppDomain
14668: 23:58:54.700 - Unloading Domain: ApplicationName = 'CarServer', DomainId='3'
10032: 23:58:54.706 - CManagedHost::OnDomainUnload() - 3
