22648: 15:56:14.598 - ---
22648: 15:56:14.598 - Service: "Photon Socket Server" starting
22648: 15:56:14.598 - Config File: C:\Users\94910\Desktop\Car\Server\Photon-OnPremise-Server-SDK_v4-0-29-11263\deploy\bin_Win64\PhotonServer.config
22648: 15:56:14.606 - Will produce at most: 10 crash dumps
22648: 15:56:14.606 - Action: run as exe
22648: 15:56:14.608 - Server Starting...
22648: 15:56:14.609 -    Tick count: 21912546 (wraps in: 49.4567 days)
22648: 15:56:14.609 - Tick count 64: 21912546
22648: 15:56:14.609 - Photon Version: 4.0.28.2962
22648: 15:56:14.609 - PID: 15108
22648: 15:56:14.610 - Config File: C:\Users\94910\Desktop\Car\Server\Photon-OnPremise-Server-SDK_v4-0-29-11263\deploy\bin_Win64\PhotonServer.config
22648: 15:56:14.610 - Will NOT log unimportant exceptions
22648: 15:56:14.619 - Not using performance counters as they are not currently installed. Run the service with /InstallCounters to install them.
22648: 15:56:14.620 - Shutdown timeout enabled: 30000ms
22648: 15:56:14.621 - Starting I/O thread pool with 2 threads
22648: 15:56:14.622 - Using Standard allocator
22648: 15:56:14.622 - Max message size: 512000
22648: 15:56:14.624 - Starting business logic thread pool with the following settings
22648: 15:56:14.624 - InitialThreads: 4 threads
22648: 15:56:14.624 - MinThreads: 4 threads
22648: 15:56:14.624 - Thread pool is fixed size
22648: 15:56:14.624 - Starting ENet thread pool with the following settings
22648: 15:56:14.624 - InitialThreads: 2 threads
22648: 15:56:14.624 - MinThreads: 2 threads
22648: 15:56:14.624 - Thread pool is fixed size
22648: 15:56:14.624 - OnlyDispatchTimers: False
22648: 15:56:14.625 - S2S: flow control: Max pending writes: 50
22648: 15:56:14.625 - S2S: flow control: Max queued buffers: 200
22648: 15:56:14.625 - S2S: flow control: Max pending writes MUX: 500
22648: 15:56:14.625 - S2S: flow control: Max queued buffers MUX: 2000
22648: 15:56:14.625 - S2S: MaxInboundMessageSize: 512000
22648: 15:56:14.625 - S2S: MaxOutboundMessageSize: 512000
22648: 15:56:14.625 - S2S: No inactivity timeout
22648: 15:56:14.631 - WebSocket S2S: MaxInboundMessageSize: 512000
22648: 15:56:14.631 - WebSocket S2S: MaxOutboundMessageSize: 512000
22648: 15:56:14.631 - WebSocket S2S: No inactivity timeout
22648: 15:56:14.632 - Max Reliable Data In Transit (awaiting ACKs) per peer : 51200 bytes
22648: 15:56:14.632 - Per peer bandwidth limit
22648: 15:56:14.632 - Transmit Rate Limit: 256 KB/Sec
22648: 15:56:14.632 - Limit period: 200ms
22648: 15:56:14.632 - Limit per period: 52428 bytes
22648: 15:56:14.632 - Max queued data for transmission per peer: 512000 bytes
22648: 15:56:14.632 - Minimum retransmit timeout: 200
22648: 15:56:14.632 - No Maximum retransmit timeout
22648: 15:56:14.632 - Minimum ENet timeout: 5000ms
22648: 15:56:14.632 - Maximum ENet timeout: 30000ms
22648: 15:56:14.632 - Max Inbound Reliable Data Queued (awaiting resends of earlier sequence numbers) per peer : 163840 bytes
22648: 15:56:14.632 - No RTT ACK adjustment timeout
22648: 15:56:14.632 - Outbound ENet: MaxInboundMessageSize: 512000
22648: 15:56:14.632 - Outbound ENet: MaxOutboundMessageSize: 512000
22648: 15:56:14.642 - GetRuntime - About to load CLR - versions available:
22648: 15:56:14.642 - v2.0.50727
22648: 15:56:14.642 - v4.0.30319
22648: 15:56:14.642 - Configuration requests: "v2.0.50727"
22648: 15:56:14.642 - About to load version: "v2.0.50727"
22648: 15:56:14.655 - About to load runtime: PhotonHostRuntime.PhotonDomainManager from PhotonHostRuntime, Culture=neutral, PublicKeyToken=02C301B61B060C4D
22648: 15:56:14.655 - CLRBaseDirectory set to "C:\Users\94910\Desktop\Car\Server\Photon-OnPremise-Server-SDK_v4-0-29-11263\deploy"
22648: 15:56:14.655 - Optimising event broadcast for 20 or more peers
22648: 15:56:14.658 - Start: About to load CLR - versions available:
22648: 15:56:14.658 - v2.0.50727
22648: 15:56:14.658 - v4.0.30319
22648: 15:56:14.658 - No preference in configuration file, will load latest.
22648: 15:56:14.658 - About to load version: "v4.0.30319"
22648: 15:56:14.660 - Loaded version: "v4.0.30319"
22648: 15:56:14.865 - Photon host runtime loaded
22648: 15:56:16.883 - License is valid.
22648: 15:56:16.883 - Licensed for 100 concurrent connections.
22648: 15:56:16.883 - ENet: Max Reliable Data In Transit (awaiting ACKs) per peer : 51200 bytes
22648: 15:56:16.883 - ENet: Per peer bandwidth limit
22648: 15:56:16.883 - ENet: Transmit Rate Limit: 256 KB/Sec
22648: 15:56:16.883 - ENet: Limit period: 200ms
22648: 15:56:16.883 - ENet: Limit per period: 52428 bytes
22648: 15:56:16.883 - ENet: Max queued data for transmission per peer: 512000 bytes
22648: 15:56:16.883 - ENet: Minimum retransmit timeout: 200
22648: 15:56:16.883 - No Maximum retransmit timeout
22648: 15:56:16.883 - ENet: Minimum timeout: 5000ms
22648: 15:56:16.883 - ENet: Maximum timeout: 30000ms
22648: 15:56:16.883 - ENet: Max Inbound Reliable Data Queued (awaiting resends of earlier sequence numbers) per peer : 163840 bytes
22648: 15:56:16.883 - No RTT ACK adjustment timeout
22648: 15:56:16.883 - About to load application: CarServer from CarServer
22648: 15:56:16.883 - Auto restart is enabled for application, existing connections will be terminated during restart
22648: 15:56:16.883 - Application will restart 1000ms after the last change detected
22648: 15:56:16.883 - Application will restart if files matching the following are changed: "dll;config"
22648: 15:56:16.883 - Application will NOT restart if files matching the following are changed: "log4net.config"
22648: 15:56:17.281 - Taking reference on default app domain
22648: 15:56:17.725 - Application: "CarServer" started in app domain: 2
22648: 15:56:17.726 - Adding TCP listener on: 0.0.0.0: 4530 with a listen backlog of: 150
22648: 15:56:17.726 - TCP inactivity timeout: 10000ms
22648: 15:56:17.726 - TCP disconnect timeout: 120000ms
22648: 15:56:17.726 - MaxInboundMessageSize: 512000
22648: 15:56:17.726 - MaxOutboundMessageSize: 512000
22648: 15:56:17.726 - Forcing all applications ids to: "CarServer"
22648: 15:56:17.732 - Serving policy file requests from: "C:\Users\94910\Desktop\Car\Server\Photon-OnPremise-Server-SDK_v4-0-29-11263\deploy\Policy\assets\socket-policy.xml"
22648: 15:56:17.732 - Forcing all applications ids to: "CarServer"
22648: 15:56:17.732 - MaxInboundMessageSize: 512000
22648: 15:56:17.732 - MaxOutboundMessageSize: 512000
22648: 15:56:17.732 - UDP address specified as: "0.0.0.0" adding listener to each available IPv4 address
22648: 15:56:17.733 - Adding UDP listener on: 192.168.42.54: 5055 with a listen backlog of: 500
22648: 15:56:17.733 - Adding UDP listener on: 192.168.40.1: 5055 with a listen backlog of: 500
22648: 15:56:17.733 - Adding UDP listener on: 192.168.133.1: 5055 with a listen backlog of: 500
22648: 15:56:17.733 - Adding UDP listener on: 192.168.137.1: 5055 with a listen backlog of: 500
22648: 15:56:17.733 - Adding UDP listener on: 192.168.1.103: 5055 with a listen backlog of: 500
22648: 15:56:17.733 - Adding UDP listener on: 127.0.0.1: 5055 with a listen backlog of: 500
22648: 15:56:17.761 - Service is running...
7576: 19:56:47.403 - FAILED license server contact - trying next URL.
13444: 19:57:08.886 - Connect to Photon License Server failed. Trying again later. Allowed days without contact: 2
