19064: 22:57:54.103 - ---
19064: 22:57:54.103 - Service: "Photon Socket Server" starting
19064: 22:57:54.103 - Config File: C:\Users\94910\Desktop\Car\Server\Photon-OnPremise-Server-SDK_v4-0-29-11263\deploy\bin_Win64\PhotonServer.config
19064: 22:57:54.110 - Will produce at most: 10 crash dumps
19064: 22:57:54.111 - Service shutting down
19064: 22:57:54.112 - Service shut down complete
23608: 23:03:41.746 - ---
23608: 23:03:41.746 - Service: "Photon Socket Server" starting
23608: 23:03:41.746 - Config File: C:\Users\94910\Desktop\Car\Server\Photon-OnPremise-Server-SDK_v4-0-29-11263\deploy\bin_Win64\PhotonServer.config
23608: 23:03:41.748 - Will produce at most: 10 crash dumps
23608: 23:03:41.748 - Service shutting down
23608: 23:03:41.749 - Service shut down complete
12924: 23:07:42.842 - ---
12924: 23:07:42.842 - Service: "Photon Socket Server" starting
12924: 23:07:42.842 - Config File: C:\Users\94910\Desktop\Car\Server\Photon-OnPremise-Server-SDK_v4-0-29-11263\deploy\bin_Win64\PhotonServer.config
12924: 23:07:42.845 - Will produce at most: 10 crash dumps
12924: 23:07:42.845 - Service shutting down
12924: 23:07:42.849 - Service shut down complete
22708: 23:18:14.444 - ---
22708: 23:18:14.444 - Service: "Photon Socket Server" starting
22708: 23:18:14.444 - Config File: C:\Users\94910\Desktop\Car\Server\Photon-OnPremise-Server-SDK_v4-0-29-11263\deploy\bin_Win64\PhotonServer.config
22708: 23:18:14.446 - Will produce at most: 10 crash dumps
22708: 23:18:14.447 - Service shutting down
22708: 23:18:14.448 - Service shut down complete
996: 23:32:18.810 - ---
996: 23:32:18.810 - Service: "Photon Socket Server" starting
996: 23:32:18.810 - Config File: C:\Users\94910\Desktop\Car\Server\Photon-OnPremise-Server-SDK_v4-0-29-11263\deploy\bin_Win64\PhotonServer.config
996: 23:32:18.812 - Will produce at most: 10 crash dumps
996: 23:32:18.812 - Service shutting down
996: 23:32:18.814 - Service shut down complete
