24240: 00:05:59.681 - Restarting application: "CarServer" due to file changes
24240: 00:05:59.692 - Application: "CarServer" restart request (abort existing connections)
24240: 00:05:59.943 - Taking reference on default app domain
24240: 00:06:00.160 - Application: "CarServer" started in app domain: 13
24240: 00:06:00.338 - RequestApplicationStop: 12
24240: 00:06:00.405 - Application: "CarServer" stopped in app domain: 12 (abort existing connections)
24240: 00:06:00.405 - Application: "CarServer" restart complete.
14996: 00:06:00.406 - CManagedHost::OnDefaultAction() - OPR_AppDomainUnload - eUnloadAppDomain
16792: 00:06:00.416 - Unloading Domain: ApplicationName = 'CarServer', DomainId='12'
14996: 00:06:00.420 - CManagedHost::OnDomainUnload() - 12
24240: 00:08:32.577 - Restarting application: "CarServer" due to file changes
24240: 00:08:32.577 - Application: "CarServer" restart request (abort existing connections)
24240: 00:08:32.858 - Taking reference on default app domain
24240: 00:08:33.150 - Application: "CarServer" started in app domain: 14
24240: 00:08:33.774 - RequestApplicationStop: 13
24240: 00:08:33.806 - Application: "CarServer" stopped in app domain: 13 (abort existing connections)
24240: 00:08:33.806 - Application: "CarServer" restart complete.
14996: 00:08:33.883 - CManagedHost::OnDefaultAction() - OPR_AppDomainUnload - eUnloadAppDomain
16792: 00:08:33.892 - Unloading Domain: ApplicationName = 'CarServer', DomainId='13'
14996: 00:08:33.897 - CManagedHost::OnDomainUnload() - 13
24240: 00:10:00.100 - Restarting application: "CarServer" due to file changes
24240: 00:10:00.100 - Application: "CarServer" restart request (abort existing connections)
24240: 00:10:00.315 - Taking reference on default app domain
24240: 00:10:00.564 - Application: "CarServer" started in app domain: 15
24240: 00:10:00.806 - RequestApplicationStop: 14
24240: 00:10:00.836 - Application: "CarServer" stopped in app domain: 14 (abort existing connections)
24240: 00:10:00.836 - Application: "CarServer" restart complete.
14996: 00:10:00.883 - CManagedHost::OnDefaultAction() - OPR_AppDomainUnload - eUnloadAppDomain
16792: 00:10:00.892 - Unloading Domain: ApplicationName = 'CarServer', DomainId='14'
14996: 00:10:00.899 - CManagedHost::OnDomainUnload() - 14
16896: 00:16:28.472 - Service is stopped...
16896: 00:16:28.472 - Server shutting down...
16896: 00:16:28.472 - Shutdown monitoring enabled, 30000ms before process abort
16896: 00:16:28.472 - Notifying CLR applications of shutdown...
16896: 00:16:28.473 - RequestApplicationStop: 15
16896: 00:16:28.498 - RequestStop: defalt app domain
16896: 00:16:28.506 - Shutting down WebSocket Outbound Connection Manager...
16896: 00:16:28.507 - Shutting down TCP Outbound Connection Manager...
16896: 00:16:28.509 - Shutting down ENet Outbound Connection Manager...
16896: 00:16:28.509 - Disconnecting all outbound peers...
16896: 00:16:28.510 - Shutting down ENet host...
16896: 00:16:28.510 - Disconnecting all peers...
16896: 00:16:28.510 - Shutting down socket servers...
16896: 00:16:28.510 - Shutting down ENet thread pool...
16896: 00:16:28.510 - Shutting down TCP inactivity timers...
16896: 00:16:28.511 - WaitingForShutdownToComplete: TCP:0.0.0.0:4530
16896: 00:16:28.511 - OnShutdownCompleted: TCP:0.0.0.0:4530
16896: 00:16:28.511 - WaitingForShutdownToComplete: UDP:127.0.0.1:5055
16896: 00:16:28.511 - OnShutdownCompleted: UDP:127.0.0.1:5055
16896: 00:16:28.511 - WaitingForShutdownToComplete: UDP:192.168.1.102:5055
16896: 00:16:28.511 - OnShutdownCompleted: UDP:192.168.1.102:5055
16896: 00:16:28.511 - WaitingForShutdownToComplete: UDP:192.168.133.1:5055
16896: 00:16:28.512 - OnShutdownCompleted: UDP:192.168.133.1:5055
16896: 00:16:28.512 - WaitingForShutdownToComplete: UDP:192.168.137.1:5055
16896: 00:16:28.512 - OnShutdownCompleted: UDP:192.168.137.1:5055
16896: 00:16:28.512 - WaitingForShutdownToComplete: UDP:192.168.40.1:5055
16896: 00:16:28.512 - OnShutdownCompleted: UDP:192.168.40.1:5055
16896: 00:16:28.512 - Shutting down CLR applications...
16896: 00:16:28.536 - Shutting down business logic thread pool...
14996: 00:16:28.536 - CManagedHost::OnDefaultAction() - OPR_AppDomainUnload - eUnloadAppDomain
16896: 00:16:28.536 - Shutting down I/O thread pool...
16896: 00:16:28.537 - Destroying servers
16896: 00:16:28.537 - Destroying WebSocket Outbound Connection Manager
16896: 00:16:28.538 - Destroying TCP Outbound Connection Manager
16896: 00:16:28.538 - Destroying TCP inactivity timer
16896: 00:16:28.538 - Destroying ENet timer wheel
16896: 00:16:28.538 - Destroying ENet host
16896: 00:16:28.539 - Destroying ENet outbound host
16896: 00:16:28.539 - Destroying HTTP inactivity timer
16896: 00:16:28.539 - Destroying HTTP host
16896: 00:16:28.539 - Destroying HTTP Chunk host
16896: 00:16:28.539 - Flushing ENET buffer allocator...
16896: 00:16:28.541 - Flushing TCP buffer handle allocator...
16896: 00:16:28.541 - Flushing stream socket allocator...
16896: 00:16:28.541 - Flushing inbound datagram socket allocator...
16896: 00:16:28.542 - Flushing outbound datagram socket allocator...
16896: 00:16:28.542 - Destroying CLR dispatcher
16896: 00:16:28.542 - Destroying CLR applications
16896: 00:16:28.543 - ~CCLRApplicationCollection() - Waiting up to 10 seconds for the CLR to release all of our objects
16792: 00:16:28.549 - Unloading Domain: ApplicationName = 'CarServer', DomainId='15'
14996: 00:16:28.552 - CManagedHost::OnDomainUnload() - 15
16896: 00:16:28.555 - ~CCLRApplicationCollection() - Done. All objects released
16896: 00:16:28.556 - ~CManagedHost() - Release default app domain
16896: 00:16:28.556 - CManagedHost::OnDomainUnload() - 1
16896: 00:16:28.556 - ~CManagedHost() - Waiting up to 10 seconds for CLR shutdown...
16896: 00:16:28.556 - ~CManagedHost
16896: 00:16:28.556 - Destroying ENet thread pool
16896: 00:16:28.556 - Destroying Business logic thread pool
16896: 00:16:28.556 - Destroying I/O thread pool
16896: 00:16:28.556 - Destroying ENet buffer allocator
16896: 00:16:28.556 - Destroying TCP buffer allocator
16896: 00:16:28.556 - Destroying TCP socket allocator
16896: 00:16:28.556 - Destroying ENet inbound socket allocator
16896: 00:16:28.556 - Destroying ENet outbound socket allocator
16896: 00:16:28.556 - Destroying shared datagram flow control data
16896: 00:16:28.557 - Shutdown complete...
16896: 00:16:28.558 - Service shutting down
16896: 00:16:28.563 - Service shut down complete
