976: 11:30:28.535 - ---
976: 11:30:28.535 - Service: "Photon Socket Server" starting
976: 11:30:28.535 - Config File: C:\Users\94910\Desktop\Car\Server\Photon-OnPremise-Server-SDK_v4-0-29-11263\deploy\bin_Win64\PhotonServer.config
976: 11:30:28.538 - Will produce at most: 10 crash dumps
976: 11:30:28.538 - Action: run as exe
976: 11:30:28.540 - Server Starting...
976: 11:30:28.541 -    Tick count: 4438515 (wraps in: 49.6589 days)
976: 11:30:28.541 - Tick count 64: 4438515
976: 11:30:28.541 - Photon Version: 4.0.28.2962
976: 11:30:28.541 - PID: 11292
976: 11:30:28.542 - Config File: C:\Users\94910\Desktop\Car\Server\Photon-OnPremise-Server-SDK_v4-0-29-11263\deploy\bin_Win64\PhotonServer.config
976: 11:30:28.542 - Will NOT log unimportant exceptions
976: 11:30:28.552 - Not using performance counters as they are not currently installed. Run the service with /InstallCounters to install them.
976: 11:30:28.553 - Shutdown timeout enabled: 30000ms
976: 11:30:28.555 - Starting I/O thread pool with 2 threads
976: 11:30:28.555 - Using Standard allocator
976: 11:30:28.555 - Max message size: 512000
976: 11:30:28.557 - Starting business logic thread pool with the following settings
976: 11:30:28.557 - InitialThreads: 4 threads
976: 11:30:28.557 - MinThreads: 4 threads
976: 11:30:28.557 - Thread pool is fixed size
976: 11:30:28.558 - Starting ENet thread pool with the following settings
976: 11:30:28.558 - InitialThreads: 2 threads
976: 11:30:28.558 - MinThreads: 2 threads
976: 11:30:28.558 - Thread pool is fixed size
976: 11:30:28.558 - OnlyDispatchTimers: False
976: 11:30:28.559 - S2S: flow control: Max pending writes: 50
976: 11:30:28.559 - S2S: flow control: Max queued buffers: 200
976: 11:30:28.559 - S2S: flow control: Max pending writes MUX: 500
976: 11:30:28.559 - S2S: flow control: Max queued buffers MUX: 2000
976: 11:30:28.559 - S2S: MaxInboundMessageSize: 512000
976: 11:30:28.559 - S2S: MaxOutboundMessageSize: 512000
976: 11:30:28.559 - S2S: No inactivity timeout
976: 11:30:28.563 - Cannot enable FILE_SKIP_COMPLETION_PORT_ON_SUCCESS as "Netease UU" does not support XP1_IFS_HANDLES. ServiceFlags1 = 0x66
976: 11:30:28.565 - Cannot enable FILE_SKIP_COMPLETION_PORT_ON_SUCCESS as "Netease UU" does not support XP1_IFS_HANDLES. ServiceFlags1 = 0x66
976: 11:30:28.567 - WebSocket S2S: MaxInboundMessageSize: 512000
976: 11:30:28.567 - WebSocket S2S: MaxOutboundMessageSize: 512000
976: 11:30:28.567 - WebSocket S2S: No inactivity timeout
976: 11:30:28.567 - Cannot enable FILE_SKIP_COMPLETION_PORT_ON_SUCCESS as "Netease UU" does not support XP1_IFS_HANDLES. ServiceFlags1 = 0x66
976: 11:30:28.568 - Max Reliable Data In Transit (awaiting ACKs) per peer : 51200 bytes
976: 11:30:28.568 - Per peer bandwidth limit
976: 11:30:28.568 - Transmit Rate Limit: 256 KB/Sec
976: 11:30:28.568 - Limit period: 200ms
976: 11:30:28.568 - Limit per period: 52428 bytes
976: 11:30:28.568 - Max queued data for transmission per peer: 512000 bytes
976: 11:30:28.568 - Minimum retransmit timeout: 200
976: 11:30:28.568 - No Maximum retransmit timeout
976: 11:30:28.568 - Minimum ENet timeout: 5000ms
976: 11:30:28.568 - Maximum ENet timeout: 30000ms
976: 11:30:28.568 - Max Inbound Reliable Data Queued (awaiting resends of earlier sequence numbers) per peer : 163840 bytes
976: 11:30:28.568 - No RTT ACK adjustment timeout
976: 11:30:28.568 - Outbound ENet: MaxInboundMessageSize: 512000
976: 11:30:28.568 - Outbound ENet: MaxOutboundMessageSize: 512000
976: 11:30:28.569 - Cannot enable FILE_SKIP_COMPLETION_PORT_ON_SUCCESS as "Netease UU" does not support XP1_IFS_HANDLES. ServiceFlags1 = 0x66
976: 11:30:28.579 - GetRuntime - About to load CLR - versions available:
976: 11:30:28.579 - v2.0.50727
976: 11:30:28.579 - v4.0.30319
976: 11:30:28.579 - Configuration requests: "v2.0.50727"
976: 11:30:28.579 - About to load version: "v2.0.50727"
976: 11:30:28.590 - About to load runtime: PhotonHostRuntime.PhotonDomainManager from PhotonHostRuntime, Culture=neutral, PublicKeyToken=02C301B61B060C4D
976: 11:30:28.590 - CLRBaseDirectory set to "C:\Users\94910\Desktop\Car\Server\Photon-OnPremise-Server-SDK_v4-0-29-11263\deploy"
976: 11:30:28.590 - Optimising event broadcast for 20 or more peers
976: 11:30:28.593 - Start: About to load CLR - versions available:
976: 11:30:28.593 - v2.0.50727
976: 11:30:28.593 - v4.0.30319
976: 11:30:28.593 - No preference in configuration file, will load latest.
976: 11:30:28.593 - About to load version: "v4.0.30319"
976: 11:30:28.595 - Loaded version: "v4.0.30319"
976: 11:30:28.794 - Photon host runtime loaded
976: 11:30:30.767 - License is valid.
976: 11:30:30.767 - Licensed for 100 concurrent connections.
976: 11:30:30.767 - ENet: Max Reliable Data In Transit (awaiting ACKs) per peer : 51200 bytes
976: 11:30:30.767 - ENet: Per peer bandwidth limit
976: 11:30:30.767 - ENet: Transmit Rate Limit: 256 KB/Sec
976: 11:30:30.767 - ENet: Limit period: 200ms
976: 11:30:30.767 - ENet: Limit per period: 52428 bytes
976: 11:30:30.767 - ENet: Max queued data for transmission per peer: 512000 bytes
976: 11:30:30.767 - ENet: Minimum retransmit timeout: 200
976: 11:30:30.767 - No Maximum retransmit timeout
976: 11:30:30.767 - ENet: Minimum timeout: 5000ms
976: 11:30:30.767 - ENet: Maximum timeout: 30000ms
976: 11:30:30.767 - ENet: Max Inbound Reliable Data Queued (awaiting resends of earlier sequence numbers) per peer : 163840 bytes
976: 11:30:30.767 - No RTT ACK adjustment timeout
976: 11:30:30.767 - About to load application: CarServer from CarServer
976: 11:30:30.767 - Auto restart is enabled for application, existing connections will be terminated during restart
976: 11:30:30.767 - Application will restart 1000ms after the last change detected
976: 11:30:30.767 - Application will restart if files matching the following are changed: "dll;config"
976: 11:30:30.767 - Application will NOT restart if files matching the following are changed: "log4net.config"
976: 11:30:31.173 - Taking reference on default app domain
976: 11:30:31.659 - Application: "CarServer" started in app domain: 2
976: 11:30:31.660 - Adding TCP listener on: 0.0.0.0: 4530 with a listen backlog of: 150
976: 11:30:31.660 - TCP inactivity timeout: 10000ms
976: 11:30:31.660 - TCP disconnect timeout: 120000ms
976: 11:30:31.660 - MaxInboundMessageSize: 512000
976: 11:30:31.660 - MaxOutboundMessageSize: 512000
976: 11:30:31.660 - Forcing all applications ids to: "CarServer"
976: 11:30:31.667 - Serving policy file requests from: "C:\Users\94910\Desktop\Car\Server\Photon-OnPremise-Server-SDK_v4-0-29-11263\deploy\Policy\assets\socket-policy.xml"
976: 11:30:31.667 - Cannot enable FILE_SKIP_COMPLETION_PORT_ON_SUCCESS as "Netease UU" does not support XP1_IFS_HANDLES. ServiceFlags1 = 0x66
976: 11:30:31.667 - Forcing all applications ids to: "CarServer"
976: 11:30:31.667 - MaxInboundMessageSize: 512000
976: 11:30:31.667 - MaxOutboundMessageSize: 512000
976: 11:30:31.667 - UDP address specified as: "0.0.0.0" adding listener to each available IPv4 address
976: 11:30:31.668 - Adding UDP listener on: 192.168.40.1: 5055 with a listen backlog of: 500
976: 11:30:31.668 - Cannot enable FILE_SKIP_COMPLETION_PORT_ON_SUCCESS as "Netease UU" does not support XP1_IFS_HANDLES. ServiceFlags1 = 0x66
976: 11:30:31.668 - Adding UDP listener on: 192.168.133.1: 5055 with a listen backlog of: 500
976: 11:30:31.668 - Cannot enable FILE_SKIP_COMPLETION_PORT_ON_SUCCESS as "Netease UU" does not support XP1_IFS_HANDLES. ServiceFlags1 = 0x66
976: 11:30:31.668 - Adding UDP listener on: 192.168.1.102: 5055 with a listen backlog of: 500
976: 11:30:31.669 - Cannot enable FILE_SKIP_COMPLETION_PORT_ON_SUCCESS as "Netease UU" does not support XP1_IFS_HANDLES. ServiceFlags1 = 0x66
976: 11:30:31.669 - Adding UDP listener on: 192.168.137.1: 5055 with a listen backlog of: 500
976: 11:30:31.669 - Cannot enable FILE_SKIP_COMPLETION_PORT_ON_SUCCESS as "Netease UU" does not support XP1_IFS_HANDLES. ServiceFlags1 = 0x66
976: 11:30:31.669 - Adding UDP listener on: 127.0.0.1: 5055 with a listen backlog of: 500
976: 11:30:31.669 - Cannot enable FILE_SKIP_COMPLETION_PORT_ON_SUCCESS as "Netease UU" does not support XP1_IFS_HANDLES. ServiceFlags1 = 0x66
976: 11:30:31.719 - Service is running...
8968: 20:47:19.994 - Restarting application: "CarServer" due to file changes
8968: 20:47:19.994 - Application: "CarServer" restart request (abort existing connections)
8968: 20:47:20.431 - Taking reference on default app domain
8968: 20:47:20.950 - Application: "CarServer" started in app domain: 3
8968: 20:47:21.245 - RequestApplicationStop: 2
8968: 20:47:21.302 - Application: "CarServer" stopped in app domain: 2 (abort existing connections)
8968: 20:47:21.302 - Application: "CarServer" restart complete.
6588: 20:47:21.302 - CManagedHost::OnDefaultAction() - OPR_AppDomainUnload - eUnloadAppDomain
3344: 20:47:21.313 - Unloading Domain: ApplicationName = 'CarServer', DomainId='2'
6588: 20:47:21.323 - CManagedHost::OnDomainUnload() - 2
17840: 21:31:33.723 - FAILED license server contact - trying next URL.
18136: 21:31:55.267 - Connect to Photon License Server failed. Trying again later. Allowed days without contact: 2
