17820: 00:39:23.818 - Service is stopped...
17820: 00:39:23.832 - Server shutting down...
17820: 00:39:23.832 - Shutdown monitoring enabled, 30000ms before process abort
17820: 00:39:23.835 - Notifying CLR applications of shutdown...
17820: 00:39:23.835 - RequestApplicationStop: 4
17820: 00:39:23.868 - RequestStop: defalt app domain
17820: 00:39:23.885 - Shutting down WebSocket Outbound Connection Manager...
17820: 00:39:23.886 - Shutting down TCP Outbound Connection Manager...
17820: 00:39:23.888 - Shutting down ENet Outbound Connection Manager...
17820: 00:39:23.888 - Disconnecting all outbound peers...
17820: 00:39:23.888 - Shutting down ENet host...
17820: 00:39:23.888 - Disconnecting all peers...
17820: 00:39:23.888 - Shutting down socket servers...
17820: 00:39:23.888 - Shutting down ENet thread pool...
17820: 00:39:23.889 - Shutting down TCP inactivity timers...
17820: 00:39:23.890 - WaitingForShutdownToComplete: TCP:0.0.0.0:4530
17820: 00:39:23.890 - OnShutdownCompleted: TCP:0.0.0.0:4530
17820: 00:39:23.890 - WaitingForShutdownToComplete: UDP:127.0.0.1:5055
17820: 00:39:23.890 - OnShutdownCompleted: UDP:127.0.0.1:5055
17820: 00:39:23.890 - WaitingForShutdownToComplete: UDP:192.168.1.103:5055
17820: 00:39:23.890 - OnShutdownCompleted: UDP:192.168.1.103:5055
17820: 00:39:23.890 - WaitingForShutdownToComplete: UDP:192.168.133.1:5055
17820: 00:39:23.890 - OnShutdownCompleted: UDP:192.168.133.1:5055
17820: 00:39:23.890 - WaitingForShutdownToComplete: UDP:192.168.137.1:5055
17820: 00:39:23.890 - OnShutdownCompleted: UDP:192.168.137.1:5055
17820: 00:39:23.890 - WaitingForShutdownToComplete: UDP:192.168.40.1:5055
17820: 00:39:23.890 - OnShutdownCompleted: UDP:192.168.40.1:5055
17820: 00:39:23.890 - Shutting down CLR applications...
17820: 00:39:23.911 - Shutting down business logic thread pool...
17820: 00:39:23.911 - Shutting down I/O thread pool...
12932: 00:39:23.911 - CManagedHost::OnDefaultAction() - OPR_AppDomainUnload - eUnloadAppDomain
17820: 00:39:23.912 - Destroying servers
17820: 00:39:23.912 - Destroying WebSocket Outbound Connection Manager
17820: 00:39:23.912 - Destroying TCP Outbound Connection Manager
17820: 00:39:23.913 - Destroying TCP inactivity timer
17820: 00:39:23.913 - Destroying ENet timer wheel
17820: 00:39:23.913 - Destroying ENet host
17820: 00:39:23.913 - Destroying ENet outbound host
17820: 00:39:23.913 - Destroying HTTP inactivity timer
17820: 00:39:23.913 - Destroying HTTP host
17820: 00:39:23.913 - Destroying HTTP Chunk host
17820: 00:39:23.913 - Flushing ENET buffer allocator...
17820: 00:39:23.915 - Flushing TCP buffer handle allocator...
17820: 00:39:23.915 - Flushing stream socket allocator...
17820: 00:39:23.916 - Flushing inbound datagram socket allocator...
17820: 00:39:23.917 - Flushing outbound datagram socket allocator...
17820: 00:39:23.917 - Destroying CLR dispatcher
17820: 00:39:23.917 - Destroying CLR applications
17820: 00:39:23.918 - ~CCLRApplicationCollection() - Waiting up to 10 seconds for the CLR to release all of our objects
21428: 00:39:23.925 - Unloading Domain: ApplicationName = 'CarServer', DomainId='4'
12932: 00:39:23.929 - CManagedHost::OnDomainUnload() - 4
17820: 00:39:23.980 - ~CCLRApplicationCollection() - Done. All objects released
17820: 00:39:23.981 - ~CManagedHost() - Release default app domain
17820: 00:39:23.981 - CManagedHost::OnDomainUnload() - 1
17820: 00:39:23.981 - ~CManagedHost() - Waiting up to 10 seconds for CLR shutdown...
17820: 00:39:23.982 - ~CManagedHost
17820: 00:39:23.983 - Destroying ENet thread pool
17820: 00:39:23.983 - Destroying Business logic thread pool
17820: 00:39:23.983 - Destroying I/O thread pool
17820: 00:39:23.983 - Destroying ENet buffer allocator
17820: 00:39:23.983 - Destroying TCP buffer allocator
17820: 00:39:23.983 - Destroying TCP socket allocator
17820: 00:39:23.983 - Destroying ENet inbound socket allocator
17820: 00:39:23.983 - Destroying ENet outbound socket allocator
17820: 00:39:23.983 - Destroying shared datagram flow control data
17820: 00:39:23.985 - Shutdown complete...
17820: 00:39:23.986 - Service shutting down
17820: 00:39:23.990 - Service shut down complete
