23428: 00:52:42.137 - Restarting application: "CarServer" due to file changes
23428: 00:52:42.149 - Application: "CarServer" restart request (abort existing connections)
23428: 00:52:42.545 - Taking reference on default app domain
23428: 00:52:42.845 - Application: "CarServer" started in app domain: 11
23428: 00:52:43.120 - RequestApplicationStop: 10
23428: 00:52:43.189 - Application: "CarServer" stopped in app domain: 10 (abort existing connections)
23428: 00:52:43.189 - Application: "CarServer" restart complete.
23472: 00:52:43.189 - CManagedHost::OnDefaultAction() - OPR_AppDomainUnload - eUnloadAppDomain
23468: 00:52:43.198 - Unloading Domain: ApplicationName = 'CarServer', DomainId='10'
23472: 00:52:43.198 - CManagedHost::OnDomainUnload() - 10
23428: 12:30:13.244 - Restarting application: "CarServer" due to file changes
23428: 12:30:13.244 - Application: "CarServer" restart request (abort existing connections)
23428: 12:30:13.589 - Taking reference on default app domain
23428: 12:30:14.049 - Application: "CarServer" started in app domain: 12
23428: 12:30:14.278 - RequestApplicationStop: 11
23428: 12:30:14.333 - Application: "CarServer" stopped in app domain: 11 (abort existing connections)
23428: 12:30:14.333 - Application: "CarServer" restart complete.
23472: 12:30:14.333 - CManagedHost::OnDefaultAction() - OPR_AppDomainUnload - eUnloadAppDomain
23468: 12:30:14.342 - Unloading Domain: ApplicationName = 'CarServer', DomainId='11'
23472: 12:30:14.342 - CManagedHost::OnDomainUnload() - 11
23428: 12:40:34.857 - Restarting application: "CarServer" due to file changes
23428: 12:40:34.857 - Application: "CarServer" restart request (abort existing connections)
23428: 12:40:35.129 - Taking reference on default app domain
23428: 12:40:35.427 - Application: "CarServer" started in app domain: 13
23428: 12:40:35.689 - RequestApplicationStop: 12
23428: 12:40:35.718 - Application: "CarServer" stopped in app domain: 12 (abort existing connections)
23428: 12:40:35.718 - Application: "CarServer" restart complete.
23472: 12:40:35.758 - CManagedHost::OnDefaultAction() - OPR_AppDomainUnload - eUnloadAppDomain
23468: 12:40:35.765 - Unloading Domain: ApplicationName = 'CarServer', DomainId='12'
23472: 12:40:35.769 - CManagedHost::OnDomainUnload() - 12
23428: 12:41:55.670 - Restarting application: "CarServer" due to file changes
23428: 12:41:55.670 - Application: "CarServer" restart request (abort existing connections)
23428: 12:41:55.935 - Taking reference on default app domain
23428: 12:41:56.212 - Application: "CarServer" started in app domain: 14
23428: 12:41:56.462 - RequestApplicationStop: 13
23428: 12:41:56.488 - Application: "CarServer" stopped in app domain: 13 (abort existing connections)
23428: 12:41:56.488 - Application: "CarServer" restart complete.
23472: 12:41:56.526 - CManagedHost::OnDefaultAction() - OPR_AppDomainUnload - eUnloadAppDomain
23468: 12:41:56.536 - Unloading Domain: ApplicationName = 'CarServer', DomainId='13'
23472: 12:41:56.541 - CManagedHost::OnDomainUnload() - 13
23428: 13:01:47.590 - Restarting application: "CarServer" due to file changes
23428: 13:01:47.590 - Application: "CarServer" restart request (abort existing connections)
23428: 13:01:48.266 - Taking reference on default app domain
23428: 13:01:48.891 - Application: "CarServer" started in app domain: 15
23428: 13:01:49.538 - RequestApplicationStop: 14
23428: 13:01:49.566 - Application: "CarServer" stopped in app domain: 14 (abort existing connections)
23428: 13:01:49.566 - Application: "CarServer" restart complete.
23472: 13:01:49.616 - CManagedHost::OnDefaultAction() - OPR_AppDomainUnload - eUnloadAppDomain
23468: 13:01:49.624 - Unloading Domain: ApplicationName = 'CarServer', DomainId='14'
23472: 13:01:49.629 - CManagedHost::OnDomainUnload() - 14
23428: 13:03:21.827 - Restarting application: "CarServer" due to file changes
23428: 13:03:21.827 - Application: "CarServer" restart request (abort existing connections)
23428: 13:03:22.113 - Taking reference on default app domain
23428: 13:03:22.414 - Application: "CarServer" started in app domain: 16
23428: 13:03:22.689 - RequestApplicationStop: 15
23428: 13:03:22.777 - Application: "CarServer" stopped in app domain: 15 (abort existing connections)
23472: 13:03:22.777 - CManagedHost::OnDefaultAction() - OPR_AppDomainUnload - eUnloadAppDomain
23428: 13:03:22.777 - Application: "CarServer" restart complete.
23468: 13:03:22.787 - Unloading Domain: ApplicationName = 'CarServer', DomainId='15'
23472: 13:03:22.787 - CManagedHost::OnDomainUnload() - 15
23428: 13:04:55.453 - Restarting application: "CarServer" due to file changes
23428: 13:04:55.453 - Application: "CarServer" restart request (abort existing connections)
23428: 13:04:55.770 - Taking reference on default app domain
23428: 13:04:56.057 - Application: "CarServer" started in app domain: 17
23428: 13:04:56.318 - RequestApplicationStop: 16
23428: 13:04:56.492 - Application: "CarServer" stopped in app domain: 16 (abort existing connections)
23428: 13:04:56.492 - Application: "CarServer" restart complete.
23472: 13:04:56.496 - CManagedHost::OnDefaultAction() - OPR_AppDomainUnload - eUnloadAppDomain
23468: 13:04:56.508 - Unloading Domain: ApplicationName = 'CarServer', DomainId='16'
23472: 13:04:56.508 - CManagedHost::OnDomainUnload() - 16
23428: 13:07:24.283 - Restarting application: "CarServer" due to file changes
23428: 13:07:24.283 - Application: "CarServer" restart request (abort existing connections)
23428: 13:07:24.660 - Taking reference on default app domain
23428: 13:07:24.956 - Application: "CarServer" started in app domain: 18
23428: 13:07:25.382 - RequestApplicationStop: 17
23428: 13:07:25.416 - Application: "CarServer" stopped in app domain: 17 (abort existing connections)
23428: 13:07:25.416 - Application: "CarServer" restart complete.
23472: 13:07:25.472 - CManagedHost::OnDefaultAction() - OPR_AppDomainUnload - eUnloadAppDomain
23468: 13:07:25.483 - Unloading Domain: ApplicationName = 'CarServer', DomainId='17'
23472: 13:07:25.489 - CManagedHost::OnDomainUnload() - 17
23428: 13:09:46.651 - Restarting application: "CarServer" due to file changes
23428: 13:09:46.651 - Application: "CarServer" restart request (abort existing connections)
23428: 13:09:46.929 - Taking reference on default app domain
23428: 13:09:47.169 - Application: "CarServer" started in app domain: 19
23428: 13:09:47.361 - RequestApplicationStop: 18
23428: 13:09:47.386 - Application: "CarServer" stopped in app domain: 18 (abort existing connections)
23428: 13:09:47.386 - Application: "CarServer" restart complete.
23472: 13:09:47.425 - CManagedHost::OnDefaultAction() - OPR_AppDomainUnload - eUnloadAppDomain
23468: 13:09:47.434 - Unloading Domain: ApplicationName = 'CarServer', DomainId='18'
23472: 13:09:47.440 - CManagedHost::OnDomainUnload() - 18
23428: 13:11:45.395 - Restarting application: "CarServer" due to file changes
23428: 13:11:45.395 - Application: "CarServer" restart request (abort existing connections)
23428: 13:11:45.674 - Taking reference on default app domain
23428: 13:11:45.930 - Application: "CarServer" started in app domain: 20
23428: 13:11:46.123 - RequestApplicationStop: 19
23428: 13:11:46.178 - Application: "CarServer" stopped in app domain: 19 (abort existing connections)
23472: 13:11:46.178 - CManagedHost::OnDefaultAction() - OPR_AppDomainUnload - eUnloadAppDomain
23428: 13:11:46.178 - Application: "CarServer" restart complete.
23468: 13:11:46.188 - Unloading Domain: ApplicationName = 'CarServer', DomainId='19'
23472: 13:11:46.188 - CManagedHost::OnDomainUnload() - 19
23428: 13:20:09.604 - Restarting application: "CarServer" due to file changes
23428: 13:20:09.604 - Application: "CarServer" restart request (abort existing connections)
23428: 13:20:09.875 - Taking reference on default app domain
23428: 13:20:10.160 - Application: "CarServer" started in app domain: 21
23428: 13:20:10.668 - RequestApplicationStop: 20
23428: 13:20:10.727 - Application: "CarServer" stopped in app domain: 20 (abort existing connections)
23472: 13:20:10.727 - CManagedHost::OnDefaultAction() - OPR_AppDomainUnload - eUnloadAppDomain
23428: 13:20:10.727 - Application: "CarServer" restart complete.
23468: 13:20:10.735 - Unloading Domain: ApplicationName = 'CarServer', DomainId='20'
23472: 13:20:10.738 - CManagedHost::OnDomainUnload() - 20
16396: 17:06:30.840 - FAILED license server contact - trying next URL.
16396: 17:06:30.842 - Connect to Photon License Server failed. Trying again later. Allowed days without contact: 2
22704: 19:07:12.220 - Service is stopped...
22704: 19:07:12.250 - Server shutting down...
22704: 19:07:12.250 - Shutdown monitoring enabled, 30000ms before process abort
22704: 19:07:12.250 - Notifying CLR applications of shutdown...
22704: 19:07:12.262 - RequestApplicationStop: 21
22704: 19:07:12.805 - RequestStop: defalt app domain
22704: 19:07:13.121 - Shutting down WebSocket Outbound Connection Manager...
22704: 19:07:13.164 - Shutting down TCP Outbound Connection Manager...
22704: 19:07:13.233 - Shutting down ENet Outbound Connection Manager...
22704: 19:07:13.239 - Disconnecting all outbound peers...
22704: 19:07:13.262 - Shutting down ENet host...
22704: 19:07:13.262 - Disconnecting all peers...
22704: 19:07:13.262 - Shutting down socket servers...
22704: 19:07:13.262 - Shutting down ENet thread pool...
22704: 19:07:13.270 - Shutting down TCP inactivity timers...
22704: 19:07:13.331 - WaitingForShutdownToComplete: TCP:0.0.0.0:4530
22704: 19:07:13.331 - OnShutdownCompleted: TCP:0.0.0.0:4530
22704: 19:07:13.331 - WaitingForShutdownToComplete: UDP:127.0.0.1:5055
22704: 19:07:13.331 - OnShutdownCompleted: UDP:127.0.0.1:5055
22704: 19:07:13.331 - WaitingForShutdownToComplete: UDP:192.168.1.100:5055
22704: 19:07:13.331 - OnShutdownCompleted: UDP:192.168.1.100:5055
22704: 19:07:13.331 - WaitingForShutdownToComplete: UDP:192.168.133.1:5055
22704: 19:07:13.331 - OnShutdownCompleted: UDP:192.168.133.1:5055
22704: 19:07:13.331 - WaitingForShutdownToComplete: UDP:192.168.137.1:5055
22704: 19:07:13.331 - OnShutdownCompleted: UDP:192.168.137.1:5055
22704: 19:07:13.331 - WaitingForShutdownToComplete: UDP:192.168.40.1:5055
22704: 19:07:13.331 - OnShutdownCompleted: UDP:192.168.40.1:5055
22704: 19:07:13.331 - Shutting down CLR applications...
22704: 19:07:13.505 - Shutting down business logic thread pool...
22704: 19:07:13.535 - Shutting down I/O thread pool...
22704: 19:07:13.536 - Destroying servers
23472: 19:07:13.537 - CManagedHost::OnDefaultAction() - OPR_AppDomainUnload - eUnloadAppDomain
22704: 19:07:13.574 - Destroying WebSocket Outbound Connection Manager
22704: 19:07:13.582 - Destroying TCP Outbound Connection Manager
22704: 19:07:13.582 - Destroying TCP inactivity timer
22704: 19:07:13.582 - Destroying ENet timer wheel
22704: 19:07:13.608 - Destroying ENet host
22704: 19:07:13.636 - Destroying ENet outbound host
22704: 19:07:13.660 - Destroying HTTP inactivity timer
22704: 19:07:13.660 - Destroying HTTP host
22704: 19:07:13.660 - Destroying HTTP Chunk host
22704: 19:07:13.660 - Flushing ENET buffer allocator...
22704: 19:07:13.662 - Flushing TCP buffer handle allocator...
22704: 19:07:13.662 - Flushing stream socket allocator...
22704: 19:07:13.662 - Flushing inbound datagram socket allocator...
22704: 19:07:13.664 - Flushing outbound datagram socket allocator...
22704: 19:07:13.664 - Destroying CLR dispatcher
22704: 19:07:13.664 - Destroying CLR applications
22704: 19:07:13.665 - ~CCLRApplicationCollection() - Waiting up to 10 seconds for the CLR to release all of our objects
23468: 19:07:13.821 - Unloading Domain: ApplicationName = 'CarServer', DomainId='21'
23472: 19:07:14.445 - CManagedHost::OnDomainUnload() - 21
22704: 19:07:17.742 - ~CCLRApplicationCollection() - Done. All objects released
22704: 19:07:17.758 - ~CManagedHost() - Release default app domain
22704: 19:07:17.758 - CManagedHost::OnDomainUnload() - 1
22704: 19:07:17.758 - ~CManagedHost() - Waiting up to 10 seconds for CLR shutdown...
22704: 19:07:17.815 - ~CManagedHost
22704: 19:07:17.815 - Destroying ENet thread pool
22704: 19:07:17.815 - Destroying Business logic thread pool
22704: 19:07:17.815 - Destroying I/O thread pool
22704: 19:07:17.815 - Destroying ENet buffer allocator
22704: 19:07:17.815 - Destroying TCP buffer allocator
22704: 19:07:17.815 - Destroying TCP socket allocator
22704: 19:07:17.815 - Destroying ENet inbound socket allocator
22704: 19:07:17.815 - Destroying ENet outbound socket allocator
22704: 19:07:17.815 - Destroying shared datagram flow control data
22704: 19:07:17.904 - Shutdown complete...
22704: 19:07:17.905 - Service shutting down
22704: 19:07:18.060 - Service shut down complete
20924: 22:38:51.431 - ---
20924: 22:38:51.431 - Service: "Photon Socket Server" starting
20924: 22:38:51.431 - Config File: C:\Users\94910\Desktop\Car\Server\Photon-OnPremise-Server-SDK_v4-0-29-11263\deploy\bin_Win64\PhotonServer.config
20924: 22:38:51.434 - Will produce at most: 10 crash dumps
20924: 22:38:51.434 - Action: run as exe
20924: 22:38:51.437 - Server Starting...
20924: 22:38:51.438 -    Tick count: 376343406 (wraps in: 45.3544 days)
20924: 22:38:51.438 - Tick count 64: 376343406
20924: 22:38:51.438 - Photon Version: 4.0.28.2962
20924: 22:38:51.438 - PID: 24540
20924: 22:38:51.439 - Config File: C:\Users\94910\Desktop\Car\Server\Photon-OnPremise-Server-SDK_v4-0-29-11263\deploy\bin_Win64\PhotonServer.config
20924: 22:38:51.440 - Will NOT log unimportant exceptions
20924: 22:38:51.452 - Not using performance counters as they are not currently installed. Run the service with /InstallCounters to install them.
20924: 22:38:51.452 - Shutdown timeout enabled: 30000ms
20924: 22:38:51.454 - Starting I/O thread pool with 2 threads
20924: 22:38:51.456 - Using Standard allocator
20924: 22:38:51.456 - Max message size: 512000
20924: 22:38:51.457 - Starting business logic thread pool with the following settings
20924: 22:38:51.457 - InitialThreads: 4 threads
20924: 22:38:51.457 - MinThreads: 4 threads
20924: 22:38:51.457 - Thread pool is fixed size
20924: 22:38:51.458 - Starting ENet thread pool with the following settings
20924: 22:38:51.458 - InitialThreads: 2 threads
20924: 22:38:51.458 - MinThreads: 2 threads
20924: 22:38:51.458 - Thread pool is fixed size
20924: 22:38:51.458 - OnlyDispatchTimers: False
20924: 22:38:51.459 - S2S: flow control: Max pending writes: 50
20924: 22:38:51.459 - S2S: flow control: Max queued buffers: 200
20924: 22:38:51.459 - S2S: flow control: Max pending writes MUX: 500
20924: 22:38:51.459 - S2S: flow control: Max queued buffers MUX: 2000
20924: 22:38:51.459 - S2S: MaxInboundMessageSize: 512000
20924: 22:38:51.459 - S2S: MaxOutboundMessageSize: 512000
20924: 22:38:51.459 - S2S: No inactivity timeout
20924: 22:38:51.463 - Cannot enable FILE_SKIP_COMPLETION_PORT_ON_SUCCESS as "Netease UU" does not support XP1_IFS_HANDLES. ServiceFlags1 = 0x66
20924: 22:38:51.464 - Cannot enable FILE_SKIP_COMPLETION_PORT_ON_SUCCESS as "Netease UU" does not support XP1_IFS_HANDLES. ServiceFlags1 = 0x66
20924: 22:38:51.466 - WebSocket S2S: MaxInboundMessageSize: 512000
20924: 22:38:51.466 - WebSocket S2S: MaxOutboundMessageSize: 512000
20924: 22:38:51.466 - WebSocket S2S: No inactivity timeout
20924: 22:38:51.466 - Cannot enable FILE_SKIP_COMPLETION_PORT_ON_SUCCESS as "Netease UU" does not support XP1_IFS_HANDLES. ServiceFlags1 = 0x66
20924: 22:38:51.469 - Max Reliable Data In Transit (awaiting ACKs) per peer : 51200 bytes
20924: 22:38:51.469 - Per peer bandwidth limit
20924: 22:38:51.469 - Transmit Rate Limit: 256 KB/Sec
20924: 22:38:51.469 - Limit period: 200ms
20924: 22:38:51.469 - Limit per period: 52428 bytes
20924: 22:38:51.469 - Max queued data for transmission per peer: 512000 bytes
20924: 22:38:51.469 - Minimum retransmit timeout: 200
20924: 22:38:51.469 - No Maximum retransmit timeout
20924: 22:38:51.469 - Minimum ENet timeout: 5000ms
20924: 22:38:51.469 - Maximum ENet timeout: 30000ms
20924: 22:38:51.469 - Max Inbound Reliable Data Queued (awaiting resends of earlier sequence numbers) per peer : 163840 bytes
20924: 22:38:51.469 - No RTT ACK adjustment timeout
20924: 22:38:51.469 - Outbound ENet: MaxInboundMessageSize: 512000
20924: 22:38:51.469 - Outbound ENet: MaxOutboundMessageSize: 512000
20924: 22:38:51.470 - Cannot enable FILE_SKIP_COMPLETION_PORT_ON_SUCCESS as "Netease UU" does not support XP1_IFS_HANDLES. ServiceFlags1 = 0x66
20924: 22:38:51.481 - GetRuntime - About to load CLR - versions available:
20924: 22:38:51.481 - v2.0.50727
20924: 22:38:51.481 - v4.0.30319
20924: 22:38:51.481 - Configuration requests: "v2.0.50727"
20924: 22:38:51.481 - About to load version: "v2.0.50727"
20924: 22:38:51.509 - About to load runtime: PhotonHostRuntime.PhotonDomainManager from PhotonHostRuntime, Culture=neutral, PublicKeyToken=02C301B61B060C4D
20924: 22:38:51.510 - CLRBaseDirectory set to "C:\Users\94910\Desktop\Car\Server\Photon-OnPremise-Server-SDK_v4-0-29-11263\deploy"
20924: 22:38:51.510 - Optimising event broadcast for 20 or more peers
20924: 22:38:51.513 - Start: About to load CLR - versions available:
20924: 22:38:51.513 - v2.0.50727
20924: 22:38:51.513 - v4.0.30319
20924: 22:38:51.513 - No preference in configuration file, will load latest.
20924: 22:38:51.513 - About to load version: "v4.0.30319"
20924: 22:38:51.515 - Loaded version: "v4.0.30319"
20924: 22:38:51.787 - Photon host runtime loaded
20924: 22:38:53.920 - License is valid.
20924: 22:38:53.920 - Licensed for 100 concurrent connections.
20924: 22:38:53.920 - ENet: Max Reliable Data In Transit (awaiting ACKs) per peer : 51200 bytes
20924: 22:38:53.920 - ENet: Per peer bandwidth limit
20924: 22:38:53.920 - ENet: Transmit Rate Limit: 256 KB/Sec
20924: 22:38:53.920 - ENet: Limit period: 200ms
20924: 22:38:53.920 - ENet: Limit per period: 52428 bytes
20924: 22:38:53.920 - ENet: Max queued data for transmission per peer: 512000 bytes
20924: 22:38:53.920 - ENet: Minimum retransmit timeout: 200
20924: 22:38:53.920 - No Maximum retransmit timeout
20924: 22:38:53.920 - ENet: Minimum timeout: 5000ms
20924: 22:38:53.920 - ENet: Maximum timeout: 30000ms
20924: 22:38:53.920 - ENet: Max Inbound Reliable Data Queued (awaiting resends of earlier sequence numbers) per peer : 163840 bytes
20924: 22:38:53.920 - No RTT ACK adjustment timeout
20924: 22:38:53.920 - About to load application: CarServer from CarServer
20924: 22:38:53.920 - Auto restart is enabled for application, existing connections will be terminated during restart
20924: 22:38:53.920 - Application will restart 1000ms after the last change detected
20924: 22:38:53.920 - Application will restart if files matching the following are changed: "dll;config"
20924: 22:38:53.920 - Application will NOT restart if files matching the following are changed: "log4net.config"
20924: 22:38:54.300 - Taking reference on default app domain
20924: 22:38:54.645 - Application: "CarServer" started in app domain: 2
20924: 22:38:54.645 - Adding TCP listener on: 0.0.0.0: 4530 with a listen backlog of: 150
20924: 22:38:54.645 - TCP inactivity timeout: 10000ms
20924: 22:38:54.645 - TCP disconnect timeout: 120000ms
20924: 22:38:54.645 - MaxInboundMessageSize: 512000
20924: 22:38:54.645 - MaxOutboundMessageSize: 512000
20924: 22:38:54.645 - Forcing all applications ids to: "CarServer"
20924: 22:38:54.651 - Serving policy file requests from: "C:\Users\94910\Desktop\Car\Server\Photon-OnPremise-Server-SDK_v4-0-29-11263\deploy\Policy\assets\socket-policy.xml"
20924: 22:38:54.651 - Cannot enable FILE_SKIP_COMPLETION_PORT_ON_SUCCESS as "Netease UU" does not support XP1_IFS_HANDLES. ServiceFlags1 = 0x66
20924: 22:38:54.651 - Forcing all applications ids to: "CarServer"
20924: 22:38:54.651 - MaxInboundMessageSize: 512000
20924: 22:38:54.651 - MaxOutboundMessageSize: 512000
20924: 22:38:54.651 - UDP address specified as: "0.0.0.0" adding listener to each available IPv4 address
20924: 22:38:54.652 - Adding UDP listener on: 192.168.40.1: 5055 with a listen backlog of: 500
20924: 22:38:54.652 - Cannot enable FILE_SKIP_COMPLETION_PORT_ON_SUCCESS as "Netease UU" does not support XP1_IFS_HANDLES. ServiceFlags1 = 0x66
20924: 22:38:54.652 - Adding UDP listener on: 192.168.133.1: 5055 with a listen backlog of: 500
20924: 22:38:54.652 - Cannot enable FILE_SKIP_COMPLETION_PORT_ON_SUCCESS as "Netease UU" does not support XP1_IFS_HANDLES. ServiceFlags1 = 0x66
20924: 22:38:54.652 - Adding UDP listener on: 192.168.1.103: 5055 with a listen backlog of: 500
20924: 22:38:54.652 - Cannot enable FILE_SKIP_COMPLETION_PORT_ON_SUCCESS as "Netease UU" does not support XP1_IFS_HANDLES. ServiceFlags1 = 0x66
20924: 22:38:54.652 - Adding UDP listener on: 192.168.137.1: 5055 with a listen backlog of: 500
20924: 22:38:54.652 - Cannot enable FILE_SKIP_COMPLETION_PORT_ON_SUCCESS as "Netease UU" does not support XP1_IFS_HANDLES. ServiceFlags1 = 0x66
20924: 22:38:54.652 - Adding UDP listener on: 127.0.0.1: 5055 with a listen backlog of: 500
20924: 22:38:54.652 - Cannot enable FILE_SKIP_COMPLETION_PORT_ON_SUCCESS as "Netease UU" does not support XP1_IFS_HANDLES. ServiceFlags1 = 0x66
20924: 22:38:54.702 - Service is running...
25248: 22:42:09.702 - Restarting application: "CarServer" due to file changes
25248: 22:42:09.706 - Application: "CarServer" restart request (abort existing connections)
25248: 22:42:10.182 - Taking reference on default app domain
25248: 22:42:10.457 - Application: "CarServer" started in app domain: 3
25248: 22:42:10.654 - RequestApplicationStop: 2
25248: 22:42:10.728 - Application: "CarServer" stopped in app domain: 2 (abort existing connections)
25248: 22:42:10.728 - Application: "CarServer" restart complete.
16572: 22:42:10.907 - CManagedHost::OnDefaultAction() - OPR_AppDomainUnload - eUnloadAppDomain
7912: 22:42:10.918 - Unloading Domain: ApplicationName = 'CarServer', DomainId='2'
16572: 22:42:10.928 - CManagedHost::OnDomainUnload() - 2
25248: 22:44:53.693 - Restarting application: "CarServer" due to file changes
25248: 22:44:53.693 - Application: "CarServer" restart request (abort existing connections)
25248: 22:44:53.945 - Taking reference on default app domain
25248: 22:44:54.176 - Application: "CarServer" started in app domain: 4
25248: 22:44:54.379 - RequestApplicationStop: 3
25248: 22:44:54.405 - Application: "CarServer" stopped in app domain: 3 (abort existing connections)
25248: 22:44:54.405 - Application: "CarServer" restart complete.
16572: 22:44:54.441 - CManagedHost::OnDefaultAction() - OPR_AppDomainUnload - eUnloadAppDomain
7912: 22:44:54.451 - Unloading Domain: ApplicationName = 'CarServer', DomainId='3'
16572: 22:44:54.456 - CManagedHost::OnDomainUnload() - 3
