16892: 14:06:46.699 - ---
16892: 14:06:46.699 - Service: "Photon Socket Server" starting
16892: 14:06:46.699 - Config File: C:\Users\94910\Desktop\Car\Server\Photon-OnPremise-Server-SDK_v4-0-29-11263\deploy\bin_Win64\PhotonServer.config
16892: 14:06:46.700 - Will produce at most: 10 crash dumps
16892: 14:06:46.701 - Action: run as exe
16892: 14:06:46.701 - Server Starting...
16892: 14:06:46.701 -    Tick count: 17610718 (wraps in: 49.5064 days)
16892: 14:06:46.701 - Tick count 64: 17610718
16892: 14:06:46.701 - Photon Version: 4.0.28.2962
16892: 14:06:46.701 - PID: 2596
16892: 14:06:46.701 - Config File: C:\Users\94910\Desktop\Car\Server\Photon-OnPremise-Server-SDK_v4-0-29-11263\deploy\bin_Win64\PhotonServer.config
16892: 14:06:46.702 - Will NOT log unimportant exceptions
16892: 14:06:46.704 - Not using performance counters as they are not currently installed. Run the service with /InstallCounters to install them.
16892: 14:06:46.704 - Shutdown timeout enabled: 30000ms
16892: 14:06:46.704 - Starting I/O thread pool with 2 threads
16892: 14:06:46.705 - Using Standard allocator
16892: 14:06:46.705 - Max message size: 512000
16892: 14:06:46.705 - Starting business logic thread pool with the following settings
16892: 14:06:46.705 - InitialThreads: 4 threads
16892: 14:06:46.705 - MinThreads: 4 threads
16892: 14:06:46.705 - Thread pool is fixed size
16892: 14:06:46.705 - Starting ENet thread pool with the following settings
16892: 14:06:46.705 - InitialThreads: 2 threads
16892: 14:06:46.705 - MinThreads: 2 threads
16892: 14:06:46.705 - Thread pool is fixed size
16892: 14:06:46.705 - OnlyDispatchTimers: False
16892: 14:06:46.706 - S2S: flow control: Max pending writes: 50
16892: 14:06:46.706 - S2S: flow control: Max queued buffers: 200
16892: 14:06:46.706 - S2S: flow control: Max pending writes MUX: 500
16892: 14:06:46.706 - S2S: flow control: Max queued buffers MUX: 2000
16892: 14:06:46.706 - S2S: MaxInboundMessageSize: 512000
16892: 14:06:46.706 - S2S: MaxOutboundMessageSize: 512000
16892: 14:06:46.706 - S2S: No inactivity timeout
16892: 14:06:46.710 - WebSocket S2S: MaxInboundMessageSize: 512000
16892: 14:06:46.710 - WebSocket S2S: MaxOutboundMessageSize: 512000
16892: 14:06:46.710 - WebSocket S2S: No inactivity timeout
16892: 14:06:46.710 - Max Reliable Data In Transit (awaiting ACKs) per peer : 51200 bytes
16892: 14:06:46.710 - Per peer bandwidth limit
16892: 14:06:46.710 - Transmit Rate Limit: 256 KB/Sec
16892: 14:06:46.710 - Limit period: 200ms
16892: 14:06:46.710 - Limit per period: 52428 bytes
16892: 14:06:46.710 - Max queued data for transmission per peer: 512000 bytes
16892: 14:06:46.710 - Minimum retransmit timeout: 200
16892: 14:06:46.710 - No Maximum retransmit timeout
16892: 14:06:46.710 - Minimum ENet timeout: 5000ms
16892: 14:06:46.710 - Maximum ENet timeout: 30000ms
16892: 14:06:46.710 - Max Inbound Reliable Data Queued (awaiting resends of earlier sequence numbers) per peer : 163840 bytes
16892: 14:06:46.710 - No RTT ACK adjustment timeout
16892: 14:06:46.710 - Outbound ENet: MaxInboundMessageSize: 512000
16892: 14:06:46.710 - Outbound ENet: MaxOutboundMessageSize: 512000
16892: 14:06:46.713 - GetRuntime - About to load CLR - versions available:
16892: 14:06:46.713 - v2.0.50727
16892: 14:06:46.713 - v4.0.30319
16892: 14:06:46.713 - Configuration requests: "v2.0.50727"
16892: 14:06:46.713 - About to load version: "v2.0.50727"
16892: 14:06:46.732 - About to load runtime: PhotonHostRuntime.PhotonDomainManager from PhotonHostRuntime, Culture=neutral, PublicKeyToken=02C301B61B060C4D
16892: 14:06:46.732 - CLRBaseDirectory set to "C:\Users\94910\Desktop\Car\Server\Photon-OnPremise-Server-SDK_v4-0-29-11263\deploy"
16892: 14:06:46.732 - Optimising event broadcast for 20 or more peers
16892: 14:06:46.733 - Start: About to load CLR - versions available:
16892: 14:06:46.733 - v2.0.50727
16892: 14:06:46.733 - v4.0.30319
16892: 14:06:46.733 - No preference in configuration file, will load latest.
16892: 14:06:46.733 - About to load version: "v4.0.30319"
16892: 14:06:46.735 - Loaded version: "v4.0.30319"
16892: 14:06:47.020 - Photon host runtime loaded
16892: 14:06:49.582 - License is valid.
16892: 14:06:49.582 - Licensed for 100 concurrent connections.
16892: 14:06:49.582 - ENet: Max Reliable Data In Transit (awaiting ACKs) per peer : 51200 bytes
16892: 14:06:49.582 - ENet: Per peer bandwidth limit
16892: 14:06:49.582 - ENet: Transmit Rate Limit: 256 KB/Sec
16892: 14:06:49.582 - ENet: Limit period: 200ms
16892: 14:06:49.582 - ENet: Limit per period: 52428 bytes
16892: 14:06:49.582 - ENet: Max queued data for transmission per peer: 512000 bytes
16892: 14:06:49.582 - ENet: Minimum retransmit timeout: 200
16892: 14:06:49.582 - No Maximum retransmit timeout
16892: 14:06:49.582 - ENet: Minimum timeout: 5000ms
16892: 14:06:49.583 - ENet: Maximum timeout: 30000ms
16892: 14:06:49.583 - ENet: Max Inbound Reliable Data Queued (awaiting resends of earlier sequence numbers) per peer : 163840 bytes
16892: 14:06:49.583 - No RTT ACK adjustment timeout
16892: 14:06:49.583 - About to load application: CarServer from CarServer
16892: 14:06:49.583 - Auto restart is enabled for application, existing connections will be terminated during restart
16892: 14:06:49.583 - Application will restart 1000ms after the last change detected
16892: 14:06:49.583 - Application will restart if files matching the following are changed: "dll;config"
16892: 14:06:49.583 - Application will NOT restart if files matching the following are changed: "log4net.config"
16892: 14:06:50.128 - Taking reference on default app domain
16892: 14:06:50.709 - Application: "CarServer" started in app domain: 2
16892: 14:06:50.709 - Adding TCP listener on: 0.0.0.0: 4530 with a listen backlog of: 150
16892: 14:06:50.709 - TCP inactivity timeout: 10000ms
16892: 14:06:50.709 - TCP disconnect timeout: 120000ms
16892: 14:06:50.709 - MaxInboundMessageSize: 512000
16892: 14:06:50.709 - MaxOutboundMessageSize: 512000
16892: 14:06:50.709 - Forcing all applications ids to: "CarServer"
16892: 14:06:50.715 - Serving policy file requests from: "C:\Users\94910\Desktop\Car\Server\Photon-OnPremise-Server-SDK_v4-0-29-11263\deploy\Policy\assets\socket-policy.xml"
16892: 14:06:50.715 - Forcing all applications ids to: "CarServer"
16892: 14:06:50.715 - MaxInboundMessageSize: 512000
16892: 14:06:50.715 - MaxOutboundMessageSize: 512000
16892: 14:06:50.715 - UDP address specified as: "0.0.0.0" adding listener to each available IPv4 address
16892: 14:06:50.716 - Adding UDP listener on: 192.168.40.1: 5055 with a listen backlog of: 500
16892: 14:06:50.716 - Adding UDP listener on: 192.168.133.1: 5055 with a listen backlog of: 500
16892: 14:06:50.716 - Adding UDP listener on: 192.168.137.1: 5055 with a listen backlog of: 500
16892: 14:06:50.716 - Adding UDP listener on: 192.168.43.107: 5055 with a listen backlog of: 500
16892: 14:06:50.717 - Adding UDP listener on: 127.0.0.1: 5055 with a listen backlog of: 500
16892: 14:06:50.749 - Service is running...
17036: 14:19:10.720 - Restarting application: "CarServer" due to file changes
17036: 14:19:10.720 - Application: "CarServer" restart request (abort existing connections)
17036: 14:19:11.080 - Taking reference on default app domain
17036: 14:19:11.395 - Application: "CarServer" started in app domain: 3
17036: 14:19:11.662 - RequestApplicationStop: 2
17036: 14:19:11.693 - Application: "CarServer" stopped in app domain: 2 (abort existing connections)
17036: 14:19:11.693 - Application: "CarServer" restart complete.
5444: 14:19:11.744 - CManagedHost::OnDefaultAction() - OPR_AppDomainUnload - eUnloadAppDomain
19264: 14:19:11.755 - Unloading Domain: ApplicationName = 'CarServer', DomainId='2'
5444: 14:19:11.767 - CManagedHost::OnDomainUnload() - 2
17036: 14:20:31.575 - Restarting application: "CarServer" due to file changes
17036: 14:20:31.575 - Application: "CarServer" restart request (abort existing connections)
17036: 14:20:31.978 - Taking reference on default app domain
17036: 14:20:32.642 - Application: "CarServer" started in app domain: 4
17036: 14:20:32.983 - RequestApplicationStop: 3
17036: 14:20:33.016 - Application: "CarServer" stopped in app domain: 3 (abort existing connections)
17036: 14:20:33.016 - Application: "CarServer" restart complete.
5444: 14:20:33.064 - CManagedHost::OnDefaultAction() - OPR_AppDomainUnload - eUnloadAppDomain
19264: 14:20:33.074 - Unloading Domain: ApplicationName = 'CarServer', DomainId='3'
5444: 14:20:33.079 - CManagedHost::OnDomainUnload() - 3
