19080: 23:02:09.493 - ---
19080: 23:02:09.493 - Service: "Photon Socket Server" starting
19080: 23:02:09.493 - Config File: C:\Users\94910\Desktop\Car\Server\Photon-OnPremise-Server-SDK_v4-0-29-11263\deploy\bin_Win64\PhotonServer.config
19080: 23:02:09.500 - Will produce at most: 10 crash dumps
19080: 23:02:09.501 - Action: run as exe
19080: 23:02:09.503 - Server Starting...
19080: 23:02:09.504 -    Tick count: 43765468 (wraps in: 49.2037 days)
19080: 23:02:09.504 - Tick count 64: 43765468
19080: 23:02:09.504 - Photon Version: 4.0.28.2962
19080: 23:02:09.504 - PID: 19072
19080: 23:02:09.505 - Config File: C:\Users\94910\Desktop\Car\Server\Photon-OnPremise-Server-SDK_v4-0-29-11263\deploy\bin_Win64\PhotonServer.config
19080: 23:02:09.506 - Will NOT log unimportant exceptions
19080: 23:02:09.528 - Not using performance counters as they are not currently installed. Run the service with /InstallCounters to install them.
19080: 23:02:09.529 - Shutdown timeout enabled: 30000ms
19080: 23:02:09.531 - Starting I/O thread pool with 2 threads
19080: 23:02:09.532 - Using Standard allocator
19080: 23:02:09.532 - Max message size: 512000
19080: 23:02:09.534 - Starting business logic thread pool with the following settings
19080: 23:02:09.534 - InitialThreads: 4 threads
19080: 23:02:09.534 - MinThreads: 4 threads
19080: 23:02:09.534 - Thread pool is fixed size
19080: 23:02:09.535 - Starting ENet thread pool with the following settings
19080: 23:02:09.535 - InitialThreads: 2 threads
19080: 23:02:09.535 - MinThreads: 2 threads
19080: 23:02:09.535 - Thread pool is fixed size
19080: 23:02:09.535 - OnlyDispatchTimers: False
19080: 23:02:09.536 - S2S: flow control: Max pending writes: 50
19080: 23:02:09.536 - S2S: flow control: Max queued buffers: 200
19080: 23:02:09.536 - S2S: flow control: Max pending writes MUX: 500
19080: 23:02:09.536 - S2S: flow control: Max queued buffers MUX: 2000
19080: 23:02:09.536 - S2S: MaxInboundMessageSize: 512000
19080: 23:02:09.536 - S2S: MaxOutboundMessageSize: 512000
19080: 23:02:09.536 - S2S: No inactivity timeout
19080: 23:02:09.543 - WebSocket S2S: MaxInboundMessageSize: 512000
19080: 23:02:09.543 - WebSocket S2S: MaxOutboundMessageSize: 512000
19080: 23:02:09.543 - WebSocket S2S: No inactivity timeout
19080: 23:02:09.544 - Max Reliable Data In Transit (awaiting ACKs) per peer : 51200 bytes
19080: 23:02:09.544 - Per peer bandwidth limit
19080: 23:02:09.544 - Transmit Rate Limit: 256 KB/Sec
19080: 23:02:09.544 - Limit period: 200ms
19080: 23:02:09.544 - Limit per period: 52428 bytes
19080: 23:02:09.544 - Max queued data for transmission per peer: 512000 bytes
19080: 23:02:09.544 - Minimum retransmit timeout: 200
19080: 23:02:09.544 - No Maximum retransmit timeout
19080: 23:02:09.544 - Minimum ENet timeout: 5000ms
19080: 23:02:09.544 - Maximum ENet timeout: 30000ms
19080: 23:02:09.544 - Max Inbound Reliable Data Queued (awaiting resends of earlier sequence numbers) per peer : 163840 bytes
19080: 23:02:09.544 - No RTT ACK adjustment timeout
19080: 23:02:09.544 - Outbound ENet: MaxInboundMessageSize: 512000
19080: 23:02:09.544 - Outbound ENet: MaxOutboundMessageSize: 512000
19080: 23:02:09.556 - GetRuntime - About to load CLR - versions available:
19080: 23:02:09.556 - v2.0.50727
19080: 23:02:09.556 - v4.0.30319
19080: 23:02:09.556 - Configuration requests: "v2.0.50727"
19080: 23:02:09.556 - About to load version: "v2.0.50727"
19080: 23:02:09.598 - About to load runtime: PhotonHostRuntime.PhotonDomainManager from PhotonHostRuntime, Culture=neutral, PublicKeyToken=02C301B61B060C4D
19080: 23:02:09.598 - CLRBaseDirectory set to "C:\Users\94910\Desktop\Car\Server\Photon-OnPremise-Server-SDK_v4-0-29-11263\deploy"
19080: 23:02:09.598 - Optimising event broadcast for 20 or more peers
19080: 23:02:09.599 - Start: About to load CLR - versions available:
19080: 23:02:09.599 - v2.0.50727
19080: 23:02:09.599 - v4.0.30319
19080: 23:02:09.599 - No preference in configuration file, will load latest.
19080: 23:02:09.599 - About to load version: "v4.0.30319"
19080: 23:02:09.601 - Loaded version: "v4.0.30319"
19080: 23:02:09.810 - Photon host runtime loaded
19080: 23:02:11.932 - License is valid.
19080: 23:02:11.932 - Licensed for 100 concurrent connections.
19080: 23:02:11.932 - ENet: Max Reliable Data In Transit (awaiting ACKs) per peer : 51200 bytes
19080: 23:02:11.932 - ENet: Per peer bandwidth limit
19080: 23:02:11.932 - ENet: Transmit Rate Limit: 256 KB/Sec
19080: 23:02:11.932 - ENet: Limit period: 200ms
19080: 23:02:11.932 - ENet: Limit per period: 52428 bytes
19080: 23:02:11.932 - ENet: Max queued data for transmission per peer: 512000 bytes
19080: 23:02:11.932 - ENet: Minimum retransmit timeout: 200
19080: 23:02:11.932 - No Maximum retransmit timeout
19080: 23:02:11.932 - ENet: Minimum timeout: 5000ms
19080: 23:02:11.932 - ENet: Maximum timeout: 30000ms
19080: 23:02:11.932 - ENet: Max Inbound Reliable Data Queued (awaiting resends of earlier sequence numbers) per peer : 163840 bytes
19080: 23:02:11.932 - No RTT ACK adjustment timeout
19080: 23:02:11.932 - About to load application: ChatServer from ChatServer
19080: 23:02:11.932 - Auto restart is enabled for application, existing connections will be terminated during restart
19080: 23:02:11.932 - Application will restart 1000ms after the last change detected
19080: 23:02:11.932 - Application will restart if files matching the following are changed: "dll;config"
19080: 23:02:11.932 - Application will NOT restart if files matching the following are changed: "log4net.config"
19080: 23:02:12.189 - Taking reference on default app domain
19080: 23:02:12.436 - Application: "ChatServer" started in app domain: 2
19080: 23:02:12.436 - Adding TCP listener on: 0.0.0.0: 4530 with a listen backlog of: 150
19080: 23:02:12.436 - TCP inactivity timeout: 10000ms
19080: 23:02:12.436 - TCP disconnect timeout: 120000ms
19080: 23:02:12.436 - MaxInboundMessageSize: 512000
19080: 23:02:12.436 - MaxOutboundMessageSize: 512000
19080: 23:02:12.436 - Forcing all applications ids to: "ChatServer"
19080: 23:02:12.441 - Serving policy file requests from: "C:\Users\94910\Desktop\Car\Server\Photon-OnPremise-Server-SDK_v4-0-29-11263\deploy\Policy\assets\socket-policy.xml"
19080: 23:02:12.441 - Forcing all applications ids to: "ChatServer"
19080: 23:02:12.441 - MaxInboundMessageSize: 512000
19080: 23:02:12.441 - MaxOutboundMessageSize: 512000
19080: 23:02:12.441 - UDP address specified as: "0.0.0.0" adding listener to each available IPv4 address
19080: 23:02:12.442 - Adding UDP listener on: 192.168.40.1: 5055 with a listen backlog of: 500
19080: 23:02:12.442 - Adding UDP listener on: 192.168.133.1: 5055 with a listen backlog of: 500
19080: 23:02:12.442 - Adding UDP listener on: 192.168.1.102: 5055 with a listen backlog of: 500
19080: 23:02:12.442 - Adding UDP listener on: 192.168.137.1: 5055 with a listen backlog of: 500
19080: 23:02:12.442 - Adding UDP listener on: 127.0.0.1: 5055 with a listen backlog of: 500
19080: 23:02:12.463 - Service is running...
