19100: 00:03:41.873 - Restarting application: "CarServer" due to file changes
19100: 00:03:41.879 - Application: "CarServer" restart request (abort existing connections)
19100: 00:03:42.124 - Taking reference on default app domain
19100: 00:03:42.393 - Application: "CarServer" started in app domain: 5
19100: 00:03:42.625 - RequestApplicationStop: 4
19100: 00:03:42.650 - Application: "CarServer" stopped in app domain: 4 (abort existing connections)
19100: 00:03:42.650 - Application: "CarServer" restart complete.
10032: 00:03:42.690 - CManagedHost::OnDefaultAction() - OPR_AppDomainUnload - eUnloadAppDomain
14668: 00:03:42.700 - Unloading Domain: ApplicationName = 'CarServer', DomainId='4'
10032: 00:03:42.705 - CManagedHost::OnDomainUnload() - 4
19100: 00:06:37.045 - Restarting application: "CarServer" due to file changes
19100: 00:06:37.045 - Application: "CarServer" restart request (abort existing connections)
19100: 00:06:37.283 - Taking reference on default app domain
19100: 00:06:37.536 - Application: "CarServer" started in app domain: 6
19100: 00:06:37.749 - RequestApplicationStop: 5
19100: 00:06:37.784 - Application: "CarServer" stopped in app domain: 5 (abort existing connections)
19100: 00:06:37.784 - Application: "CarServer" restart complete.
10032: 00:06:37.829 - CManagedHost::OnDefaultAction() - OPR_AppDomainUnload - eUnloadAppDomain
14668: 00:06:37.838 - Unloading Domain: ApplicationName = 'CarServer', DomainId='5'
10032: 00:06:37.843 - CManagedHost::OnDomainUnload() - 5
19100: 00:07:53.273 - Restarting application: "CarServer" due to file changes
19100: 00:07:53.273 - Application: "CarServer" restart request (abort existing connections)
19100: 00:07:53.512 - Taking reference on default app domain
19100: 00:07:53.751 - Application: "CarServer" started in app domain: 7
19100: 00:07:53.922 - RequestApplicationStop: 6
19100: 00:07:53.947 - Application: "CarServer" stopped in app domain: 6 (abort existing connections)
19100: 00:07:53.947 - Application: "CarServer" restart complete.
10032: 00:07:53.984 - CManagedHost::OnDefaultAction() - OPR_AppDomainUnload - eUnloadAppDomain
14668: 00:07:53.993 - Unloading Domain: ApplicationName = 'CarServer', DomainId='6'
10032: 00:07:54.000 - CManagedHost::OnDomainUnload() - 6
10040: 00:08:04.882 - Service is stopped...
10040: 00:08:04.882 - Server shutting down...
10040: 00:08:04.882 - Shutdown monitoring enabled, 30000ms before process abort
10040: 00:08:04.882 - Notifying CLR applications of shutdown...
10040: 00:08:04.882 - RequestApplicationStop: 7
10040: 00:08:04.913 - RequestStop: defalt app domain
10040: 00:08:04.925 - Shutting down WebSocket Outbound Connection Manager...
10040: 00:08:04.925 - Shutting down TCP Outbound Connection Manager...
10040: 00:08:04.925 - Shutting down ENet Outbound Connection Manager...
10040: 00:08:04.925 - Disconnecting all outbound peers...
10040: 00:08:04.925 - Shutting down ENet host...
10040: 00:08:04.925 - Disconnecting all peers...
10040: 00:08:04.925 - Shutting down socket servers...
10040: 00:08:04.925 - Shutting down ENet thread pool...
10040: 00:08:04.925 - Shutting down TCP inactivity timers...
10040: 00:08:04.926 - WaitingForShutdownToComplete: TCP:0.0.0.0:4530
10040: 00:08:04.926 - OnShutdownCompleted: TCP:0.0.0.0:4530
10040: 00:08:04.926 - WaitingForShutdownToComplete: UDP:127.0.0.1:5055
10040: 00:08:04.926 - OnShutdownCompleted: UDP:127.0.0.1:5055
10040: 00:08:04.926 - WaitingForShutdownToComplete: UDP:192.168.133.1:5055
10040: 00:08:04.926 - OnShutdownCompleted: UDP:192.168.133.1:5055
10040: 00:08:04.926 - WaitingForShutdownToComplete: UDP:192.168.137.1:5055
10040: 00:08:04.926 - OnShutdownCompleted: UDP:192.168.137.1:5055
10040: 00:08:04.926 - WaitingForShutdownToComplete: UDP:192.168.40.1:5055
10040: 00:08:04.926 - OnShutdownCompleted: UDP:192.168.40.1:5055
10040: 00:08:04.926 - WaitingForShutdownToComplete: UDP:192.168.43.107:5055
10040: 00:08:04.926 - OnShutdownCompleted: UDP:192.168.43.107:5055
10040: 00:08:04.926 - Shutting down CLR applications...
10040: 00:08:04.962 - Shutting down business logic thread pool...
10032: 00:08:04.962 - CManagedHost::OnDefaultAction() - OPR_AppDomainUnload - eUnloadAppDomain
10040: 00:08:04.962 - Shutting down I/O thread pool...
10040: 00:08:04.962 - Destroying servers
10040: 00:08:04.963 - Destroying WebSocket Outbound Connection Manager
10040: 00:08:04.963 - Destroying TCP Outbound Connection Manager
10040: 00:08:04.963 - Destroying TCP inactivity timer
10040: 00:08:04.963 - Destroying ENet timer wheel
10040: 00:08:04.963 - Destroying ENet host
10040: 00:08:04.963 - Destroying ENet outbound host
10040: 00:08:04.963 - Destroying HTTP inactivity timer
10040: 00:08:04.963 - Destroying HTTP host
10040: 00:08:04.963 - Destroying HTTP Chunk host
10040: 00:08:04.963 - Flushing ENET buffer allocator...
10040: 00:08:04.965 - Flushing TCP buffer handle allocator...
10040: 00:08:04.965 - Flushing stream socket allocator...
10040: 00:08:04.965 - Flushing inbound datagram socket allocator...
10040: 00:08:04.966 - Flushing outbound datagram socket allocator...
10040: 00:08:04.966 - Destroying CLR dispatcher
10040: 00:08:04.966 - Destroying CLR applications
10040: 00:08:04.966 - ~CCLRApplicationCollection() - Waiting up to 10 seconds for the CLR to release all of our objects
14668: 00:08:04.975 - Unloading Domain: ApplicationName = 'CarServer', DomainId='7'
10032: 00:08:04.975 - CManagedHost::OnDomainUnload() - 7
10040: 00:08:04.978 - ~CCLRApplicationCollection() - Done. All objects released
10040: 00:08:04.979 - ~CManagedHost() - Release default app domain
10040: 00:08:04.979 - CManagedHost::OnDomainUnload() - 1
10040: 00:08:04.979 - ~CManagedHost() - Waiting up to 10 seconds for CLR shutdown...
10040: 00:08:04.979 - ~CManagedHost
10040: 00:08:04.979 - Destroying ENet thread pool
10040: 00:08:04.979 - Destroying Business logic thread pool
10040: 00:08:04.979 - Destroying I/O thread pool
10040: 00:08:04.979 - Destroying ENet buffer allocator
10040: 00:08:04.979 - Destroying TCP buffer allocator
10040: 00:08:04.979 - Destroying TCP socket allocator
10040: 00:08:04.979 - Destroying ENet inbound socket allocator
10040: 00:08:04.979 - Destroying ENet outbound socket allocator
10040: 00:08:04.979 - Destroying shared datagram flow control data
10040: 00:08:04.979 - Shutdown complete...
10040: 00:08:04.979 - Service shutting down
10040: 00:08:04.981 - Service shut down complete
7192: 00:08:09.669 - ---
7192: 00:08:09.669 - Service: "Photon Socket Server" starting
7192: 00:08:09.669 - Config File: C:\Users\94910\Desktop\Car\Server\Photon-OnPremise-Server-SDK_v4-0-29-11263\deploy\bin_Win64\PhotonServer.config
7192: 00:08:09.670 - Will produce at most: 10 crash dumps
7192: 00:08:09.670 - Action: run as exe
7192: 00:08:09.670 - Server Starting...
7192: 00:08:09.670 -    Tick count: 51700640 (wraps in: 49.1119 days)
7192: 00:08:09.670 - Tick count 64: 51700640
7192: 00:08:09.671 - Photon Version: 4.0.28.2962
7192: 00:08:09.671 - PID: 9644
7192: 00:08:09.671 - Config File: C:\Users\94910\Desktop\Car\Server\Photon-OnPremise-Server-SDK_v4-0-29-11263\deploy\bin_Win64\PhotonServer.config
7192: 00:08:09.671 - Will NOT log unimportant exceptions
7192: 00:08:09.673 - Not using performance counters as they are not currently installed. Run the service with /InstallCounters to install them.
7192: 00:08:09.673 - Shutdown timeout enabled: 30000ms
7192: 00:08:09.673 - Starting I/O thread pool with 2 threads
7192: 00:08:09.673 - Using Standard allocator
7192: 00:08:09.673 - Max message size: 512000
7192: 00:08:09.673 - Starting business logic thread pool with the following settings
7192: 00:08:09.673 - InitialThreads: 4 threads
7192: 00:08:09.673 - MinThreads: 4 threads
7192: 00:08:09.673 - Thread pool is fixed size
7192: 00:08:09.673 - Starting ENet thread pool with the following settings
7192: 00:08:09.673 - InitialThreads: 2 threads
7192: 00:08:09.673 - MinThreads: 2 threads
7192: 00:08:09.673 - Thread pool is fixed size
7192: 00:08:09.673 - OnlyDispatchTimers: False
7192: 00:08:09.673 - S2S: flow control: Max pending writes: 50
7192: 00:08:09.673 - S2S: flow control: Max queued buffers: 200
7192: 00:08:09.673 - S2S: flow control: Max pending writes MUX: 500
7192: 00:08:09.673 - S2S: flow control: Max queued buffers MUX: 2000
7192: 00:08:09.673 - S2S: MaxInboundMessageSize: 512000
7192: 00:08:09.673 - S2S: MaxOutboundMessageSize: 512000
7192: 00:08:09.673 - S2S: No inactivity timeout
7192: 00:08:09.676 - WebSocket S2S: MaxInboundMessageSize: 512000
7192: 00:08:09.676 - WebSocket S2S: MaxOutboundMessageSize: 512000
7192: 00:08:09.676 - WebSocket S2S: No inactivity timeout
7192: 00:08:09.676 - Max Reliable Data In Transit (awaiting ACKs) per peer : 51200 bytes
7192: 00:08:09.676 - Per peer bandwidth limit
7192: 00:08:09.676 - Transmit Rate Limit: 256 KB/Sec
7192: 00:08:09.676 - Limit period: 200ms
7192: 00:08:09.676 - Limit per period: 52428 bytes
7192: 00:08:09.676 - Max queued data for transmission per peer: 512000 bytes
7192: 00:08:09.676 - Minimum retransmit timeout: 200
7192: 00:08:09.676 - No Maximum retransmit timeout
7192: 00:08:09.676 - Minimum ENet timeout: 5000ms
7192: 00:08:09.676 - Maximum ENet timeout: 30000ms
7192: 00:08:09.676 - Max Inbound Reliable Data Queued (awaiting resends of earlier sequence numbers) per peer : 163840 bytes
7192: 00:08:09.676 - No RTT ACK adjustment timeout
7192: 00:08:09.676 - Outbound ENet: MaxInboundMessageSize: 512000
7192: 00:08:09.676 - Outbound ENet: MaxOutboundMessageSize: 512000
7192: 00:08:09.678 - GetRuntime - About to load CLR - versions available:
7192: 00:08:09.678 - v2.0.50727
7192: 00:08:09.678 - v4.0.30319
7192: 00:08:09.678 - Configuration requests: "v2.0.50727"
7192: 00:08:09.678 - About to load version: "v2.0.50727"
7192: 00:08:09.681 - About to load runtime: PhotonHostRuntime.PhotonDomainManager from PhotonHostRuntime, Culture=neutral, PublicKeyToken=02C301B61B060C4D
7192: 00:08:09.682 - CLRBaseDirectory set to "C:\Users\94910\Desktop\Car\Server\Photon-OnPremise-Server-SDK_v4-0-29-11263\deploy"
7192: 00:08:09.682 - Optimising event broadcast for 20 or more peers
7192: 00:08:09.682 - Start: About to load CLR - versions available:
7192: 00:08:09.682 - v2.0.50727
7192: 00:08:09.682 - v4.0.30319
7192: 00:08:09.682 - No preference in configuration file, will load latest.
7192: 00:08:09.682 - About to load version: "v4.0.30319"
7192: 00:08:09.684 - Loaded version: "v4.0.30319"
7192: 00:08:09.860 - Photon host runtime loaded
7192: 00:08:11.884 - License is valid.
7192: 00:08:11.884 - Licensed for 100 concurrent connections.
7192: 00:08:11.884 - ENet: Max Reliable Data In Transit (awaiting ACKs) per peer : 51200 bytes
7192: 00:08:11.884 - ENet: Per peer bandwidth limit
7192: 00:08:11.884 - ENet: Transmit Rate Limit: 256 KB/Sec
7192: 00:08:11.884 - ENet: Limit period: 200ms
7192: 00:08:11.884 - ENet: Limit per period: 52428 bytes
7192: 00:08:11.884 - ENet: Max queued data for transmission per peer: 512000 bytes
7192: 00:08:11.884 - ENet: Minimum retransmit timeout: 200
7192: 00:08:11.884 - No Maximum retransmit timeout
7192: 00:08:11.884 - ENet: Minimum timeout: 5000ms
7192: 00:08:11.884 - ENet: Maximum timeout: 30000ms
7192: 00:08:11.884 - ENet: Max Inbound Reliable Data Queued (awaiting resends of earlier sequence numbers) per peer : 163840 bytes
7192: 00:08:11.884 - No RTT ACK adjustment timeout
7192: 00:08:11.884 - About to load application: CarServer from CarServer
7192: 00:08:11.884 - Auto restart is enabled for application, existing connections will be terminated during restart
7192: 00:08:11.884 - Application will restart 1000ms after the last change detected
7192: 00:08:11.884 - Application will restart if files matching the following are changed: "dll;config"
7192: 00:08:11.884 - Application will NOT restart if files matching the following are changed: "log4net.config"
7192: 00:08:12.100 - Taking reference on default app domain
7192: 00:08:12.294 - Application: "CarServer" started in app domain: 2
7192: 00:08:12.295 - Adding TCP listener on: 0.0.0.0: 4530 with a listen backlog of: 150
7192: 00:08:12.295 - TCP inactivity timeout: 10000ms
7192: 00:08:12.295 - TCP disconnect timeout: 120000ms
7192: 00:08:12.295 - MaxInboundMessageSize: 512000
7192: 00:08:12.295 - MaxOutboundMessageSize: 512000
7192: 00:08:12.295 - Forcing all applications ids to: "CarServer"
7192: 00:08:12.295 - Serving policy file requests from: "C:\Users\94910\Desktop\Car\Server\Photon-OnPremise-Server-SDK_v4-0-29-11263\deploy\Policy\assets\socket-policy.xml"
7192: 00:08:12.295 - Forcing all applications ids to: "CarServer"
7192: 00:08:12.295 - MaxInboundMessageSize: 512000
7192: 00:08:12.295 - MaxOutboundMessageSize: 512000
7192: 00:08:12.295 - UDP address specified as: "0.0.0.0" adding listener to each available IPv4 address
7192: 00:08:12.296 - Adding UDP listener on: 192.168.40.1: 5055 with a listen backlog of: 500
7192: 00:08:12.296 - Adding UDP listener on: 192.168.133.1: 5055 with a listen backlog of: 500
7192: 00:08:12.296 - Adding UDP listener on: 192.168.137.1: 5055 with a listen backlog of: 500
7192: 00:08:12.296 - Adding UDP listener on: 192.168.43.107: 5055 with a listen backlog of: 500
7192: 00:08:12.296 - Adding UDP listener on: 127.0.0.1: 5055 with a listen backlog of: 500
7192: 00:08:12.320 - Service is running...
21924: 00:09:06.833 - Restarting application: "CarServer" due to file changes
21924: 00:09:06.833 - Application: "CarServer" restart request (abort existing connections)
21924: 00:09:07.099 - Taking reference on default app domain
21924: 00:09:07.344 - Application: "CarServer" started in app domain: 3
21924: 00:09:07.538 - RequestApplicationStop: 2
21924: 00:09:07.577 - Application: "CarServer" stopped in app domain: 2 (abort existing connections)
21924: 00:09:07.577 - Application: "CarServer" restart complete.
13364: 00:09:07.629 - CManagedHost::OnDefaultAction() - OPR_AppDomainUnload - eUnloadAppDomain
18460: 00:09:07.640 - Unloading Domain: ApplicationName = 'CarServer', DomainId='2'
13364: 00:09:07.647 - CManagedHost::OnDomainUnload() - 2
21924: 00:11:04.977 - Restarting application: "CarServer" due to file changes
21924: 00:11:04.977 - Application: "CarServer" restart request (abort existing connections)
21924: 00:11:05.193 - Taking reference on default app domain
21924: 00:11:05.407 - Application: "CarServer" started in app domain: 4
21924: 00:11:05.589 - RequestApplicationStop: 3
21924: 00:11:05.615 - Application: "CarServer" stopped in app domain: 3 (abort existing connections)
21924: 00:11:05.615 - Application: "CarServer" restart complete.
13364: 00:11:05.653 - CManagedHost::OnDefaultAction() - OPR_AppDomainUnload - eUnloadAppDomain
18460: 00:11:05.659 - Unloading Domain: ApplicationName = 'CarServer', DomainId='3'
13364: 00:11:05.663 - CManagedHost::OnDomainUnload() - 3
21924: 00:11:48.504 - Restarting application: "CarServer" due to file changes
21924: 00:11:48.504 - Application: "CarServer" restart request (abort existing connections)
21924: 00:11:48.772 - Taking reference on default app domain
21924: 00:11:48.994 - Application: "CarServer" started in app domain: 5
21924: 00:11:49.186 - RequestApplicationStop: 4
21924: 00:11:49.211 - Application: "CarServer" stopped in app domain: 4 (abort existing connections)
21924: 00:11:49.211 - Application: "CarServer" restart complete.
13364: 00:11:49.247 - CManagedHost::OnDefaultAction() - OPR_AppDomainUnload - eUnloadAppDomain
18460: 00:11:49.256 - Unloading Domain: ApplicationName = 'CarServer', DomainId='4'
13364: 00:11:49.261 - CManagedHost::OnDomainUnload() - 4
21924: 00:12:20.489 - Restarting application: "CarServer" due to file changes
21924: 00:12:20.489 - Application: "CarServer" restart request (abort existing connections)
21924: 00:12:20.734 - Taking reference on default app domain
21924: 00:12:20.972 - Application: "CarServer" started in app domain: 6
21924: 00:12:21.153 - RequestApplicationStop: 5
21924: 00:12:21.188 - Application: "CarServer" stopped in app domain: 5 (abort existing connections)
21924: 00:12:21.188 - Application: "CarServer" restart complete.
13364: 00:12:21.266 - CManagedHost::OnDefaultAction() - OPR_AppDomainUnload - eUnloadAppDomain
18460: 00:12:21.278 - Unloading Domain: ApplicationName = 'CarServer', DomainId='5'
13364: 00:12:21.284 - CManagedHost::OnDomainUnload() - 5
21924: 00:39:32.132 - Restarting application: "CarServer" due to file changes
21924: 00:39:32.132 - Application: "CarServer" restart request (abort existing connections)
21924: 00:39:32.365 - Taking reference on default app domain
21924: 00:39:32.564 - Application: "CarServer" started in app domain: 7
21924: 00:39:32.747 - RequestApplicationStop: 6
21924: 00:39:32.820 - Application: "CarServer" stopped in app domain: 6 (abort existing connections)
21924: 00:39:32.820 - Application: "CarServer" restart complete.
13364: 00:39:32.820 - CManagedHost::OnDefaultAction() - OPR_AppDomainUnload - eUnloadAppDomain
18460: 00:39:32.830 - Unloading Domain: ApplicationName = 'CarServer', DomainId='6'
13364: 00:39:32.833 - CManagedHost::OnDomainUnload() - 6
